{"C:\\Users\\thinh\\Documents\\GitHub\\APP-PUBLIC\\Lofy\\app\\_layout.tsx": {"path":"C:\\Users\\thinh\\Documents\\GitHub\\APP-PUBLIC\\Lofy\\app\\_layout.tsx","statementMap":{"0":{"start":{"line":2,"column":0},"end":{"line":2,"column":36}},"1":{"start":{"line":3,"column":0},"end":{"line":3,"column":66}},"2":{"start":{"line":5,"column":0},"end":{"line":5,"column":47}},"3":{"start":{"line":7,"column":0},"end":{"line":22,"column":3}},"4":{"start":{"line":25,"column":2},"end":{"line":53,"column":4}},"5":{"start":{"line":56,"column":0},"end":{"line":56,"column":39}}},"fnMap":{"0":{"name":"RootLayout","decl":{"start":{"line":24,"column":9},"end":{"line":24,"column":19}},"loc":{"start":{"line":24,"column":19},"end":{"line":54,"column":1}}}},"branchMap":{},"s":{"0":0,"1":0,"2":0,"3":0,"4":0,"5":0},"f":{"0":0},"b":{}}
,"C:\\Users\\thinh\\Documents\\GitHub\\APP-PUBLIC\\Lofy\\app\\index.tsx": {"path":"C:\\Users\\thinh\\Documents\\GitHub\\APP-PUBLIC\\Lofy\\app\\index.tsx","statementMap":{"0":{"start":{"line":23,"column":0},"end":{"line":23,"column":24}},"1":{"start":{"line":1,"column":0},"end":{"line":1,"column":47}},"2":{"start":{"line":2,"column":0},"end":{"line":2,"column":55}},"3":{"start":{"line":3,"column":0},"end":{"line":3,"column":44}},"4":{"start":{"line":4,"column":0},"end":{"line":4,"column":49}},"5":{"start":{"line":5,"column":0},"end":{"line":5,"column":68}},"6":{"start":{"line":6,"column":0},"end":{"line":6,"column":52}},"7":{"start":{"line":7,"column":0},"end":{"line":7,"column":39}},"8":{"start":{"line":8,"column":0},"end":{"line":8,"column":49}},"9":{"start":{"line":9,"column":0},"end":{"line":9,"column":33}},"10":{"start":{"line":10,"column":0},"end":{"line":10,"column":39}},"11":{"start":{"line":12,"column":0},"end":{"line":21,"column":3}},"12":{"start":{"line":13,"column":35},"end":{"line":20,"column":4}},"13":{"start":{"line":24,"column":36},"end":{"line":24,"column":50}},"14":{"start":{"line":25,"column":38},"end":{"line":25,"column":53}},"15":{"start":{"line":28,"column":32},"end":{"line":52,"column":3}},"16":{"start":{"line":29,"column":4},"end":{"line":51,"column":5}},"17":{"start":{"line":30,"column":19},"end":{"line":30,"column":54}},"18":{"start":{"line":31,"column":6},"end":{"line":46,"column":7}},"19":{"start":{"line":33,"column":8},"end":{"line":45,"column":9}},"20":{"start":{"line":34,"column":31},"end":{"line":34,"column":48}},"21":{"start":{"line":35,"column":22},"end":{"line":35,"column":40}},"22":{"start":{"line":36,"column":10},"end":{"line":39,"column":11}},"23":{"start":{"line":37,"column":12},"end":{"line":37,"column":51}},"24":{"start":{"line":38,"column":12},"end":{"line":38,"column":24}},"25":{"start":{"line":40,"column":10},"end":{"line":40,"column":24}},"26":{"start":{"line":42,"column":10},"end":{"line":42,"column":54}},"27":{"start":{"line":43,"column":10},"end":{"line":43,"column":49}},"28":{"start":{"line":44,"column":10},"end":{"line":44,"column":22}},"29":{"start":{"line":47,"column":6},"end":{"line":47,"column":18}},"30":{"start":{"line":49,"column":6},"end":{"line":49,"column":43}},"31":{"start":{"line":50,"column":6},"end":{"line":50,"column":18}},"32":{"start":{"line":55,"column":28},"end":{"line":81,"column":3}},"33":{"start":{"line":56,"column":4},"end":{"line":80,"column":5}},"34":{"start":{"line":57,"column":25},"end":{"line":57,"column":70}},"35":{"start":{"line":58,"column":6},"end":{"line":58,"column":39}},"36":{"start":{"line":58,"column":32},"end":{"line":58,"column":39}},"37":{"start":{"line":61,"column":8},"end":{"line":62,"column":51}},"38":{"start":{"line":64,"column":6},"end":{"line":67,"column":7}},"39":{"start":{"line":65,"column":8},"end":{"line":65,"column":49}},"40":{"start":{"line":66,"column":8},"end":{"line":66,"column":15}},"41":{"start":{"line":69,"column":24},"end":{"line":71,"column":8}},"42":{"start":{"line":73,"column":6},"end":{"line":73,"column":64}},"43":{"start":{"line":75,"column":6},"end":{"line":77,"column":13}},"44":{"start":{"line":79,"column":6},"end":{"line":79,"column":48}},"45":{"start":{"line":85,"column":24},"end":{"line":109,"column":3}},"46":{"start":{"line":86,"column":4},"end":{"line":108,"column":5}},"47":{"start":{"line":87,"column":65},"end":{"line":87,"column":88}},"48":{"start":{"line":89,"column":18},"end":{"line":89,"column":43}},"49":{"start":{"line":90,"column":23},"end":{"line":90,"column":48}},"50":{"start":{"line":92,"column":6},"end":{"line":92,"column":18}},"51":{"start":{"line":95,"column":6},"end":{"line":98,"column":7}},"52":{"start":{"line":96,"column":26},"end":{"line":96,"column":86}},"53":{"start":{"line":96,"column":71},"end":{"line":96,"column":85}},"54":{"start":{"line":97,"column":8},"end":{"line":97,"column":38}},"55":{"start":{"line":101,"column":6},"end":{"line":101,"column":34}},"56":{"start":{"line":102,"column":6},"end":{"line":102,"column":28}},"57":{"start":{"line":103,"column":6},"end":{"line":103,"column":50}},"58":{"start":{"line":104,"column":6},"end":{"line":104,"column":18}},"59":{"start":{"line":106,"column":6},"end":{"line":106,"column":57}},"60":{"start":{"line":107,"column":6},"end":{"line":107,"column":19}},"61":{"start":{"line":111,"column":2},"end":{"line":142,"column":9}},"62":{"start":{"line":112,"column":27},"end":{"line":139,"column":5}},"63":{"start":{"line":114,"column":29},"end":{"line":114,"column":73}},"64":{"start":{"line":115,"column":20},"end":{"line":115,"column":61}},"65":{"start":{"line":117,"column":6},"end":{"line":120,"column":7}},"66":{"start":{"line":118,"column":8},"end":{"line":118,"column":40}},"67":{"start":{"line":119,"column":8},"end":{"line":119,"column":15}},"68":{"start":{"line":122,"column":6},"end":{"line":135,"column":7}},"69":{"start":{"line":123,"column":8},"end":{"line":123,"column":58}},"70":{"start":{"line":124,"column":27},"end":{"line":124,"column":48}},"71":{"start":{"line":126,"column":8},"end":{"line":132,"column":9}},"72":{"start":{"line":127,"column":10},"end":{"line":127,"column":30}},"73":{"start":{"line":128,"column":10},"end":{"line":128,"column":30}},"74":{"start":{"line":131,"column":10},"end":{"line":131,"column":31}},"75":{"start":{"line":134,"column":8},"end":{"line":134,"column":29}},"76":{"start":{"line":138,"column":6},"end":{"line":138,"column":26}},"77":{"start":{"line":141,"column":4},"end":{"line":141,"column":21}},"78":{"start":{"line":146,"column":2},"end":{"line":152,"column":3}},"79":{"start":{"line":147,"column":4},"end":{"line":151,"column":6}},"80":{"start":{"line":154,"column":2},"end":{"line":156,"column":3}},"81":{"start":{"line":155,"column":4},"end":{"line":155,"column":39}},"82":{"start":{"line":158,"column":2},"end":{"line":158,"column":41}}},"fnMap":{"0":{"name":"(anonymous_10)","decl":{"start":{"line":13,"column":22},"end":{"line":13,"column":27}},"loc":{"start":{"line":13,"column":35},"end":{"line":20,"column":4}}},"1":{"name":"StartPage","decl":{"start":{"line":23,"column":24},"end":{"line":23,"column":33}},"loc":{"start":{"line":23,"column":33},"end":{"line":159,"column":1}}},"2":{"name":"(anonymous_12)","decl":{"start":{"line":28,"column":32},"end":{"line":28,"column":37}},"loc":{"start":{"line":28,"column":51},"end":{"line":52,"column":3}}},"3":{"name":"(anonymous_13)","decl":{"start":{"line":55,"column":28},"end":{"line":55,"column":33}},"loc":{"start":{"line":55,"column":39},"end":{"line":81,"column":3}}},"4":{"name":"(anonymous_14)","decl":{"start":{"line":85,"column":24},"end":{"line":85,"column":29}},"loc":{"start":{"line":85,"column":35},"end":{"line":109,"column":3}}},"5":{"name":"(anonymous_15)","decl":{"start":{"line":96,"column":56},"end":{"line":96,"column":57}},"loc":{"start":{"line":96,"column":71},"end":{"line":96,"column":85}}},"6":{"name":"(anonymous_16)","decl":{"start":{"line":111,"column":12},"end":{"line":111,"column":15}},"loc":{"start":{"line":111,"column":17},"end":{"line":142,"column":3}}},"7":{"name":"(anonymous_17)","decl":{"start":{"line":112,"column":27},"end":{"line":112,"column":32}},"loc":{"start":{"line":112,"column":38},"end":{"line":139,"column":5}}}},"branchMap":{"0":{"loc":{"start":{"line":31,"column":6},"end":{"line":46,"column":7}},"type":"if","locations":[{"start":{"line":31,"column":6},"end":{"line":46,"column":7}}]},"1":{"loc":{"start":{"line":36,"column":10},"end":{"line":39,"column":11}},"type":"if","locations":[{"start":{"line":36,"column":10},"end":{"line":39,"column":11}}]},"2":{"loc":{"start":{"line":58,"column":6},"end":{"line":58,"column":39}},"type":"if","locations":[{"start":{"line":58,"column":6},"end":{"line":58,"column":39}}]},"3":{"loc":{"start":{"line":61,"column":8},"end":{"line":62,"column":51}},"type":"binary-expr","locations":[{"start":{"line":61,"column":8},"end":{"line":61,"column":38}},{"start":{"line":62,"column":8},"end":{"line":62,"column":51}}]},"4":{"loc":{"start":{"line":64,"column":6},"end":{"line":67,"column":7}},"type":"if","locations":[{"start":{"line":64,"column":6},"end":{"line":67,"column":7}}]},"5":{"loc":{"start":{"line":90,"column":23},"end":{"line":90,"column":48}},"type":"cond-expr","locations":[{"start":{"line":90,"column":34},"end":{"line":90,"column":42}},{"start":{"line":90,"column":45},"end":{"line":90,"column":48}}]},"6":{"loc":{"start":{"line":95,"column":6},"end":{"line":98,"column":7}},"type":"if","locations":[{"start":{"line":95,"column":6},"end":{"line":98,"column":7}}]},"7":{"loc":{"start":{"line":117,"column":6},"end":{"line":120,"column":7}},"type":"if","locations":[{"start":{"line":117,"column":6},"end":{"line":120,"column":7}}]},"8":{"loc":{"start":{"line":117,"column":10},"end":{"line":117,"column":54}},"type":"binary-expr","locations":[{"start":{"line":117,"column":10},"end":{"line":117,"column":25}},{"start":{"line":117,"column":29},"end":{"line":117,"column":54}}]},"9":{"loc":{"start":{"line":122,"column":6},"end":{"line":135,"column":7}},"type":"if","locations":[{"start":{"line":122,"column":6},"end":{"line":135,"column":7}},{"start":{"line":133,"column":13},"end":{"line":135,"column":7}}]},"10":{"loc":{"start":{"line":126,"column":8},"end":{"line":132,"column":9}},"type":"if","locations":[{"start":{"line":126,"column":8},"end":{"line":132,"column":9}},{"start":{"line":129,"column":15},"end":{"line":132,"column":9}}]},"11":{"loc":{"start":{"line":146,"column":2},"end":{"line":152,"column":3}},"type":"if","locations":[{"start":{"line":146,"column":2},"end":{"line":152,"column":3}}]},"12":{"loc":{"start":{"line":154,"column":2},"end":{"line":156,"column":3}},"type":"if","locations":[{"start":{"line":154,"column":2},"end":{"line":156,"column":3}}]}},"s":{"0":0,"1":0,"2":0,"3":0,"4":0,"5":0,"6":0,"7":0,"8":0,"9":0,"10":0,"11":0,"12":0,"13":0,"14":0,"15":0,"16":0,"17":0,"18":0,"19":0,"20":0,"21":0,"22":0,"23":0,"24":0,"25":0,"26":0,"27":0,"28":0,"29":0,"30":0,"31":0,"32":0,"33":0,"34":0,"35":0,"36":0,"37":0,"38":0,"39":0,"40":0,"41":0,"42":0,"43":0,"44":0,"45":0,"46":0,"47":0,"48":0,"49":0,"50":0,"51":0,"52":0,"53":0,"54":0,"55":0,"56":0,"57":0,"58":0,"59":0,"60":0,"61":0,"62":0,"63":0,"64":0,"65":0,"66":0,"67":0,"68":0,"69":0,"70":0,"71":0,"72":0,"73":0,"74":0,"75":0,"76":0,"77":0,"78":0,"79":0,"80":0,"81":0,"82":0},"f":{"0":0,"1":0,"2":0,"3":0,"4":0,"5":0,"6":0,"7":0},"b":{"0":[0],"1":[0],"2":[0],"3":[0,0],"4":[0],"5":[0,0],"6":[0],"7":[0],"8":[0,0],"9":[0,0],"10":[0,0],"11":[0],"12":[0]}}
,"C:\\Users\\thinh\\Documents\\GitHub\\APP-PUBLIC\\Lofy\\app\\(tabs)\\_layout.tsx": {"path":"C:\\Users\\thinh\\Documents\\GitHub\\APP-PUBLIC\\Lofy\\app\\(tabs)\\_layout.tsx","statementMap":{"0":{"start":{"line":9,"column":0},"end":{"line":9,"column":24}},"1":{"start":{"line":1,"column":0},"end":{"line":1,"column":35}},"2":{"start":{"line":2,"column":0},"end":{"line":2,"column":54}},"3":{"start":{"line":3,"column":0},"end":{"line":3,"column":46}},"4":{"start":{"line":4,"column":0},"end":{"line":4,"column":37}},"5":{"start":{"line":5,"column":0},"end":{"line":5,"column":33}},"6":{"start":{"line":6,"column":0},"end":{"line":6,"column":49}},"7":{"start":{"line":7,"column":0},"end":{"line":7,"column":49}},"8":{"start":{"line":10,"column":2},"end":{"line":16,"column":9}},"9":{"start":{"line":11,"column":4},"end":{"line":15,"column":7}},"10":{"start":{"line":12,"column":6},"end":{"line":14,"column":7}},"11":{"start":{"line":13,"column":8},"end":{"line":13,"column":38}},"12":{"start":{"line":19,"column":2},"end":{"line":114,"column":4}},"13":{"start":{"line":38,"column":10},"end":{"line":55,"column":null}},"14":{"start":{"line":39,"column":27},"end":{"line":39,"column":55}},"15":{"start":{"line":80,"column":12},"end":{"line":84,"column":null}},"16":{"start":{"line":87,"column":12},"end":{"line":87,"column":89}},"17":{"start":{"line":97,"column":12},"end":{"line":97,"column":97}},"18":{"start":{"line":107,"column":12},"end":{"line":107,"column":97}}},"fnMap":{"0":{"name":"TabLayout","decl":{"start":{"line":9,"column":24},"end":{"line":9,"column":33}},"loc":{"start":{"line":9,"column":33},"end":{"line":115,"column":1}}},"1":{"name":"(anonymous_10)","decl":{"start":{"line":10,"column":12},"end":{"line":10,"column":15}},"loc":{"start":{"line":10,"column":17},"end":{"line":16,"column":3}}},"2":{"name":"(anonymous_11)","decl":{"start":{"line":11,"column":48},"end":{"line":11,"column":53}},"loc":{"start":{"line":11,"column":56},"end":{"line":15,"column":5}}},"3":{"name":"(anonymous_12)","decl":{"start":{"line":37,"column":21},"end":{"line":37,"column":24}},"loc":{"start":{"line":38,"column":10},"end":{"line":55,"column":null}}},"4":{"name":"(anonymous_13)","decl":{"start":{"line":39,"column":21},"end":{"line":39,"column":24}},"loc":{"start":{"line":39,"column":27},"end":{"line":39,"column":55}}},"5":{"name":"(anonymous_14)","decl":{"start":{"line":79,"column":23},"end":{"line":79,"column":26}},"loc":{"start":{"line":80,"column":12},"end":{"line":84,"column":null}}},"6":{"name":"(anonymous_15)","decl":{"start":{"line":86,"column":22},"end":{"line":86,"column":23}},"loc":{"start":{"line":87,"column":12},"end":{"line":87,"column":89}}},"7":{"name":"(anonymous_16)","decl":{"start":{"line":96,"column":22},"end":{"line":96,"column":23}},"loc":{"start":{"line":97,"column":12},"end":{"line":97,"column":97}}},"8":{"name":"(anonymous_17)","decl":{"start":{"line":106,"column":22},"end":{"line":106,"column":23}},"loc":{"start":{"line":107,"column":12},"end":{"line":107,"column":97}}}},"branchMap":{"0":{"loc":{"start":{"line":12,"column":6},"end":{"line":14,"column":7}},"type":"if","locations":[{"start":{"line":12,"column":6},"end":{"line":14,"column":7}}]},"1":{"loc":{"start":{"line":87,"column":28},"end":{"line":87,"column":61}},"type":"cond-expr","locations":[{"start":{"line":87,"column":38},"end":{"line":87,"column":44}},{"start":{"line":87,"column":47},"end":{"line":87,"column":61}}]},"2":{"loc":{"start":{"line":97,"column":28},"end":{"line":97,"column":69}},"type":"cond-expr","locations":[{"start":{"line":97,"column":38},"end":{"line":97,"column":48}},{"start":{"line":97,"column":51},"end":{"line":97,"column":69}}]},"3":{"loc":{"start":{"line":107,"column":28},"end":{"line":107,"column":69}},"type":"cond-expr","locations":[{"start":{"line":107,"column":38},"end":{"line":107,"column":48}},{"start":{"line":107,"column":51},"end":{"line":107,"column":69}}]}},"s":{"0":0,"1":0,"2":0,"3":0,"4":0,"5":0,"6":0,"7":0,"8":0,"9":0,"10":0,"11":0,"12":0,"13":0,"14":0,"15":0,"16":0,"17":0,"18":0},"f":{"0":0,"1":0,"2":0,"3":0,"4":0,"5":0,"6":0,"7":0,"8":0},"b":{"0":[0],"1":[0,0],"2":[0,0],"3":[0,0]}}
,"C:\\Users\\thinh\\Documents\\GitHub\\APP-PUBLIC\\Lofy\\app\\(tabs)\\archived.tsx": {"path":"C:\\Users\\thinh\\Documents\\GitHub\\APP-PUBLIC\\Lofy\\app\\(tabs)\\archived.tsx","statementMap":{"0":{"start":{"line":542,"column":0},"end":{"line":542,"column":24}},"1":{"start":{"line":2,"column":0},"end":{"line":2,"column":31}},"2":{"start":{"line":3,"column":0},"end":{"line":3,"column":46}},"3":{"start":{"line":4,"column":0},"end":{"line":4,"column":null}},"4":{"start":{"line":15,"column":0},"end":{"line":15,"column":95}},"5":{"start":{"line":16,"column":0},"end":{"line":16,"column":46}},"6":{"start":{"line":17,"column":0},"end":{"line":17,"column":53}},"7":{"start":{"line":18,"column":0},"end":{"line":18,"column":33}},"8":{"start":{"line":19,"column":0},"end":{"line":19,"column":58}},"9":{"start":{"line":62,"column":14},"end":{"line":62,"column":53}},"10":{"start":{"line":63,"column":16},"end":{"line":63,"column":60}},"11":{"start":{"line":64,"column":15},"end":{"line":64,"column":33}},"12":{"start":{"line":66,"column":16},"end":{"line":66,"column":56}},"13":{"start":{"line":67,"column":18},"end":{"line":67,"column":60}},"14":{"start":{"line":69,"column":2},"end":{"line":69,"column":55}},"15":{"start":{"line":75,"column":27},"end":{"line":140,"column":1}},"16":{"start":{"line":90,"column":23},"end":{"line":94,"column":3}},"17":{"start":{"line":91,"column":4},"end":{"line":93,"column":5}},"18":{"start":{"line":92,"column":6},"end":{"line":92,"column":null}},"19":{"start":{"line":96,"column":2},"end":{"line":139,"column":4}},"20":{"start":{"line":108,"column":12},"end":{"line":108,"column":45}},"21":{"start":{"line":109,"column":12},"end":{"line":109,"column":31}},"22":{"start":{"line":145,"column":20},"end":{"line":200,"column":1}},"23":{"start":{"line":160,"column":23},"end":{"line":163,"column":3}},"24":{"start":{"line":161,"column":4},"end":{"line":161,"column":29}},"25":{"start":{"line":162,"column":4},"end":{"line":162,"column":30}},"26":{"start":{"line":165,"column":2},"end":{"line":199,"column":4}},"27":{"start":{"line":172,"column":29},"end":{"line":172,"column":50}},"28":{"start":{"line":174,"column":10},"end":{"line":195,"column":12}},"29":{"start":{"line":182,"column":16},"end":{"line":182,"column":34}},"30":{"start":{"line":183,"column":16},"end":{"line":183,"column":26}},"31":{"start":{"line":206,"column":80},"end":{"line":227,"column":2}},"32":{"start":{"line":231,"column":17},"end":{"line":281,"column":1}},"33":{"start":{"line":232,"column":12},"end":{"line":232,"column":38}},"34":{"start":{"line":233,"column":2},"end":{"line":233,"column":17}},"35":{"start":{"line":235,"column":4},"end":{"line":239,"column":6}},"36":{"start":{"line":241,"column":22},"end":{"line":243,"column":3}},"37":{"start":{"line":242,"column":4},"end":{"line":242,"column":36}},"38":{"start":{"line":246,"column":4},"end":{"line":248,"column":41}},"39":{"start":{"line":250,"column":2},"end":{"line":280,"column":4}},"40":{"start":{"line":283,"column":44},"end":{"line":289,"column":2}},"41":{"start":{"line":295,"column":24},"end":{"line":539,"column":1}},"42":{"start":{"line":307,"column":42},"end":{"line":307,"column":85}},"43":{"start":{"line":308,"column":16},"end":{"line":308,"column":58}},"44":{"start":{"line":310,"column":28},"end":{"line":310,"column":52}},"45":{"start":{"line":311,"column":28},"end":{"line":311,"column":42}},"46":{"start":{"line":313,"column":26},"end":{"line":313,"column":37}},"47":{"start":{"line":314,"column":36},"end":{"line":314,"column":50}},"48":{"start":{"line":315,"column":46},"end":{"line":315,"column":61}},"49":{"start":{"line":316,"column":42},"end":{"line":316,"column":57}},"50":{"start":{"line":317,"column":32},"end":{"line":317,"column":46}},"51":{"start":{"line":319,"column":22},"end":{"line":319,"column":51}},"52":{"start":{"line":319,"column":28},"end":{"line":319,"column":51}},"53":{"start":{"line":320,"column":22},"end":{"line":320,"column":108}},"54":{"start":{"line":321,"column":23},"end":{"line":321,"column":123}},"55":{"start":{"line":323,"column":36},"end":{"line":323,"column":56}},"56":{"start":{"line":324,"column":44},"end":{"line":324,"column":70}},"57":{"start":{"line":325,"column":46},"end":{"line":325,"column":72}},"58":{"start":{"line":328,"column":4},"end":{"line":383,"column":5}},"59":{"start":{"line":329,"column":28},"end":{"line":329,"column":30}},"60":{"start":{"line":331,"column":6},"end":{"line":333,"column":7}},"61":{"start":{"line":332,"column":8},"end":{"line":332,"column":38}},"62":{"start":{"line":335,"column":6},"end":{"line":337,"column":7}},"63":{"start":{"line":336,"column":8},"end":{"line":336,"column":37}},"64":{"start":{"line":339,"column":6},"end":{"line":368,"column":7}},"65":{"start":{"line":340,"column":22},"end":{"line":340,"column":32}},"66":{"start":{"line":341,"column":21},"end":{"line":341,"column":40}},"67":{"start":{"line":342,"column":22},"end":{"line":342,"column":67}},"68":{"start":{"line":343,"column":20},"end":{"line":343,"column":60}},"69":{"start":{"line":345,"column":31},"end":{"line":349,"column":9}},"70":{"start":{"line":346,"column":20},"end":{"line":346,"column":30}},"71":{"start":{"line":347,"column":10},"end":{"line":347,"column":40}},"72":{"start":{"line":348,"column":10},"end":{"line":348,"column":19}},"73":{"start":{"line":351,"column":8},"end":{"line":367,"column":9}},"74":{"start":{"line":353,"column":12},"end":{"line":353,"column":70}},"75":{"start":{"line":354,"column":12},"end":{"line":354,"column":18}},"76":{"start":{"line":357,"column":12},"end":{"line":357,"column":52}},"77":{"start":{"line":358,"column":12},"end":{"line":358,"column":18}},"78":{"start":{"line":361,"column":12},"end":{"line":361,"column":53}},"79":{"start":{"line":362,"column":12},"end":{"line":362,"column":18}},"80":{"start":{"line":365,"column":12},"end":{"line":365,"column":53}},"81":{"start":{"line":366,"column":12},"end":{"line":366,"column":18}},"82":{"start":{"line":370,"column":6},"end":{"line":374,"column":7}},"83":{"start":{"line":371,"column":22},"end":{"line":371,"column":43}},"84":{"start":{"line":372,"column":20},"end":{"line":372,"column":45}},"85":{"start":{"line":373,"column":8},"end":{"line":373,"column":36}},"86":{"start":{"line":375,"column":29},"end":{"line":375,"column":52}},"87":{"start":{"line":377,"column":6},"end":{"line":377,"column":58}},"88":{"start":{"line":378,"column":19},"end":{"line":378,"column":142}},"89":{"start":{"line":379,"column":6},"end":{"line":379,"column":18}},"90":{"start":{"line":381,"column":6},"end":{"line":381,"column":49}},"91":{"start":{"line":382,"column":6},"end":{"line":382,"column":18}},"92":{"start":{"line":388,"column":4},"end":{"line":397,"column":5}},"93":{"start":{"line":390,"column":8},"end":{"line":390,"column":22}},"94":{"start":{"line":392,"column":8},"end":{"line":392,"column":31}},"95":{"start":{"line":394,"column":8},"end":{"line":394,"column":26}},"96":{"start":{"line":396,"column":8},"end":{"line":396,"column":25}},"97":{"start":{"line":400,"column":19},"end":{"line":462,"column":102}},"98":{"start":{"line":401,"column":4},"end":{"line":401,"column":57}},"99":{"start":{"line":401,"column":50},"end":{"line":401,"column":57}},"100":{"start":{"line":404,"column":4},"end":{"line":408,"column":5}},"101":{"start":{"line":405,"column":6},"end":{"line":405,"column":28}},"102":{"start":{"line":407,"column":6},"end":{"line":407,"column":30}},"103":{"start":{"line":410,"column":4},"end":{"line":461,"column":5}},"104":{"start":{"line":411,"column":25},"end":{"line":411,"column":43}},"105":{"start":{"line":412,"column":20},"end":{"line":412,"column":22}},"106":{"start":{"line":414,"column":19},"end":{"line":414,"column":111}},"107":{"start":{"line":416,"column":33},"end":{"line":427,"column":9}},"108":{"start":{"line":416,"column":56},"end":{"line":427,"column":8}},"109":{"start":{"line":428,"column":6},"end":{"line":454,"column":7}},"110":{"start":{"line":429,"column":8},"end":{"line":429,"column":38}},"111":{"start":{"line":430,"column":8},"end":{"line":430,"column":24}},"112":{"start":{"line":433,"column":8},"end":{"line":452,"column":9}},"113":{"start":{"line":435,"column":10},"end":{"line":435,"column":27}},"114":{"start":{"line":436,"column":10},"end":{"line":436,"column":21}},"115":{"start":{"line":437,"column":10},"end":{"line":437,"column":45}},"116":{"start":{"line":438,"column":10},"end":{"line":438,"column":38}},"117":{"start":{"line":441,"column":10},"end":{"line":449,"column":13}},"118":{"start":{"line":442,"column":28},"end":{"line":442,"column":37}},"119":{"start":{"line":443,"column":12},"end":{"line":447,"column":15}},"120":{"start":{"line":444,"column":14},"end":{"line":446,"column":15}},"121":{"start":{"line":444,"column":37},"end":{"line":444,"column":53}},"122":{"start":{"line":445,"column":16},"end":{"line":445,"column":35}},"123":{"start":{"line":448,"column":12},"end":{"line":448,"column":27}},"124":{"start":{"line":450,"column":10},"end":{"line":450,"column":38}},"125":{"start":{"line":450,"column":28},"end":{"line":450,"column":36}},"126":{"start":{"line":451,"column":10},"end":{"line":451,"column":45}},"127":{"start":{"line":456,"column":6},"end":{"line":456,"column":47}},"128":{"start":{"line":458,"column":6},"end":{"line":458,"column":26}},"129":{"start":{"line":459,"column":6},"end":{"line":459,"column":29}},"130":{"start":{"line":460,"column":6},"end":{"line":460,"column":31}},"131":{"start":{"line":464,"column":2},"end":{"line":468,"column":4}},"132":{"start":{"line":466,"column":6},"end":{"line":466,"column":21}},"133":{"start":{"line":471,"column":23},"end":{"line":478,"column":3}},"134":{"start":{"line":472,"column":4},"end":{"line":472,"column":64}},"135":{"start":{"line":472,"column":25},"end":{"line":472,"column":64}},"136":{"start":{"line":473,"column":4},"end":{"line":477,"column":6}},"137":{"start":{"line":481,"column":2},"end":{"line":538,"column":4}},"138":{"start":{"line":485,"column":50},"end":{"line":485,"column":108}},"139":{"start":{"line":486,"column":52},"end":{"line":486,"column":112}},"140":{"start":{"line":511,"column":36},"end":{"line":511,"column":51}},"141":{"start":{"line":512,"column":38},"end":{"line":512,"column":62}},"142":{"start":{"line":517,"column":32},"end":{"line":517,"column":47}},"143":{"start":{"line":521,"column":29},"end":{"line":521,"column":43}},"144":{"start":{"line":531,"column":25},"end":{"line":531,"column":53}},"145":{"start":{"line":543,"column":17},"end":{"line":543,"column":38}},"146":{"start":{"line":544,"column":28},"end":{"line":544,"column":39}},"147":{"start":{"line":547,"column":19},"end":{"line":554,"column":4}},"148":{"start":{"line":556,"column":22},"end":{"line":563,"column":4}},"149":{"start":{"line":557,"column":15},"end":{"line":557,"column":104}},"150":{"start":{"line":558,"column":14},"end":{"line":558,"column":76}},"151":{"start":{"line":559,"column":14},"end":{"line":559,"column":76}},"152":{"start":{"line":560,"column":14},"end":{"line":560,"column":76}},"153":{"start":{"line":561,"column":14},"end":{"line":561,"column":76}},"154":{"start":{"line":562,"column":13},"end":{"line":562,"column":103}},"155":{"start":{"line":566,"column":23},"end":{"line":599,"column":3}},"156":{"start":{"line":569,"column":23},"end":{"line":569,"column":68}},"157":{"start":{"line":569,"column":66},"end":{"line":569,"column":67}},"158":{"start":{"line":571,"column":4},"end":{"line":598,"column":6}},"159":{"start":{"line":579,"column":30},"end":{"line":579,"column":41}},"160":{"start":{"line":580,"column":28},"end":{"line":580,"column":47}},"161":{"start":{"line":582,"column":12},"end":{"line":594,"column":14}},"162":{"start":{"line":586,"column":31},"end":{"line":586,"column":42}},"163":{"start":{"line":601,"column":2},"end":{"line":612,"column":4}},"164":{"start":{"line":615,"column":15},"end":{"line":863,"column":2}}},"fnMap":{"0":{"name":"formatDate","decl":{"start":{"line":61,"column":9},"end":{"line":61,"column":19}},"loc":{"start":{"line":61,"column":30},"end":{"line":70,"column":1}}},"1":{"name":"(anonymous_11)","decl":{"start":{"line":75,"column":27},"end":{"line":75,"column":28}},"loc":{"start":{"line":89,"column":5},"end":{"line":140,"column":1}}},"2":{"name":"(anonymous_12)","decl":{"start":{"line":90,"column":23},"end":{"line":90,"column":28}},"loc":{"start":{"line":90,"column":45},"end":{"line":94,"column":3}}},"3":{"name":"(anonymous_13)","decl":{"start":{"line":107,"column":27},"end":{"line":107,"column":28}},"loc":{"start":{"line":107,"column":31},"end":{"line":110,"column":11}}},"4":{"name":"(anonymous_14)","decl":{"start":{"line":145,"column":20},"end":{"line":145,"column":21}},"loc":{"start":{"line":159,"column":5},"end":{"line":200,"column":1}}},"5":{"name":"(anonymous_15)","decl":{"start":{"line":160,"column":23},"end":{"line":160,"column":24}},"loc":{"start":{"line":160,"column":42},"end":{"line":163,"column":3}}},"6":{"name":"(anonymous_16)","decl":{"start":{"line":171,"column":21},"end":{"line":171,"column":22}},"loc":{"start":{"line":171,"column":36},"end":{"line":196,"column":9}}},"7":{"name":"(anonymous_17)","decl":{"start":{"line":181,"column":23},"end":{"line":181,"column":26}},"loc":{"start":{"line":181,"column":28},"end":{"line":184,"column":15}}},"8":{"name":"(anonymous_18)","decl":{"start":{"line":231,"column":17},"end":{"line":231,"column":18}},"loc":{"start":{"line":231,"column":50},"end":{"line":281,"column":1}}},"9":{"name":"(anonymous_19)","decl":{"start":{"line":241,"column":22},"end":{"line":241,"column":25}},"loc":{"start":{"line":241,"column":27},"end":{"line":243,"column":3}}},"10":{"name":"(anonymous_20)","decl":{"start":{"line":295,"column":24},"end":{"line":295,"column":25}},"loc":{"start":{"line":305,"column":5},"end":{"line":539,"column":1}}},"11":{"name":"(anonymous_21)","decl":{"start":{"line":319,"column":22},"end":{"line":319,"column":25}},"loc":{"start":{"line":319,"column":28},"end":{"line":319,"column":51}}},"12":{"name":"fetchPosts","decl":{"start":{"line":327,"column":17},"end":{"line":327,"column":27}},"loc":{"start":{"line":327,"column":171},"end":{"line":384,"column":3}}},"13":{"name":"(anonymous_23)","decl":{"start":{"line":345,"column":31},"end":{"line":345,"column":32}},"loc":{"start":{"line":345,"column":48},"end":{"line":349,"column":9}}},"14":{"name":"normalizeStatus","decl":{"start":{"line":387,"column":11},"end":{"line":387,"column":26}},"loc":{"start":{"line":387,"column":41},"end":{"line":398,"column":3}}},"15":{"name":"(anonymous_25)","decl":{"start":{"line":400,"column":31},"end":{"line":400,"column":36}},"loc":{"start":{"line":400,"column":57},"end":{"line":462,"column":3}}},"16":{"name":"(anonymous_26)","decl":{"start":{"line":416,"column":48},"end":{"line":416,"column":49}},"loc":{"start":{"line":416,"column":56},"end":{"line":427,"column":8}}},"17":{"name":"(anonymous_27)","decl":{"start":{"line":441,"column":19},"end":{"line":441,"column":20}},"loc":{"start":{"line":441,"column":28},"end":{"line":449,"column":11}}},"18":{"name":"(anonymous_28)","decl":{"start":{"line":443,"column":27},"end":{"line":443,"column":31}},"loc":{"start":{"line":443,"column":34},"end":{"line":447,"column":13}}},"19":{"name":"(anonymous_29)","decl":{"start":{"line":444,"column":32},"end":{"line":444,"column":33}},"loc":{"start":{"line":444,"column":37},"end":{"line":444,"column":53}}},"20":{"name":"(anonymous_30)","decl":{"start":{"line":450,"column":18},"end":{"line":450,"column":19}},"loc":{"start":{"line":450,"column":28},"end":{"line":450,"column":36}}},"21":{"name":"(anonymous_31)","decl":{"start":{"line":465,"column":16},"end":{"line":465,"column":19}},"loc":{"start":{"line":465,"column":21},"end":{"line":467,"column":5}}},"22":{"name":"(anonymous_32)","decl":{"start":{"line":471,"column":23},"end":{"line":471,"column":26}},"loc":{"start":{"line":471,"column":28},"end":{"line":478,"column":3}}},"23":{"name":"(anonymous_33)","decl":{"start":{"line":485,"column":44},"end":{"line":485,"column":47}},"loc":{"start":{"line":485,"column":50},"end":{"line":485,"column":108}}},"24":{"name":"(anonymous_34)","decl":{"start":{"line":486,"column":46},"end":{"line":486,"column":49}},"loc":{"start":{"line":486,"column":52},"end":{"line":486,"column":112}}},"25":{"name":"(anonymous_35)","decl":{"start":{"line":511,"column":26},"end":{"line":511,"column":27}},"loc":{"start":{"line":511,"column":36},"end":{"line":511,"column":51}}},"26":{"name":"(anonymous_36)","decl":{"start":{"line":512,"column":24},"end":{"line":512,"column":25}},"loc":{"start":{"line":512,"column":38},"end":{"line":512,"column":62}}},"27":{"name":"(anonymous_37)","decl":{"start":{"line":517,"column":26},"end":{"line":517,"column":29}},"loc":{"start":{"line":517,"column":32},"end":{"line":517,"column":47}}},"28":{"name":"(anonymous_38)","decl":{"start":{"line":521,"column":23},"end":{"line":521,"column":26}},"loc":{"start":{"line":521,"column":29},"end":{"line":521,"column":43}}},"29":{"name":"(anonymous_39)","decl":{"start":{"line":531,"column":19},"end":{"line":531,"column":22}},"loc":{"start":{"line":531,"column":25},"end":{"line":531,"column":53}}},"30":{"name":"ScrollableTabView","decl":{"start":{"line":542,"column":24},"end":{"line":542,"column":41}},"loc":{"start":{"line":542,"column":41},"end":{"line":613,"column":1}}},"31":{"name":"(anonymous_41)","decl":{"start":{"line":557,"column":9},"end":{"line":557,"column":12}},"loc":{"start":{"line":557,"column":15},"end":{"line":557,"column":104}}},"32":{"name":"(anonymous_42)","decl":{"start":{"line":558,"column":8},"end":{"line":558,"column":11}},"loc":{"start":{"line":558,"column":14},"end":{"line":558,"column":76}}},"33":{"name":"(anonymous_43)","decl":{"start":{"line":559,"column":8},"end":{"line":559,"column":11}},"loc":{"start":{"line":559,"column":14},"end":{"line":559,"column":76}}},"34":{"name":"(anonymous_44)","decl":{"start":{"line":560,"column":8},"end":{"line":560,"column":11}},"loc":{"start":{"line":560,"column":14},"end":{"line":560,"column":76}}},"35":{"name":"(anonymous_45)","decl":{"start":{"line":561,"column":8},"end":{"line":561,"column":11}},"loc":{"start":{"line":561,"column":14},"end":{"line":561,"column":76}}},"36":{"name":"(anonymous_46)","decl":{"start":{"line":562,"column":7},"end":{"line":562,"column":10}},"loc":{"start":{"line":562,"column":13},"end":{"line":562,"column":103}}},"37":{"name":"(anonymous_47)","decl":{"start":{"line":566,"column":23},"end":{"line":566,"column":null}},"loc":{"start":{"line":568,"column":6},"end":{"line":599,"column":3}}},"38":{"name":"(anonymous_48)","decl":{"start":{"line":569,"column":56},"end":{"line":569,"column":57}},"loc":{"start":{"line":569,"column":66},"end":{"line":569,"column":67}}},"39":{"name":"(anonymous_49)","decl":{"start":{"line":578,"column":44},"end":{"line":578,"column":45}},"loc":{"start":{"line":578,"column":57},"end":{"line":595,"column":11}}},"40":{"name":"(anonymous_50)","decl":{"start":{"line":586,"column":25},"end":{"line":586,"column":28}},"loc":{"start":{"line":586,"column":31},"end":{"line":586,"column":42}}}},"branchMap":{"0":{"loc":{"start":{"line":91,"column":4},"end":{"line":93,"column":5}},"type":"if","locations":[{"start":{"line":91,"column":4},"end":{"line":93,"column":5}}]},"1":{"loc":{"start":{"line":115,"column":7},"end":{"line":124,"column":null}},"type":"binary-expr","locations":[{"start":{"line":115,"column":7},"end":{"line":115,"column":24}},{"start":{"line":116,"column":8},"end":{"line":123,"column":null}}]},"2":{"loc":{"start":{"line":116,"column":52},"end":{"line":116,"column":108}},"type":"cond-expr","locations":[{"start":{"line":116,"column":77},"end":{"line":116,"column":101}},{"start":{"line":116,"column":104},"end":{"line":116,"column":108}}]},"3":{"loc":{"start":{"line":117,"column":11},"end":{"line":120,"column":null}},"type":"cond-expr","locations":[{"start":{"line":118,"column":12},"end":{"line":118,"column":92}},{"start":{"line":120,"column":12},"end":{"line":120,"column":71}}]},"4":{"loc":{"start":{"line":123,"column":43},"end":{"line":123,"column":100}},"type":"cond-expr","locations":[{"start":{"line":123,"column":68},"end":{"line":123,"column":93}},{"start":{"line":123,"column":96},"end":{"line":123,"column":100}}]},"5":{"loc":{"start":{"line":127,"column":7},"end":{"line":136,"column":null}},"type":"binary-expr","locations":[{"start":{"line":127,"column":7},"end":{"line":127,"column":25}},{"start":{"line":128,"column":8},"end":{"line":135,"column":null}}]},"6":{"loc":{"start":{"line":128,"column":52},"end":{"line":128,"column":109}},"type":"cond-expr","locations":[{"start":{"line":128,"column":78},"end":{"line":128,"column":102}},{"start":{"line":128,"column":105},"end":{"line":128,"column":109}}]},"7":{"loc":{"start":{"line":129,"column":11},"end":{"line":132,"column":null}},"type":"cond-expr","locations":[{"start":{"line":130,"column":12},"end":{"line":130,"column":92}},{"start":{"line":132,"column":12},"end":{"line":132,"column":71}}]},"8":{"loc":{"start":{"line":135,"column":43},"end":{"line":135,"column":101}},"type":"cond-expr","locations":[{"start":{"line":135,"column":69},"end":{"line":135,"column":94}},{"start":{"line":135,"column":97},"end":{"line":135,"column":101}}]},"9":{"loc":{"start":{"line":179,"column":16},"end":{"line":179,"column":57}},"type":"binary-expr","locations":[{"start":{"line":179,"column":16},"end":{"line":179,"column":26}},{"start":{"line":179,"column":30},"end":{"line":179,"column":57}}]},"10":{"loc":{"start":{"line":189,"column":18},"end":{"line":189,"column":63}},"type":"binary-expr","locations":[{"start":{"line":189,"column":18},"end":{"line":189,"column":28}},{"start":{"line":189,"column":32},"end":{"line":189,"column":63}}]},"11":{"loc":{"start":{"line":235,"column":4},"end":{"line":239,"column":6}},"type":"binary-expr","locations":[{"start":{"line":235,"column":4},"end":{"line":235,"column":23}},{"start":{"line":235,"column":27},"end":{"line":239,"column":6}}]},"12":{"loc":{"start":{"line":235,"column":15},"end":{"line":235,"column":22}},"type":"binary-expr","locations":[{"start":{"line":235,"column":15},"end":{"line":235,"column":16}},{"start":{"line":235,"column":20},"end":{"line":235,"column":22}}]},"13":{"loc":{"start":{"line":246,"column":4},"end":{"line":248,"column":41}},"type":"cond-expr","locations":[{"start":{"line":247,"column":8},"end":{"line":247,"column":21}},{"start":{"line":248,"column":8},"end":{"line":248,"column":41}}]},"14":{"loc":{"start":{"line":296,"column":2},"end":{"line":296,"column":29}},"type":"default-arg","locations":[{"start":{"line":296,"column":16},"end":{"line":296,"column":29}}]},"15":{"loc":{"start":{"line":297,"column":2},"end":{"line":297,"column":23}},"type":"default-arg","locations":[{"start":{"line":297,"column":19},"end":{"line":297,"column":23}}]},"16":{"loc":{"start":{"line":298,"column":2},"end":{"line":298,"column":24}},"type":"default-arg","locations":[{"start":{"line":298,"column":20},"end":{"line":298,"column":24}}]},"17":{"loc":{"start":{"line":327,"column":28},"end":{"line":327,"column":54}},"type":"default-arg","locations":[{"start":{"line":327,"column":50},"end":{"line":327,"column":54}}]},"18":{"loc":{"start":{"line":327,"column":56},"end":{"line":327,"column":80}},"type":"default-arg","locations":[{"start":{"line":327,"column":75},"end":{"line":327,"column":80}}]},"19":{"loc":{"start":{"line":327,"column":96},"end":{"line":327,"column":114}},"type":"default-arg","locations":[{"start":{"line":327,"column":112},"end":{"line":327,"column":114}}]},"20":{"loc":{"start":{"line":331,"column":6},"end":{"line":333,"column":7}},"type":"if","locations":[{"start":{"line":331,"column":6},"end":{"line":333,"column":7}}]},"21":{"loc":{"start":{"line":335,"column":6},"end":{"line":337,"column":7}},"type":"if","locations":[{"start":{"line":335,"column":6},"end":{"line":337,"column":7}}]},"22":{"loc":{"start":{"line":339,"column":6},"end":{"line":368,"column":7}},"type":"if","locations":[{"start":{"line":339,"column":6},"end":{"line":368,"column":7}}]},"23":{"loc":{"start":{"line":339,"column":10},"end":{"line":339,"column":40}},"type":"binary-expr","locations":[{"start":{"line":339,"column":10},"end":{"line":339,"column":17}},{"start":{"line":339,"column":21},"end":{"line":339,"column":40}}]},"24":{"loc":{"start":{"line":351,"column":8},"end":{"line":367,"column":9}},"type":"switch","locations":[{"start":{"line":352,"column":10},"end":{"line":354,"column":18}},{"start":{"line":356,"column":10},"end":{"line":358,"column":18}},{"start":{"line":360,"column":10},"end":{"line":362,"column":18}},{"start":{"line":364,"column":10},"end":{"line":366,"column":18}}]},"25":{"loc":{"start":{"line":370,"column":6},"end":{"line":374,"column":7}},"type":"if","locations":[{"start":{"line":370,"column":6},"end":{"line":374,"column":7}}]},"26":{"loc":{"start":{"line":370,"column":10},"end":{"line":370,"column":42}},"type":"binary-expr","locations":[{"start":{"line":370,"column":10},"end":{"line":370,"column":18}},{"start":{"line":370,"column":22},"end":{"line":370,"column":42}}]},"27":{"loc":{"start":{"line":388,"column":4},"end":{"line":397,"column":5}},"type":"switch","locations":[{"start":{"line":389,"column":6},"end":{"line":390,"column":22}},{"start":{"line":391,"column":6},"end":{"line":392,"column":31}},{"start":{"line":393,"column":6},"end":{"line":394,"column":26}},{"start":{"line":395,"column":6},"end":{"line":396,"column":25}}]},"28":{"loc":{"start":{"line":400,"column":38},"end":{"line":400,"column":53}},"type":"default-arg","locations":[{"start":{"line":400,"column":48},"end":{"line":400,"column":53}}]},"29":{"loc":{"start":{"line":401,"column":4},"end":{"line":401,"column":57}},"type":"if","locations":[{"start":{"line":401,"column":4},"end":{"line":401,"column":57}}]},"30":{"loc":{"start":{"line":401,"column":8},"end":{"line":401,"column":48}},"type":"binary-expr","locations":[{"start":{"line":401,"column":8},"end":{"line":401,"column":16}},{"start":{"line":401,"column":21},"end":{"line":401,"column":35}},{"start":{"line":401,"column":39},"end":{"line":401,"column":47}}]},"31":{"loc":{"start":{"line":404,"column":4},"end":{"line":408,"column":5}},"type":"if","locations":[{"start":{"line":404,"column":4},"end":{"line":408,"column":5}},{"start":{"line":406,"column":11},"end":{"line":408,"column":5}}]},"32":{"loc":{"start":{"line":411,"column":25},"end":{"line":411,"column":43}},"type":"cond-expr","locations":[{"start":{"line":411,"column":35},"end":{"line":411,"column":36}},{"start":{"line":411,"column":39},"end":{"line":411,"column":43}}]},"33":{"loc":{"start":{"line":420,"column":18},"end":{"line":420,"column":42}},"type":"binary-expr","locations":[{"start":{"line":420,"column":18},"end":{"line":420,"column":36}},{"start":{"line":420,"column":40},"end":{"line":420,"column":42}}]},"34":{"loc":{"start":{"line":428,"column":6},"end":{"line":454,"column":7}},"type":"if","locations":[{"start":{"line":428,"column":6},"end":{"line":454,"column":7}},{"start":{"line":432,"column":11},"end":{"line":454,"column":7}}]},"35":{"loc":{"start":{"line":428,"column":10},"end":{"line":428,"column":40}},"type":"binary-expr","locations":[{"start":{"line":428,"column":10},"end":{"line":428,"column":17}},{"start":{"line":428,"column":21},"end":{"line":428,"column":40}}]},"36":{"loc":{"start":{"line":433,"column":8},"end":{"line":452,"column":9}},"type":"if","locations":[{"start":{"line":433,"column":8},"end":{"line":452,"column":9}},{"start":{"line":439,"column":15},"end":{"line":452,"column":9}}]},"37":{"loc":{"start":{"line":444,"column":14},"end":{"line":446,"column":15}},"type":"if","locations":[{"start":{"line":444,"column":14},"end":{"line":446,"column":15}}]},"38":{"loc":{"start":{"line":472,"column":4},"end":{"line":472,"column":64}},"type":"if","locations":[{"start":{"line":472,"column":4},"end":{"line":472,"column":64}}]},"39":{"loc":{"start":{"line":485,"column":27},"end":{"line":485,"column":120}},"type":"cond-expr","locations":[{"start":{"line":485,"column":44},"end":{"line":485,"column":108}},{"start":{"line":485,"column":111},"end":{"line":485,"column":120}}]},"40":{"loc":{"start":{"line":485,"column":66},"end":{"line":485,"column":107}},"type":"cond-expr","locations":[{"start":{"line":485,"column":92},"end":{"line":485,"column":98}},{"start":{"line":485,"column":101},"end":{"line":485,"column":107}}]},"41":{"loc":{"start":{"line":486,"column":28},"end":{"line":486,"column":124}},"type":"cond-expr","locations":[{"start":{"line":486,"column":46},"end":{"line":486,"column":112}},{"start":{"line":486,"column":115},"end":{"line":486,"column":124}}]},"42":{"loc":{"start":{"line":486,"column":68},"end":{"line":486,"column":111}},"type":"cond-expr","locations":[{"start":{"line":486,"column":95},"end":{"line":486,"column":101}},{"start":{"line":486,"column":104},"end":{"line":486,"column":111}}]},"43":{"loc":{"start":{"line":493,"column":7},"end":{"line":494,"column":null}},"type":"binary-expr","locations":[{"start":{"line":493,"column":7},"end":{"line":493,"column":30}},{"start":{"line":494,"column":8},"end":{"line":494,"column":152}}]},"44":{"loc":{"start":{"line":498,"column":7},"end":{"line":499,"column":null}},"type":"binary-expr","locations":[{"start":{"line":498,"column":7},"end":{"line":498,"column":31}},{"start":{"line":499,"column":8},"end":{"line":499,"column":157}}]},"45":{"loc":{"start":{"line":503,"column":9},"end":{"line":526,"column":null}},"type":"cond-expr","locations":[{"start":{"line":504,"column":10},"end":{"line":505,"column":null}},{"start":{"line":507,"column":12},"end":{"line":526,"column":null}}]},"46":{"loc":{"start":{"line":507,"column":12},"end":{"line":526,"column":null}},"type":"cond-expr","locations":[{"start":{"line":508,"column":10},"end":{"line":521,"column":null}},{"start":{"line":524,"column":10},"end":{"line":525,"column":null}}]},"47":{"loc":{"start":{"line":507,"column":12},"end":{"line":507,"column":37}},"type":"binary-expr","locations":[{"start":{"line":507,"column":12},"end":{"line":507,"column":17}},{"start":{"line":507,"column":21},"end":{"line":507,"column":37}}]},"48":{"loc":{"start":{"line":580,"column":28},"end":{"line":580,"column":47}},"type":"cond-expr","locations":[{"start":{"line":580,"column":40},"end":{"line":580,"column":41}},{"start":{"line":580,"column":44},"end":{"line":580,"column":47}}]},"49":{"loc":{"start":{"line":592,"column":17},"end":{"line":592,"column":63}},"type":"binary-expr","locations":[{"start":{"line":592,"column":17},"end":{"line":592,"column":26}},{"start":{"line":592,"column":30},"end":{"line":592,"column":63}}]}},"s":{"0":0,"1":0,"2":0,"3":0,"4":0,"5":0,"6":0,"7":0,"8":0,"9":0,"10":0,"11":0,"12":0,"13":0,"14":0,"15":0,"16":0,"17":0,"18":0,"19":0,"20":0,"21":0,"22":0,"23":0,"24":0,"25":0,"26":0,"27":0,"28":0,"29":0,"30":0,"31":0,"32":0,"33":0,"34":0,"35":0,"36":0,"37":0,"38":0,"39":0,"40":0,"41":0,"42":0,"43":0,"44":0,"45":0,"46":0,"47":0,"48":0,"49":0,"50":0,"51":0,"52":0,"53":0,"54":0,"55":0,"56":0,"57":0,"58":0,"59":0,"60":0,"61":0,"62":0,"63":0,"64":0,"65":0,"66":0,"67":0,"68":0,"69":0,"70":0,"71":0,"72":0,"73":0,"74":0,"75":0,"76":0,"77":0,"78":0,"79":0,"80":0,"81":0,"82":0,"83":0,"84":0,"85":0,"86":0,"87":0,"88":0,"89":0,"90":0,"91":0,"92":0,"93":0,"94":0,"95":0,"96":0,"97":0,"98":0,"99":0,"100":0,"101":0,"102":0,"103":0,"104":0,"105":0,"106":0,"107":0,"108":0,"109":0,"110":0,"111":0,"112":0,"113":0,"114":0,"115":0,"116":0,"117":0,"118":0,"119":0,"120":0,"121":0,"122":0,"123":0,"124":0,"125":0,"126":0,"127":0,"128":0,"129":0,"130":0,"131":0,"132":0,"133":0,"134":0,"135":0,"136":0,"137":0,"138":0,"139":0,"140":0,"141":0,"142":0,"143":0,"144":0,"145":0,"146":0,"147":0,"148":0,"149":0,"150":0,"151":0,"152":0,"153":0,"154":0,"155":0,"156":0,"157":0,"158":0,"159":0,"160":0,"161":0,"162":0,"163":0,"164":0},"f":{"0":0,"1":0,"2":0,"3":0,"4":0,"5":0,"6":0,"7":0,"8":0,"9":0,"10":0,"11":0,"12":0,"13":0,"14":0,"15":0,"16":0,"17":0,"18":0,"19":0,"20":0,"21":0,"22":0,"23":0,"24":0,"25":0,"26":0,"27":0,"28":0,"29":0,"30":0,"31":0,"32":0,"33":0,"34":0,"35":0,"36":0,"37":0,"38":0,"39":0,"40":0},"b":{"0":[0],"1":[0,0],"2":[0,0],"3":[0,0],"4":[0,0],"5":[0,0],"6":[0,0],"7":[0,0],"8":[0,0],"9":[0,0],"10":[0,0],"11":[0,0],"12":[0,0],"13":[0,0],"14":[0],"15":[0],"16":[0],"17":[0],"18":[0],"19":[0],"20":[0],"21":[0],"22":[0],"23":[0,0],"24":[0,0,0,0],"25":[0],"26":[0,0],"27":[0,0,0,0],"28":[0],"29":[0],"30":[0,0,0],"31":[0,0],"32":[0,0],"33":[0,0],"34":[0,0],"35":[0,0],"36":[0,0],"37":[0],"38":[0],"39":[0,0],"40":[0,0],"41":[0,0],"42":[0,0],"43":[0,0],"44":[0,0],"45":[0,0],"46":[0,0],"47":[0,0],"48":[0,0],"49":[0,0]}}
,"C:\\Users\\thinh\\Documents\\GitHub\\APP-PUBLIC\\Lofy\\app\\(tabs)\\index.tsx": {"path":"C:\\Users\\thinh\\Documents\\GitHub\\APP-PUBLIC\\Lofy\\app\\(tabs)\\index.tsx","statementMap":{"0":{"start":{"line":589,"column":0},"end":{"line":589,"column":24}},"1":{"start":{"line":1,"column":0},"end":{"line":1,"column":31}},"2":{"start":{"line":2,"column":0},"end":{"line":2,"column":46}},"3":{"start":{"line":3,"column":0},"end":{"line":3,"column":null}},"4":{"start":{"line":14,"column":0},"end":{"line":14,"column":95}},"5":{"start":{"line":15,"column":0},"end":{"line":15,"column":46}},"6":{"start":{"line":16,"column":0},"end":{"line":16,"column":45}},"7":{"start":{"line":17,"column":0},"end":{"line":17,"column":53}},"8":{"start":{"line":18,"column":0},"end":{"line":18,"column":33}},"9":{"start":{"line":19,"column":0},"end":{"line":19,"column":52}},"10":{"start":{"line":20,"column":0},"end":{"line":20,"column":58}},"11":{"start":{"line":63,"column":14},"end":{"line":63,"column":53}},"12":{"start":{"line":64,"column":16},"end":{"line":64,"column":60}},"13":{"start":{"line":65,"column":15},"end":{"line":65,"column":33}},"14":{"start":{"line":67,"column":16},"end":{"line":67,"column":56}},"15":{"start":{"line":68,"column":18},"end":{"line":68,"column":60}},"16":{"start":{"line":70,"column":2},"end":{"line":70,"column":55}},"17":{"start":{"line":76,"column":27},"end":{"line":141,"column":1}},"18":{"start":{"line":91,"column":23},"end":{"line":95,"column":3}},"19":{"start":{"line":92,"column":4},"end":{"line":94,"column":5}},"20":{"start":{"line":93,"column":6},"end":{"line":93,"column":null}},"21":{"start":{"line":97,"column":2},"end":{"line":140,"column":4}},"22":{"start":{"line":109,"column":12},"end":{"line":109,"column":45}},"23":{"start":{"line":110,"column":12},"end":{"line":110,"column":31}},"24":{"start":{"line":146,"column":20},"end":{"line":201,"column":1}},"25":{"start":{"line":161,"column":23},"end":{"line":164,"column":3}},"26":{"start":{"line":162,"column":4},"end":{"line":162,"column":29}},"27":{"start":{"line":163,"column":4},"end":{"line":163,"column":30}},"28":{"start":{"line":166,"column":2},"end":{"line":200,"column":4}},"29":{"start":{"line":173,"column":29},"end":{"line":173,"column":50}},"30":{"start":{"line":175,"column":10},"end":{"line":196,"column":12}},"31":{"start":{"line":183,"column":16},"end":{"line":183,"column":34}},"32":{"start":{"line":184,"column":16},"end":{"line":184,"column":26}},"33":{"start":{"line":205,"column":21},"end":{"line":245,"column":1}},"34":{"start":{"line":206,"column":27},"end":{"line":206,"column":84}},"35":{"start":{"line":206,"column":45},"end":{"line":206,"column":83}},"36":{"start":{"line":207,"column":29},"end":{"line":207,"column":68}},"37":{"start":{"line":207,"column":47},"end":{"line":207,"column":67}},"38":{"start":{"line":209,"column":22},"end":{"line":229,"column":3}},"39":{"start":{"line":210,"column":4},"end":{"line":210,"column":33}},"40":{"start":{"line":211,"column":38},"end":{"line":211,"column":88}},"41":{"start":{"line":212,"column":4},"end":{"line":228,"column":5}},"42":{"start":{"line":213,"column":6},"end":{"line":223,"column":7}},"43":{"start":{"line":214,"column":8},"end":{"line":214,"column":45}},"44":{"start":{"line":215,"column":8},"end":{"line":215,"column":69}},"45":{"start":{"line":218,"column":8},"end":{"line":218,"column":47}},"46":{"start":{"line":219,"column":24},"end":{"line":219,"column":47}},"47":{"start":{"line":220,"column":8},"end":{"line":222,"column":10}},"48":{"start":{"line":225,"column":6},"end":{"line":225,"column":58}},"49":{"start":{"line":227,"column":6},"end":{"line":227,"column":35}},"50":{"start":{"line":231,"column":2},"end":{"line":243,"column":4}},"51":{"start":{"line":248,"column":80},"end":{"line":269,"column":2}},"52":{"start":{"line":273,"column":17},"end":{"line":323,"column":1}},"53":{"start":{"line":274,"column":12},"end":{"line":274,"column":38}},"54":{"start":{"line":275,"column":2},"end":{"line":275,"column":17}},"55":{"start":{"line":277,"column":4},"end":{"line":281,"column":6}},"56":{"start":{"line":283,"column":22},"end":{"line":285,"column":3}},"57":{"start":{"line":284,"column":4},"end":{"line":284,"column":36}},"58":{"start":{"line":288,"column":4},"end":{"line":290,"column":41}},"59":{"start":{"line":292,"column":2},"end":{"line":322,"column":4}},"60":{"start":{"line":325,"column":44},"end":{"line":331,"column":2}},"61":{"start":{"line":337,"column":24},"end":{"line":586,"column":1}},"62":{"start":{"line":351,"column":42},"end":{"line":351,"column":85}},"63":{"start":{"line":352,"column":16},"end":{"line":352,"column":58}},"64":{"start":{"line":354,"column":28},"end":{"line":354,"column":52}},"65":{"start":{"line":355,"column":28},"end":{"line":355,"column":42}},"66":{"start":{"line":357,"column":26},"end":{"line":357,"column":37}},"67":{"start":{"line":358,"column":36},"end":{"line":358,"column":50}},"68":{"start":{"line":359,"column":46},"end":{"line":359,"column":61}},"69":{"start":{"line":360,"column":42},"end":{"line":360,"column":57}},"70":{"start":{"line":361,"column":32},"end":{"line":361,"column":46}},"71":{"start":{"line":363,"column":22},"end":{"line":363,"column":51}},"72":{"start":{"line":363,"column":28},"end":{"line":363,"column":51}},"73":{"start":{"line":364,"column":22},"end":{"line":364,"column":108}},"74":{"start":{"line":365,"column":23},"end":{"line":365,"column":123}},"75":{"start":{"line":367,"column":36},"end":{"line":367,"column":56}},"76":{"start":{"line":368,"column":44},"end":{"line":368,"column":70}},"77":{"start":{"line":369,"column":46},"end":{"line":369,"column":72}},"78":{"start":{"line":372,"column":4},"end":{"line":427,"column":5}},"79":{"start":{"line":373,"column":28},"end":{"line":373,"column":30}},"80":{"start":{"line":375,"column":6},"end":{"line":377,"column":7}},"81":{"start":{"line":376,"column":8},"end":{"line":376,"column":38}},"82":{"start":{"line":379,"column":6},"end":{"line":381,"column":7}},"83":{"start":{"line":380,"column":8},"end":{"line":380,"column":37}},"84":{"start":{"line":383,"column":6},"end":{"line":412,"column":7}},"85":{"start":{"line":384,"column":22},"end":{"line":384,"column":32}},"86":{"start":{"line":385,"column":21},"end":{"line":385,"column":40}},"87":{"start":{"line":386,"column":22},"end":{"line":386,"column":67}},"88":{"start":{"line":387,"column":20},"end":{"line":387,"column":60}},"89":{"start":{"line":389,"column":31},"end":{"line":393,"column":9}},"90":{"start":{"line":390,"column":20},"end":{"line":390,"column":30}},"91":{"start":{"line":391,"column":10},"end":{"line":391,"column":40}},"92":{"start":{"line":392,"column":10},"end":{"line":392,"column":19}},"93":{"start":{"line":395,"column":8},"end":{"line":411,"column":9}},"94":{"start":{"line":397,"column":12},"end":{"line":397,"column":70}},"95":{"start":{"line":398,"column":12},"end":{"line":398,"column":18}},"96":{"start":{"line":401,"column":12},"end":{"line":401,"column":52}},"97":{"start":{"line":402,"column":12},"end":{"line":402,"column":18}},"98":{"start":{"line":405,"column":12},"end":{"line":405,"column":53}},"99":{"start":{"line":406,"column":12},"end":{"line":406,"column":18}},"100":{"start":{"line":409,"column":12},"end":{"line":409,"column":53}},"101":{"start":{"line":410,"column":12},"end":{"line":410,"column":18}},"102":{"start":{"line":414,"column":6},"end":{"line":418,"column":7}},"103":{"start":{"line":415,"column":22},"end":{"line":415,"column":43}},"104":{"start":{"line":416,"column":20},"end":{"line":416,"column":45}},"105":{"start":{"line":417,"column":8},"end":{"line":417,"column":36}},"106":{"start":{"line":419,"column":29},"end":{"line":419,"column":52}},"107":{"start":{"line":421,"column":6},"end":{"line":421,"column":58}},"108":{"start":{"line":422,"column":19},"end":{"line":422,"column":142}},"109":{"start":{"line":423,"column":6},"end":{"line":423,"column":18}},"110":{"start":{"line":425,"column":6},"end":{"line":425,"column":49}},"111":{"start":{"line":426,"column":6},"end":{"line":426,"column":18}},"112":{"start":{"line":432,"column":4},"end":{"line":441,"column":5}},"113":{"start":{"line":434,"column":8},"end":{"line":434,"column":22}},"114":{"start":{"line":436,"column":8},"end":{"line":436,"column":31}},"115":{"start":{"line":438,"column":8},"end":{"line":438,"column":26}},"116":{"start":{"line":440,"column":8},"end":{"line":440,"column":25}},"117":{"start":{"line":444,"column":19},"end":{"line":506,"column":102}},"118":{"start":{"line":445,"column":4},"end":{"line":445,"column":57}},"119":{"start":{"line":445,"column":50},"end":{"line":445,"column":57}},"120":{"start":{"line":448,"column":4},"end":{"line":452,"column":5}},"121":{"start":{"line":449,"column":6},"end":{"line":449,"column":28}},"122":{"start":{"line":451,"column":6},"end":{"line":451,"column":30}},"123":{"start":{"line":454,"column":4},"end":{"line":505,"column":5}},"124":{"start":{"line":455,"column":25},"end":{"line":455,"column":43}},"125":{"start":{"line":456,"column":20},"end":{"line":456,"column":22}},"126":{"start":{"line":458,"column":19},"end":{"line":458,"column":112}},"127":{"start":{"line":460,"column":33},"end":{"line":471,"column":9}},"128":{"start":{"line":460,"column":56},"end":{"line":471,"column":8}},"129":{"start":{"line":472,"column":6},"end":{"line":498,"column":7}},"130":{"start":{"line":473,"column":8},"end":{"line":473,"column":38}},"131":{"start":{"line":474,"column":8},"end":{"line":474,"column":24}},"132":{"start":{"line":477,"column":8},"end":{"line":496,"column":9}},"133":{"start":{"line":479,"column":10},"end":{"line":479,"column":27}},"134":{"start":{"line":480,"column":10},"end":{"line":480,"column":21}},"135":{"start":{"line":481,"column":10},"end":{"line":481,"column":45}},"136":{"start":{"line":482,"column":10},"end":{"line":482,"column":38}},"137":{"start":{"line":485,"column":10},"end":{"line":493,"column":13}},"138":{"start":{"line":486,"column":28},"end":{"line":486,"column":37}},"139":{"start":{"line":487,"column":12},"end":{"line":491,"column":15}},"140":{"start":{"line":488,"column":14},"end":{"line":490,"column":15}},"141":{"start":{"line":488,"column":37},"end":{"line":488,"column":53}},"142":{"start":{"line":489,"column":16},"end":{"line":489,"column":35}},"143":{"start":{"line":492,"column":12},"end":{"line":492,"column":27}},"144":{"start":{"line":494,"column":10},"end":{"line":494,"column":38}},"145":{"start":{"line":494,"column":28},"end":{"line":494,"column":36}},"146":{"start":{"line":495,"column":10},"end":{"line":495,"column":45}},"147":{"start":{"line":500,"column":6},"end":{"line":500,"column":47}},"148":{"start":{"line":502,"column":6},"end":{"line":502,"column":26}},"149":{"start":{"line":503,"column":6},"end":{"line":503,"column":29}},"150":{"start":{"line":504,"column":6},"end":{"line":504,"column":31}},"151":{"start":{"line":508,"column":2},"end":{"line":512,"column":4}},"152":{"start":{"line":510,"column":6},"end":{"line":510,"column":21}},"153":{"start":{"line":515,"column":23},"end":{"line":522,"column":3}},"154":{"start":{"line":516,"column":4},"end":{"line":516,"column":64}},"155":{"start":{"line":516,"column":25},"end":{"line":516,"column":64}},"156":{"start":{"line":517,"column":4},"end":{"line":521,"column":6}},"157":{"start":{"line":525,"column":2},"end":{"line":585,"column":4}},"158":{"start":{"line":529,"column":50},"end":{"line":529,"column":108}},"159":{"start":{"line":530,"column":52},"end":{"line":530,"column":112}},"160":{"start":{"line":558,"column":36},"end":{"line":558,"column":51}},"161":{"start":{"line":559,"column":38},"end":{"line":559,"column":62}},"162":{"start":{"line":564,"column":32},"end":{"line":564,"column":47}},"163":{"start":{"line":568,"column":29},"end":{"line":568,"column":43}},"164":{"start":{"line":578,"column":25},"end":{"line":578,"column":53}},"165":{"start":{"line":590,"column":17},"end":{"line":590,"column":38}},"166":{"start":{"line":591,"column":28},"end":{"line":591,"column":39}},"167":{"start":{"line":594,"column":19},"end":{"line":601,"column":4}},"168":{"start":{"line":603,"column":22},"end":{"line":610,"column":4}},"169":{"start":{"line":604,"column":15},"end":{"line":604,"column":123}},"170":{"start":{"line":605,"column":14},"end":{"line":605,"column":76}},"171":{"start":{"line":606,"column":14},"end":{"line":606,"column":76}},"172":{"start":{"line":607,"column":14},"end":{"line":607,"column":76}},"173":{"start":{"line":608,"column":14},"end":{"line":608,"column":76}},"174":{"start":{"line":609,"column":13},"end":{"line":609,"column":103}},"175":{"start":{"line":613,"column":23},"end":{"line":644,"column":3}},"176":{"start":{"line":616,"column":4},"end":{"line":643,"column":6}},"177":{"start":{"line":624,"column":30},"end":{"line":624,"column":41}},"178":{"start":{"line":625,"column":28},"end":{"line":625,"column":47}},"179":{"start":{"line":627,"column":12},"end":{"line":639,"column":14}},"180":{"start":{"line":631,"column":31},"end":{"line":631,"column":42}},"181":{"start":{"line":646,"column":2},"end":{"line":657,"column":4}},"182":{"start":{"line":660,"column":15},"end":{"line":908,"column":2}}},"fnMap":{"0":{"name":"formatDate","decl":{"start":{"line":62,"column":9},"end":{"line":62,"column":19}},"loc":{"start":{"line":62,"column":30},"end":{"line":71,"column":1}}},"1":{"name":"(anonymous_11)","decl":{"start":{"line":76,"column":27},"end":{"line":76,"column":28}},"loc":{"start":{"line":90,"column":5},"end":{"line":141,"column":1}}},"2":{"name":"(anonymous_12)","decl":{"start":{"line":91,"column":23},"end":{"line":91,"column":28}},"loc":{"start":{"line":91,"column":45},"end":{"line":95,"column":3}}},"3":{"name":"(anonymous_13)","decl":{"start":{"line":108,"column":27},"end":{"line":108,"column":28}},"loc":{"start":{"line":108,"column":31},"end":{"line":111,"column":11}}},"4":{"name":"(anonymous_14)","decl":{"start":{"line":146,"column":20},"end":{"line":146,"column":21}},"loc":{"start":{"line":160,"column":5},"end":{"line":201,"column":1}}},"5":{"name":"(anonymous_15)","decl":{"start":{"line":161,"column":23},"end":{"line":161,"column":24}},"loc":{"start":{"line":161,"column":42},"end":{"line":164,"column":3}}},"6":{"name":"(anonymous_16)","decl":{"start":{"line":172,"column":21},"end":{"line":172,"column":22}},"loc":{"start":{"line":172,"column":36},"end":{"line":197,"column":9}}},"7":{"name":"(anonymous_17)","decl":{"start":{"line":182,"column":23},"end":{"line":182,"column":26}},"loc":{"start":{"line":182,"column":28},"end":{"line":185,"column":15}}},"8":{"name":"(anonymous_18)","decl":{"start":{"line":205,"column":21},"end":{"line":205,"column":22}},"loc":{"start":{"line":205,"column":60},"end":{"line":245,"column":1}}},"9":{"name":"(anonymous_19)","decl":{"start":{"line":206,"column":40},"end":{"line":206,"column":41}},"loc":{"start":{"line":206,"column":45},"end":{"line":206,"column":83}}},"10":{"name":"(anonymous_20)","decl":{"start":{"line":207,"column":42},"end":{"line":207,"column":43}},"loc":{"start":{"line":207,"column":47},"end":{"line":207,"column":67}}},"11":{"name":"(anonymous_21)","decl":{"start":{"line":209,"column":22},"end":{"line":209,"column":27}},"loc":{"start":{"line":209,"column":33},"end":{"line":229,"column":3}}},"12":{"name":"(anonymous_22)","decl":{"start":{"line":273,"column":17},"end":{"line":273,"column":18}},"loc":{"start":{"line":273,"column":50},"end":{"line":323,"column":1}}},"13":{"name":"(anonymous_23)","decl":{"start":{"line":283,"column":22},"end":{"line":283,"column":25}},"loc":{"start":{"line":283,"column":27},"end":{"line":285,"column":3}}},"14":{"name":"(anonymous_24)","decl":{"start":{"line":337,"column":24},"end":{"line":337,"column":25}},"loc":{"start":{"line":349,"column":5},"end":{"line":586,"column":1}}},"15":{"name":"(anonymous_25)","decl":{"start":{"line":363,"column":22},"end":{"line":363,"column":25}},"loc":{"start":{"line":363,"column":28},"end":{"line":363,"column":51}}},"16":{"name":"fetchPosts","decl":{"start":{"line":371,"column":17},"end":{"line":371,"column":27}},"loc":{"start":{"line":371,"column":172},"end":{"line":428,"column":3}}},"17":{"name":"(anonymous_27)","decl":{"start":{"line":389,"column":31},"end":{"line":389,"column":32}},"loc":{"start":{"line":389,"column":48},"end":{"line":393,"column":9}}},"18":{"name":"normalizeStatus","decl":{"start":{"line":431,"column":11},"end":{"line":431,"column":26}},"loc":{"start":{"line":431,"column":41},"end":{"line":442,"column":3}}},"19":{"name":"(anonymous_29)","decl":{"start":{"line":444,"column":31},"end":{"line":444,"column":36}},"loc":{"start":{"line":444,"column":57},"end":{"line":506,"column":3}}},"20":{"name":"(anonymous_30)","decl":{"start":{"line":460,"column":48},"end":{"line":460,"column":49}},"loc":{"start":{"line":460,"column":56},"end":{"line":471,"column":8}}},"21":{"name":"(anonymous_31)","decl":{"start":{"line":485,"column":19},"end":{"line":485,"column":20}},"loc":{"start":{"line":485,"column":28},"end":{"line":493,"column":11}}},"22":{"name":"(anonymous_32)","decl":{"start":{"line":487,"column":27},"end":{"line":487,"column":31}},"loc":{"start":{"line":487,"column":34},"end":{"line":491,"column":13}}},"23":{"name":"(anonymous_33)","decl":{"start":{"line":488,"column":32},"end":{"line":488,"column":33}},"loc":{"start":{"line":488,"column":37},"end":{"line":488,"column":53}}},"24":{"name":"(anonymous_34)","decl":{"start":{"line":494,"column":18},"end":{"line":494,"column":19}},"loc":{"start":{"line":494,"column":28},"end":{"line":494,"column":36}}},"25":{"name":"(anonymous_35)","decl":{"start":{"line":509,"column":16},"end":{"line":509,"column":19}},"loc":{"start":{"line":509,"column":21},"end":{"line":511,"column":5}}},"26":{"name":"(anonymous_36)","decl":{"start":{"line":515,"column":23},"end":{"line":515,"column":26}},"loc":{"start":{"line":515,"column":28},"end":{"line":522,"column":3}}},"27":{"name":"(anonymous_37)","decl":{"start":{"line":529,"column":44},"end":{"line":529,"column":47}},"loc":{"start":{"line":529,"column":50},"end":{"line":529,"column":108}}},"28":{"name":"(anonymous_38)","decl":{"start":{"line":530,"column":46},"end":{"line":530,"column":49}},"loc":{"start":{"line":530,"column":52},"end":{"line":530,"column":112}}},"29":{"name":"(anonymous_39)","decl":{"start":{"line":558,"column":26},"end":{"line":558,"column":27}},"loc":{"start":{"line":558,"column":36},"end":{"line":558,"column":51}}},"30":{"name":"(anonymous_40)","decl":{"start":{"line":559,"column":24},"end":{"line":559,"column":25}},"loc":{"start":{"line":559,"column":38},"end":{"line":559,"column":62}}},"31":{"name":"(anonymous_41)","decl":{"start":{"line":564,"column":26},"end":{"line":564,"column":29}},"loc":{"start":{"line":564,"column":32},"end":{"line":564,"column":47}}},"32":{"name":"(anonymous_42)","decl":{"start":{"line":568,"column":23},"end":{"line":568,"column":26}},"loc":{"start":{"line":568,"column":29},"end":{"line":568,"column":43}}},"33":{"name":"(anonymous_43)","decl":{"start":{"line":578,"column":19},"end":{"line":578,"column":22}},"loc":{"start":{"line":578,"column":25},"end":{"line":578,"column":53}}},"34":{"name":"ScrollableTabView","decl":{"start":{"line":589,"column":24},"end":{"line":589,"column":41}},"loc":{"start":{"line":589,"column":41},"end":{"line":658,"column":1}}},"35":{"name":"(anonymous_45)","decl":{"start":{"line":604,"column":9},"end":{"line":604,"column":12}},"loc":{"start":{"line":604,"column":15},"end":{"line":604,"column":123}}},"36":{"name":"(anonymous_46)","decl":{"start":{"line":605,"column":8},"end":{"line":605,"column":11}},"loc":{"start":{"line":605,"column":14},"end":{"line":605,"column":76}}},"37":{"name":"(anonymous_47)","decl":{"start":{"line":606,"column":8},"end":{"line":606,"column":11}},"loc":{"start":{"line":606,"column":14},"end":{"line":606,"column":76}}},"38":{"name":"(anonymous_48)","decl":{"start":{"line":607,"column":8},"end":{"line":607,"column":11}},"loc":{"start":{"line":607,"column":14},"end":{"line":607,"column":76}}},"39":{"name":"(anonymous_49)","decl":{"start":{"line":608,"column":8},"end":{"line":608,"column":11}},"loc":{"start":{"line":608,"column":14},"end":{"line":608,"column":76}}},"40":{"name":"(anonymous_50)","decl":{"start":{"line":609,"column":7},"end":{"line":609,"column":10}},"loc":{"start":{"line":609,"column":13},"end":{"line":609,"column":103}}},"41":{"name":"(anonymous_51)","decl":{"start":{"line":613,"column":23},"end":{"line":613,"column":null}},"loc":{"start":{"line":615,"column":6},"end":{"line":644,"column":3}}},"42":{"name":"(anonymous_52)","decl":{"start":{"line":623,"column":44},"end":{"line":623,"column":45}},"loc":{"start":{"line":623,"column":57},"end":{"line":640,"column":11}}},"43":{"name":"(anonymous_53)","decl":{"start":{"line":631,"column":25},"end":{"line":631,"column":28}},"loc":{"start":{"line":631,"column":31},"end":{"line":631,"column":42}}}},"branchMap":{"0":{"loc":{"start":{"line":92,"column":4},"end":{"line":94,"column":5}},"type":"if","locations":[{"start":{"line":92,"column":4},"end":{"line":94,"column":5}}]},"1":{"loc":{"start":{"line":116,"column":7},"end":{"line":125,"column":null}},"type":"binary-expr","locations":[{"start":{"line":116,"column":7},"end":{"line":116,"column":24}},{"start":{"line":117,"column":8},"end":{"line":124,"column":null}}]},"2":{"loc":{"start":{"line":117,"column":52},"end":{"line":117,"column":108}},"type":"cond-expr","locations":[{"start":{"line":117,"column":77},"end":{"line":117,"column":101}},{"start":{"line":117,"column":104},"end":{"line":117,"column":108}}]},"3":{"loc":{"start":{"line":118,"column":11},"end":{"line":121,"column":null}},"type":"cond-expr","locations":[{"start":{"line":119,"column":12},"end":{"line":119,"column":92}},{"start":{"line":121,"column":12},"end":{"line":121,"column":71}}]},"4":{"loc":{"start":{"line":124,"column":43},"end":{"line":124,"column":100}},"type":"cond-expr","locations":[{"start":{"line":124,"column":68},"end":{"line":124,"column":93}},{"start":{"line":124,"column":96},"end":{"line":124,"column":100}}]},"5":{"loc":{"start":{"line":128,"column":7},"end":{"line":137,"column":null}},"type":"binary-expr","locations":[{"start":{"line":128,"column":7},"end":{"line":128,"column":25}},{"start":{"line":129,"column":8},"end":{"line":136,"column":null}}]},"6":{"loc":{"start":{"line":129,"column":52},"end":{"line":129,"column":109}},"type":"cond-expr","locations":[{"start":{"line":129,"column":78},"end":{"line":129,"column":102}},{"start":{"line":129,"column":105},"end":{"line":129,"column":109}}]},"7":{"loc":{"start":{"line":130,"column":11},"end":{"line":133,"column":null}},"type":"cond-expr","locations":[{"start":{"line":131,"column":12},"end":{"line":131,"column":92}},{"start":{"line":133,"column":12},"end":{"line":133,"column":71}}]},"8":{"loc":{"start":{"line":136,"column":43},"end":{"line":136,"column":101}},"type":"cond-expr","locations":[{"start":{"line":136,"column":69},"end":{"line":136,"column":94}},{"start":{"line":136,"column":97},"end":{"line":136,"column":101}}]},"9":{"loc":{"start":{"line":180,"column":16},"end":{"line":180,"column":57}},"type":"binary-expr","locations":[{"start":{"line":180,"column":16},"end":{"line":180,"column":26}},{"start":{"line":180,"column":30},"end":{"line":180,"column":57}}]},"10":{"loc":{"start":{"line":190,"column":18},"end":{"line":190,"column":63}},"type":"binary-expr","locations":[{"start":{"line":190,"column":18},"end":{"line":190,"column":28}},{"start":{"line":190,"column":32},"end":{"line":190,"column":63}}]},"11":{"loc":{"start":{"line":213,"column":6},"end":{"line":223,"column":7}},"type":"if","locations":[{"start":{"line":213,"column":6},"end":{"line":223,"column":7}},{"start":{"line":216,"column":13},"end":{"line":223,"column":7}}]},"12":{"loc":{"start":{"line":234,"column":14},"end":{"line":234,"column":56}},"type":"cond-expr","locations":[{"start":{"line":234,"column":33},"end":{"line":234,"column":39}},{"start":{"line":234,"column":42},"end":{"line":234,"column":56}}]},"13":{"loc":{"start":{"line":236,"column":15},"end":{"line":236,"column":52}},"type":"cond-expr","locations":[{"start":{"line":236,"column":34},"end":{"line":236,"column":43}},{"start":{"line":236,"column":46},"end":{"line":236,"column":52}}]},"14":{"loc":{"start":{"line":240,"column":9},"end":{"line":240,"column":62}},"type":"cond-expr","locations":[{"start":{"line":240,"column":28},"end":{"line":240,"column":39}},{"start":{"line":240,"column":42},"end":{"line":240,"column":62}}]},"15":{"loc":{"start":{"line":277,"column":4},"end":{"line":281,"column":6}},"type":"binary-expr","locations":[{"start":{"line":277,"column":4},"end":{"line":277,"column":23}},{"start":{"line":277,"column":27},"end":{"line":281,"column":6}}]},"16":{"loc":{"start":{"line":277,"column":15},"end":{"line":277,"column":22}},"type":"binary-expr","locations":[{"start":{"line":277,"column":15},"end":{"line":277,"column":16}},{"start":{"line":277,"column":20},"end":{"line":277,"column":22}}]},"17":{"loc":{"start":{"line":288,"column":4},"end":{"line":290,"column":41}},"type":"cond-expr","locations":[{"start":{"line":289,"column":8},"end":{"line":289,"column":21}},{"start":{"line":290,"column":8},"end":{"line":290,"column":41}}]},"18":{"loc":{"start":{"line":338,"column":2},"end":{"line":338,"column":29}},"type":"default-arg","locations":[{"start":{"line":338,"column":16},"end":{"line":338,"column":29}}]},"19":{"loc":{"start":{"line":339,"column":2},"end":{"line":339,"column":23}},"type":"default-arg","locations":[{"start":{"line":339,"column":19},"end":{"line":339,"column":23}}]},"20":{"loc":{"start":{"line":340,"column":2},"end":{"line":340,"column":24}},"type":"default-arg","locations":[{"start":{"line":340,"column":20},"end":{"line":340,"column":24}}]},"21":{"loc":{"start":{"line":341,"column":2},"end":{"line":341,"column":19}},"type":"default-arg","locations":[{"start":{"line":341,"column":15},"end":{"line":341,"column":19}}]},"22":{"loc":{"start":{"line":371,"column":28},"end":{"line":371,"column":55}},"type":"default-arg","locations":[{"start":{"line":371,"column":50},"end":{"line":371,"column":55}}]},"23":{"loc":{"start":{"line":371,"column":57},"end":{"line":371,"column":81}},"type":"default-arg","locations":[{"start":{"line":371,"column":76},"end":{"line":371,"column":81}}]},"24":{"loc":{"start":{"line":371,"column":97},"end":{"line":371,"column":115}},"type":"default-arg","locations":[{"start":{"line":371,"column":113},"end":{"line":371,"column":115}}]},"25":{"loc":{"start":{"line":375,"column":6},"end":{"line":377,"column":7}},"type":"if","locations":[{"start":{"line":375,"column":6},"end":{"line":377,"column":7}}]},"26":{"loc":{"start":{"line":379,"column":6},"end":{"line":381,"column":7}},"type":"if","locations":[{"start":{"line":379,"column":6},"end":{"line":381,"column":7}}]},"27":{"loc":{"start":{"line":383,"column":6},"end":{"line":412,"column":7}},"type":"if","locations":[{"start":{"line":383,"column":6},"end":{"line":412,"column":7}}]},"28":{"loc":{"start":{"line":383,"column":10},"end":{"line":383,"column":40}},"type":"binary-expr","locations":[{"start":{"line":383,"column":10},"end":{"line":383,"column":17}},{"start":{"line":383,"column":21},"end":{"line":383,"column":40}}]},"29":{"loc":{"start":{"line":395,"column":8},"end":{"line":411,"column":9}},"type":"switch","locations":[{"start":{"line":396,"column":10},"end":{"line":398,"column":18}},{"start":{"line":400,"column":10},"end":{"line":402,"column":18}},{"start":{"line":404,"column":10},"end":{"line":406,"column":18}},{"start":{"line":408,"column":10},"end":{"line":410,"column":18}}]},"30":{"loc":{"start":{"line":414,"column":6},"end":{"line":418,"column":7}},"type":"if","locations":[{"start":{"line":414,"column":6},"end":{"line":418,"column":7}}]},"31":{"loc":{"start":{"line":414,"column":10},"end":{"line":414,"column":42}},"type":"binary-expr","locations":[{"start":{"line":414,"column":10},"end":{"line":414,"column":18}},{"start":{"line":414,"column":22},"end":{"line":414,"column":42}}]},"32":{"loc":{"start":{"line":432,"column":4},"end":{"line":441,"column":5}},"type":"switch","locations":[{"start":{"line":433,"column":6},"end":{"line":434,"column":22}},{"start":{"line":435,"column":6},"end":{"line":436,"column":31}},{"start":{"line":437,"column":6},"end":{"line":438,"column":26}},{"start":{"line":439,"column":6},"end":{"line":440,"column":25}}]},"33":{"loc":{"start":{"line":444,"column":38},"end":{"line":444,"column":53}},"type":"default-arg","locations":[{"start":{"line":444,"column":48},"end":{"line":444,"column":53}}]},"34":{"loc":{"start":{"line":445,"column":4},"end":{"line":445,"column":57}},"type":"if","locations":[{"start":{"line":445,"column":4},"end":{"line":445,"column":57}}]},"35":{"loc":{"start":{"line":445,"column":8},"end":{"line":445,"column":48}},"type":"binary-expr","locations":[{"start":{"line":445,"column":8},"end":{"line":445,"column":16}},{"start":{"line":445,"column":21},"end":{"line":445,"column":35}},{"start":{"line":445,"column":39},"end":{"line":445,"column":47}}]},"36":{"loc":{"start":{"line":448,"column":4},"end":{"line":452,"column":5}},"type":"if","locations":[{"start":{"line":448,"column":4},"end":{"line":452,"column":5}},{"start":{"line":450,"column":11},"end":{"line":452,"column":5}}]},"37":{"loc":{"start":{"line":455,"column":25},"end":{"line":455,"column":43}},"type":"cond-expr","locations":[{"start":{"line":455,"column":35},"end":{"line":455,"column":36}},{"start":{"line":455,"column":39},"end":{"line":455,"column":43}}]},"38":{"loc":{"start":{"line":464,"column":18},"end":{"line":464,"column":42}},"type":"binary-expr","locations":[{"start":{"line":464,"column":18},"end":{"line":464,"column":36}},{"start":{"line":464,"column":40},"end":{"line":464,"column":42}}]},"39":{"loc":{"start":{"line":472,"column":6},"end":{"line":498,"column":7}},"type":"if","locations":[{"start":{"line":472,"column":6},"end":{"line":498,"column":7}},{"start":{"line":476,"column":11},"end":{"line":498,"column":7}}]},"40":{"loc":{"start":{"line":472,"column":10},"end":{"line":472,"column":40}},"type":"binary-expr","locations":[{"start":{"line":472,"column":10},"end":{"line":472,"column":17}},{"start":{"line":472,"column":21},"end":{"line":472,"column":40}}]},"41":{"loc":{"start":{"line":477,"column":8},"end":{"line":496,"column":9}},"type":"if","locations":[{"start":{"line":477,"column":8},"end":{"line":496,"column":9}},{"start":{"line":483,"column":15},"end":{"line":496,"column":9}}]},"42":{"loc":{"start":{"line":488,"column":14},"end":{"line":490,"column":15}},"type":"if","locations":[{"start":{"line":488,"column":14},"end":{"line":490,"column":15}}]},"43":{"loc":{"start":{"line":516,"column":4},"end":{"line":516,"column":64}},"type":"if","locations":[{"start":{"line":516,"column":4},"end":{"line":516,"column":64}}]},"44":{"loc":{"start":{"line":529,"column":27},"end":{"line":529,"column":120}},"type":"cond-expr","locations":[{"start":{"line":529,"column":44},"end":{"line":529,"column":108}},{"start":{"line":529,"column":111},"end":{"line":529,"column":120}}]},"45":{"loc":{"start":{"line":529,"column":66},"end":{"line":529,"column":107}},"type":"cond-expr","locations":[{"start":{"line":529,"column":92},"end":{"line":529,"column":98}},{"start":{"line":529,"column":101},"end":{"line":529,"column":107}}]},"46":{"loc":{"start":{"line":530,"column":28},"end":{"line":530,"column":124}},"type":"cond-expr","locations":[{"start":{"line":530,"column":46},"end":{"line":530,"column":112}},{"start":{"line":530,"column":115},"end":{"line":530,"column":124}}]},"47":{"loc":{"start":{"line":530,"column":68},"end":{"line":530,"column":111}},"type":"cond-expr","locations":[{"start":{"line":530,"column":95},"end":{"line":530,"column":101}},{"start":{"line":530,"column":104},"end":{"line":530,"column":111}}]},"48":{"loc":{"start":{"line":537,"column":7},"end":{"line":538,"column":null}},"type":"binary-expr","locations":[{"start":{"line":537,"column":7},"end":{"line":537,"column":30}},{"start":{"line":538,"column":8},"end":{"line":538,"column":152}}]},"49":{"loc":{"start":{"line":542,"column":7},"end":{
[...]
umn":2},"end":{"line":115,"column":14}},"8":{"start":{"line":3,"column":0},"end":{"line":3,"column":31}},"9":{"start":{"line":5,"column":0},"end":{"line":5,"column":29}},"10":{"start":{"line":8,"column":2},"end":{"line":19,"column":4}},"11":{"start":{"line":23,"column":2},"end":{"line":29,"column":4}},"12":{"start":{"line":33,"column":2},"end":{"line":39,"column":4}},"13":{"start":{"line":43,"column":2},"end":{"line":52,"column":4}},"14":{"start":{"line":56,"column":2},"end":{"line":65,"column":4}},"15":{"start":{"line":69,"column":2},"end":{"line":78,"column":4}},"16":{"start":{"line":82,"column":2},"end":{"line":91,"column":4}},"17":{"start":{"line":98,"column":2},"end":{"line":104,"column":4}}},"fnMap":{"0":{"name":"Table","decl":{"start":{"line":7,"column":9},"end":{"line":7,"column":14}},"loc":{"start":{"line":7,"column":69},"end":{"line":20,"column":1}}},"1":{"name":"TableHeader","decl":{"start":{"line":22,"column":9},"end":{"line":22,"column":20}},"loc":{"start":{"line":22,"column":75},"end":{"line":30,"column":1}}},"2":{"name":"TableBody","decl":{"start":{"line":32,"column":9},"end":{"line":32,"column":18}},"loc":{"start":{"line":32,"column":73},"end":{"line":40,"column":1}}},"3":{"name":"TableFooter","decl":{"start":{"line":42,"column":9},"end":{"line":42,"column":20}},"loc":{"start":{"line":42,"column":75},"end":{"line":53,"column":1}}},"4":{"name":"TableRow","decl":{"start":{"line":55,"column":9},"end":{"line":55,"column":17}},"loc":{"start":{"line":55,"column":69},"end":{"line":66,"column":1}}},"5":{"name":"TableHead","decl":{"start":{"line":68,"column":9},"end":{"line":68,"column":18}},"loc":{"start":{"line":68,"column":70},"end":{"line":79,"column":1}}},"6":{"name":"TableCell","decl":{"start":{"line":81,"column":9},"end":{"line":81,"column":18}},"loc":{"start":{"line":81,"column":70},"end":{"line":92,"column":1}}},"7":{"name":"TableCaption","decl":{"start":{"line":94,"column":9},"end":{"line":94,"column":21}},"loc":{"start":{"line":97,"column":34},"end":{"line":105,"column":1}}}},"branchMap":{},"s":{"0":0,"1":0,"2":0,"3":0,"4":0,"5":0,"6":0,"7":0,"8":0,"9":0,"10":0,"11":0,"12":0,"13":0,"14":0,"15":0,"16":0,"17":0},"f":{"0":0,"1":0,"2":0,"3":0,"4":0,"5":0,"6":0,"7":0},"b":{}}
,"C:\\Users\\thinh\\Documents\\GitHub\\APP-PUBLIC\\Lofy\\components\\ui\\tabs.tsx": {"path":"C:\\Users\\thinh\\Documents\\GitHub\\APP-PUBLIC\\Lofy\\components\\ui\\tabs.tsx","statementMap":{"0":{"start":{"line":66,"column":9},"end":{"line":66,"column":13}},"1":{"start":{"line":66,"column":15},"end":{"line":66,"column":23}},"2":{"start":{"line":66,"column":25},"end":{"line":66,"column":36}},"3":{"start":{"line":66,"column":38},"end":{"line":66,"column":49}},"4":{"start":{"line":3,"column":0},"end":{"line":3,"column":31}},"5":{"start":{"line":4,"column":0},"end":{"line":4,"column":60}},"6":{"start":{"line":6,"column":0},"end":{"line":6,"column":29}},"7":{"start":{"line":12,"column":2},"end":{"line":18,"column":4}},"8":{"start":{"line":25,"column":2},"end":{"line":34,"column":4}},"9":{"start":{"line":41,"column":2},"end":{"line":50,"column":4}},"10":{"start":{"line":57,"column":2},"end":{"line":63,"column":4}}},"fnMap":{"0":{"name":"Tabs","decl":{"start":{"line":8,"column":9},"end":{"line":8,"column":13}},"loc":{"start":{"line":11,"column":50},"end":{"line":19,"column":1}}},"1":{"name":"TabsList","decl":{"start":{"line":21,"column":9},"end":{"line":21,"column":17}},"loc":{"start":{"line":24,"column":50},"end":{"line":35,"column":1}}},"2":{"name":"TabsTrigger","decl":{"start":{"line":37,"column":9},"end":{"line":37,"column":20}},"loc":{"start":{"line":40,"column":53},"end":{"line":51,"column":1}}},"3":{"name":"TabsContent","decl":{"start":{"line":53,"column":9},"end":{"line":53,"column":20}},"loc":{"start":{"line":56,"column":53},"end":{"line":64,"column":1}}}},"branchMap":{},"s":{"0":0,"1":0,"2":0,"3":0,"4":0,"5":0,"6":0,"7":0,"8":0,"9":0,"10":0},"f":{"0":0,"1":0,"2":0,"3":0},"b":{}}
,"C:\\Users\\thinh\\Documents\\GitHub\\APP-PUBLIC\\Lofy\\components\\ui\\textarea.tsx": {"path":"C:\\Users\\thinh\\Documents\\GitHub\\APP-PUBLIC\\Lofy\\components\\ui\\textarea.tsx","statementMap":{"0":{"start":{"line":18,"column":9},"end":{"line":18,"column":17}},"1":{"start":{"line":1,"column":0},"end":{"line":1,"column":31}},"2":{"start":{"line":3,"column":0},"end":{"line":3,"column":29}},"3":{"start":{"line":6,"column":2},"end":{"line":15,"column":4}}},"fnMap":{"0":{"name":"Textarea","decl":{"start":{"line":5,"column":9},"end":{"line":5,"column":17}},"loc":{"start":{"line":5,"column":75},"end":{"line":16,"column":1}}}},"branchMap":{},"s":{"0":0,"1":0,"2":0,"3":0},"f":{"0":0},"b":{}}
,"C:\\Users\\thinh\\Documents\\GitHub\\APP-PUBLIC\\Lofy\\components\\ui\\toggle-group.tsx": {"path":"C:\\Users\\thinh\\Documents\\GitHub\\APP-PUBLIC\\Lofy\\components\\ui\\toggle-group.tsx","statementMap":{"0":{"start":{"line":73,"column":9},"end":{"line":73,"column":20}},"1":{"start":{"line":73,"column":22},"end":{"line":73,"column":37}},"2":{"start":{"line":3,"column":0},"end":{"line":3,"column":31}},"3":{"start":{"line":4,"column":0},"end":{"line":4,"column":75}},"4":{"start":{"line":7,"column":0},"end":{"line":7,"column":29}},"5":{"start":{"line":8,"column":0},"end":{"line":8,"column":42}},"6":{"start":{"line":10,"column":27},"end":{"line":15,"column":2}},"7":{"start":{"line":25,"column":2},"end":{"line":40,"column":4}},"8":{"start":{"line":51,"column":18},"end":{"line":51,"column":54}},"9":{"start":{"line":53,"column":2},"end":{"line":70,"column":4}}},"fnMap":{"0":{"name":"ToggleGroup","decl":{"start":{"line":17,"column":9},"end":{"line":17,"column":20}},"loc":{"start":{"line":24,"column":37},"end":{"line":41,"column":1}}},"1":{"name":"ToggleGroupItem","decl":{"start":{"line":43,"column":9},"end":{"line":43,"column":24}},"loc":{"start":{"line":50,"column":37},"end":{"line":71,"column":1}}}},"branchMap":{"0":{"loc":{"start":{"line":56,"column":20},"end":{"line":56,"column":46}},"type":"binary-expr","locations":[{"start":{"line":56,"column":20},"end":{"line":56,"column":35}},{"start":{"line":56,"column":39},"end":{"line":56,"column":46}}]},"1":{"loc":{"start":{"line":57,"column":17},"end":{"line":57,"column":37}},"type":"binary-expr","locations":[{"start":{"line":57,"column":17},"end":{"line":57,"column":29}},{"start":{"line":57,"column":33},"end":{"line":57,"column":37}}]},"2":{"loc":{"start":{"line":60,"column":19},"end":{"line":60,"column":45}},"type":"binary-expr","locations":[{"start":{"line":60,"column":19},"end":{"line":60,"column":34}},{"start":{"line":60,"column":38},"end":{"line":60,"column":45}}]},"3":{"loc":{"start":{"line":61,"column":16},"end":{"line":61,"column":36}},"type":"binary-expr","locations":[{"start":{"line":61,"column":16},"end":{"line":61,"column":28}},{"start":{"line":61,"column":32},"end":{"line":61,"column":36}}]}},"s":{"0":0,"1":0,"2":0,"3":0,"4":0,"5":0,"6":0,"7":0,"8":0,"9":0},"f":{"0":0,"1":0},"b":{"0":[0,0],"1":[0,0],"2":[0,0],"3":[0,0]}}
,"C:\\Users\\thinh\\Documents\\GitHub\\APP-PUBLIC\\Lofy\\components\\ui\\toggle.tsx": {"path":"C:\\Users\\thinh\\Documents\\GitHub\\APP-PUBLIC\\Lofy\\components\\ui\\toggle.tsx","statementMap":{"0":{"start":{"line":47,"column":9},"end":{"line":47,"column":15}},"1":{"start":{"line":3,"column":0},"end":{"line":3,"column":31}},"2":{"start":{"line":4,"column":0},"end":{"line":4,"column":64}},"3":{"start":{"line":5,"column":0},"end":{"line":5,"column":72}},"4":{"start":{"line":7,"column":0},"end":{"line":7,"column":29}},"5":{"start":{"line":9,"column":23},"end":{"line":28,"column":null}},"6":{"start":{"line":47,"column":17},"end":{"line":47,"column":31}},"7":{"start":{"line":38,"column":2},"end":{"line":44,"column":4}}},"fnMap":{"0":{"name":"Toggle","decl":{"start":{"line":31,"column":9},"end":{"line":31,"column":15}},"loc":{"start":{"line":37,"column":37},"end":{"line":45,"column":1}}}},"branchMap":{},"s":{"0":0,"1":0,"2":0,"3":0,"4":0,"5":0,"6":0,"7":0},"f":{"0":0},"b":{}}
,"C:\\Users\\thinh\\Documents\\GitHub\\APP-PUBLIC\\Lofy\\components\\ui\\tooltip.tsx": {"path":"C:\\Users\\thinh\\Documents\\GitHub\\APP-PUBLIC\\Lofy\\components\\ui\\tooltip.tsx","statementMap":{"0":{"start":{"line":61,"column":9},"end":{"line":61,"column":16}},"1":{"start":{"line":61,"column":18},"end":{"line":61,"column":32}},"2":{"start":{"line":61,"column":34},"end":{"line":61,"column":48}},"3":{"start":{"line":61,"column":50},"end":{"line":61,"column":65}},"4":{"start":{"line":3,"column":0},"end":{"line":3,"column":31}},"5":{"start":{"line":4,"column":0},"end":{"line":4,"column":66}},"6":{"start":{"line":6,"column":0},"end":{"line":6,"column":29}},"7":{"start":{"line":12,"column":2},"end":{"line":18,"column":4}},"8":{"start":{"line":24,"column":2},"end":{"line":28,"column":4}},"9":{"start":{"line":34,"column":2},"end":{"line":34,"column":77}},"10":{"start":{"line":43,"column":2},"end":{"line":58,"column":4}}},"fnMap":{"0":{"name":"TooltipProvider","decl":{"start":{"line":8,"column":9},"end":{"line":8,"column":24}},"loc":{"start":{"line":11,"column":57},"end":{"line":19,"column":1}}},"1":{"name":"Tooltip","decl":{"start":{"line":21,"column":9},"end":{"line":21,"column":16}},"loc":{"start":{"line":23,"column":53},"end":{"line":29,"column":1}}},"2":{"name":"TooltipTrigger","decl":{"start":{"line":31,"column":9},"end":{"line":31,"column":23}},"loc":{"start":{"line":33,"column":56},"end":{"line":35,"column":1}}},"3":{"name":"TooltipContent","decl":{"start":{"line":37,"column":9},"end":{"line":37,"column":23}},"loc":{"start":{"line":42,"column":56},"end":{"line":59,"column":1}}}},"branchMap":{"0":{"loc":{"start":{"line":9,"column":2},"end":{"line":9,"column":19}},"type":"default-arg","locations":[{"start":{"line":9,"column":18},"end":{"line":9,"column":19}}]},"1":{"loc":{"start":{"line":39,"column":2},"end":{"line":39,"column":16}},"type":"default-arg","locations":[{"start":{"line":39,"column":15},"end":{"line":39,"column":16}}]}},"s":{"0":0,"1":0,"2":0,"3":0,"4":0,"5":0,"6":0,"7":0,"8":0,"9":0,"10":0},"f":{"0":0,"1":0,"2":0,"3":0},"b":{"0":[0],"1":[0]}}
,"C:\\Users\\thinh\\Documents\\GitHub\\APP-PUBLIC\\Lofy\\schema\\notification.ts": {"path":"C:\\Users\\thinh\\Documents\\GitHub\\APP-PUBLIC\\Lofy\\schema\\notification.ts","statementMap":{"0":{"start":{"line":1,"column":0},"end":{"line":1,"column":25}},"1":{"start":{"line":3,"column":25},"end":{"line":6,"column":2}},"2":{"start":{"line":8,"column":27},"end":{"line":16,"column":2}},"3":{"start":{"line":20,"column":13},"end":{"line":20,"column":66}}},"fnMap":{},"branchMap":{},"s":{"0":2,"1":2,"2":2,"3":2},"f":{},"b":{}}
,"C:\\Users\\thinh\\Documents\\GitHub\\APP-PUBLIC\\Lofy\\store\\notiStore.tsx": {"path":"C:\\Users\\thinh\\Documents\\GitHub\\APP-PUBLIC\\Lofy\\store\\notiStore.tsx","statementMap":{"0":{"start":{"line":1,"column":0},"end":{"line":1,"column":33}},"1":{"start":{"line":2,"column":0},"end":{"line":2,"column":64}},"2":{"start":{"line":3,"column":0},"end":{"line":3,"column":69}},"3":{"start":{"line":4,"column":0},"end":{"line":4,"column":38}},"4":{"start":{"line":5,"column":0},"end":{"line":5,"column":78}},"5":{"start":{"line":18,"column":13},"end":{"line":70,"column":2}},"6":{"start":{"line":20,"column":23},"end":{"line":64,"column":10}},"7":{"start":{"line":25,"column":16},"end":{"line":28,"column":18}},"8":{"start":{"line":27,"column":53},"end":{"line":27,"column":63}},"9":{"start":{"line":31,"column":16},"end":{"line":44,"column":17}},"10":{"start":{"line":33,"column":32},"end":{"line":33,"column":89}},"11":{"start":{"line":34,"column":20},"end":{"line":34,"column":null}},"12":{"start":{"line":37,"column":42},"end":{"line":37,"column":75}},"13":{"start":{"line":39,"column":20},"end":{"line":39,"column":58}},"14":{"start":{"line":42,"column":20},"end":{"line":42,"column":88}},"15":{"start":{"line":47,"column":32},"end":{"line":55,"column":14}},"16":{"start":{"line":48,"column":36},"end":{"line":49,"column":null}},"17":{"start":{"line":49,"column":20},"end":{"line":49,"column":61}},"18":{"start":{"line":51,"column":16},"end":{"line":54,"column":18}},"19":{"start":{"line":53,"column":57},"end":{"line":53,"column":67}},"20":{"start":{"line":57,"column":33},"end":{"line":63,"column":14}},"21":{"start":{"line":58,"column":36},"end":{"line":58,"column":97}},"22":{"start":{"line":58,"column":72},"end":{"line":58,"column":95}},"23":{"start":{"line":59,"column":16},"end":{"line":62,"column":18}},"24":{"start":{"line":67,"column":45},"end":{"line":67,"column":57}}},"fnMap":{"0":{"name":"(anonymous_1)","decl":{"start":{"line":20,"column":8},"end":{"line":20,"column":9}},"loc":{"start":{"line":20,"column":23},"end":{"line":64,"column":10}}},"1":{"name":"(anonymous_2)","decl":{"start":{"line":24,"column":30},"end":{"line":24,"column":31}},"loc":{"start":{"line":25,"column":16},"end":{"line":28,"column":18}}},"2":{"name":"(anonymous_3)","decl":{"start":{"line":27,"column":46},"end":{"line":27,"column":47}},"loc":{"start":{"line":27,"column":53},"end":{"line":27,"column":63}}},"3":{"name":"(anonymous_4)","decl":{"start":{"line":30,"column":32},"end":{"line":30,"column":37}},"loc":{"start":{"line":30,"column":43},"end":{"line":45,"column":13}}},"4":{"name":"(anonymous_5)","decl":{"start":{"line":47,"column":24},"end":{"line":47,"column":25}},"loc":{"start":{"line":47,"column":32},"end":{"line":55,"column":14}}},"5":{"name":"(anonymous_6)","decl":{"start":{"line":47,"column":36},"end":{"line":47,"column":37}},"loc":{"start":{"line":47,"column":46},"end":{"line":55,"column":13}}},"6":{"name":"(anonymous_7)","decl":{"start":{"line":48,"column":64},"end":{"line":48,"column":65}},"loc":{"start":{"line":49,"column":20},"end":{"line":49,"column":61}}},"7":{"name":"(anonymous_8)","decl":{"start":{"line":53,"column":52},"end":{"line":53,"column":53}},"loc":{"start":{"line":53,"column":57},"end":{"line":53,"column":67}}},"8":{"name":"(anonymous_9)","decl":{"start":{"line":57,"column":27},"end":{"line":57,"column":30}},"loc":{"start":{"line":57,"column":33},"end":{"line":63,"column":14}}},"9":{"name":"(anonymous_10)","decl":{"start":{"line":57,"column":37},"end":{"line":57,"column":38}},"loc":{"start":{"line":57,"column":47},"end":{"line":63,"column":13}}},"10":{"name":"(anonymous_11)","decl":{"start":{"line":58,"column":64},"end":{"line":58,"column":65}},"loc":{"start":{"line":58,"column":72},"end":{"line":58,"column":95}}},"11":{"name":"(anonymous_12)","decl":{"start":{"line":67,"column":39},"end":{"line":67,"column":42}},"loc":{"start":{"line":67,"column":45},"end":{"line":67,"column":57}}}},"branchMap":{"0":{"loc":{"start":{"line":49,"column":20},"end":{"line":49,"column":61}},"type":"cond-expr","locations":[{"start":{"line":49,"column":34},"end":{"line":49,"column":57}},{"start":{"line":49,"column":60},"end":{"line":49,"column":61}}]}},"s":{"0":1,"1":1,"2":1,"3":1,"4":1,"5":1,"6":1,"7":22,"8":13,"9":5,"10":5,"11":3,"12":3,"13":2,"14":3,"15":2,"16":2,"17":3,"18":2,"19":3,"20":2,"21":2,"22":3,"23":2,"24":1},"f":{"0":1,"1":22,"2":13,"3":5,"4":2,"5":2,"6":3,"7":3,"8":2,"9":2,"10":3,"11":1},"b":{"0":[1,2]}}
,"C:\\Users\\thinh\\Documents\\GitHub\\APP-PUBLIC\\Lofy\\store\\useUserStore.tsx": {"path":"C:\\Users\\thinh\\Documents\\GitHub\\APP-PUBLIC\\Lofy\\store\\useUserStore.tsx","statementMap":{"0":{"start":{"line":2,"column":0},"end":{"line":2,"column":33}},"1":{"start":{"line":3,"column":0},"end":{"line":3,"column":64}},"2":{"start":{"line":4,"column":0},"end":{"line":4,"column":69}},"3":{"start":{"line":18,"column":21},"end":{"line":56,"column":null}},"4":{"start":{"line":20,"column":19},"end":{"line":51,"column":6}},"5":{"start":{"line":25,"column":21},"end":{"line":25,"column":30}},"6":{"start":{"line":27,"column":27},"end":{"line":27,"column":41}},"7":{"start":{"line":30,"column":8},"end":{"line":30,"column":46}},"8":{"start":{"line":34,"column":8},"end":{"line":34,"column":58}},"9":{"start":{"line":38,"column":38},"end":{"line":38,"column":43}},"10":{"start":{"line":39,"column":8},"end":{"line":47,"column":9}},"11":{"start":{"line":40,"column":10},"end":{"line":42,"column":13}},"12":{"start":{"line":41,"column":62},"end":{"line":41,"column":77}},"13":{"start":{"line":44,"column":10},"end":{"line":46,"column":13}},"14":{"start":{"line":50,"column":23},"end":{"line":50,"column":64}},"15":{"start":{"line":54,"column":39},"end":{"line":54,"column":51}},"16":{"start":{"line":59,"column":0},"end":{"line":59,"column":28}}},"fnMap":{"0":{"name":"(anonymous_1)","decl":{"start":{"line":20,"column":4},"end":{"line":20,"column":5}},"loc":{"start":{"line":20,"column":19},"end":{"line":51,"column":6}}},"1":{"name":"(anonymous_2)","decl":{"start":{"line":25,"column":13},"end":{"line":25,"column":14}},"loc":{"start":{"line":25,"column":21},"end":{"line":25,"column":30}}},"2":{"name":"(anonymous_3)","decl":{"start":{"line":27,"column":16},"end":{"line":27,"column":17}},"loc":{"start":{"line":27,"column":27},"end":{"line":27,"column":41}}},"3":{"name":"(anonymous_4)","decl":{"start":{"line":29,"column":26},"end":{"line":29,"column":27}},"loc":{"start":{"line":29,"column":40},"end":{"line":31,"column":7}}},"4":{"name":"(anonymous_5)","decl":{"start":{"line":33,"column":24},"end":{"line":33,"column":25}},"loc":{"start":{"line":33,"column":37},"end":{"line":35,"column":7}}},"5":{"name":"(anonymous_6)","decl":{"start":{"line":37,"column":26},"end":{"line":37,"column":27}},"loc":{"start":{"line":37,"column":39},"end":{"line":48,"column":7}}},"6":{"name":"(anonymous_7)","decl":{"start":{"line":41,"column":56},"end":{"line":41,"column":58}},"loc":{"start":{"line":41,"column":62},"end":{"line":41,"column":77}}},"7":{"name":"(anonymous_8)","decl":{"start":{"line":50,"column":17},"end":{"line":50,"column":20}},"loc":{"start":{"line":50,"column":23},"end":{"line":50,"column":64}}},"8":{"name":"(anonymous_9)","decl":{"start":{"line":54,"column":33},"end":{"line":54,"column":36}},"loc":{"start":{"line":54,"column":39},"end":{"line":54,"column":51}}}},"branchMap":{"0":{"loc":{"start":{"line":39,"column":8},"end":{"line":47,"column":9}},"type":"if","locations":[{"start":{"line":39,"column":8},"end":{"line":47,"column":9}},{"start":{"line":43,"column":15},"end":{"line":47,"column":9}}]}},"s":{"0":1,"1":1,"2":1,"3":1,"4":1,"5":5,"6":2,"7":2,"8":4,"9":2,"10":2,"11":1,"12":2,"13":1,"14":4,"15":1,"16":1},"f":{"0":1,"1":5,"2":2,"3":2,"4":4,"5":2,"6":2,"7":4,"8":1},"b":{"0":[1,1]}}
,"C:\\Users\\thinh\\Documents\\GitHub\\APP-PUBLIC\\Lofy\\styles\\theme.ts": {"path":"C:\\Users\\thinh\\Documents\\GitHub\\APP-PUBLIC\\Lofy\\styles\\theme.ts","statementMap":{"0":{"start":{"line":2,"column":13},"end":{"line":25,"column":2}},"1":{"start":{"line":27,"column":13},"end":{"line":32,"column":null}},"2":{"start":{"line":34,"column":13},"end":{"line":39,"column":2}},"3":{"start":{"line":41,"column":13},"end":{"line":55,"column":null}}},"fnMap":{},"branchMap":{},"s":{"0":1,"1":1,"2":1,"3":1},"f":{},"b":{}}
,"C:\\Users\\thinh\\Documents\\GitHub\\APP-PUBLIC\\Lofy\\utils\\date.ts": {"path":"C:\\Users\\thinh\\Documents\\GitHub\\APP-PUBLIC\\Lofy\\utils\\date.ts","statementMap":{"0":{"start":{"line":1,"column":0},"end":{"line":1,"column":16}},"1":{"start":{"line":9,"column":0},"end":{"line":9,"column":16}},"2":{"start":{"line":16,"column":0},"end":{"line":16,"column":16}},"3":{"start":{"line":2,"column":2},"end":{"line":6,"column":5}},"4":{"start":{"line":10,"column":2},"end":{"line":13,"column":5}},"5":{"start":{"line":17,"column":2},"end":{"line":17,"column":23}}},"fnMap":{"0":{"name":"formatDateVN","decl":{"start":{"line":1,"column":16},"end":{"line":1,"column":28}},"loc":{"start":{"line":1,"column":36},"end":{"line":7,"column":1}}},"1":{"name":"formatTimeVN","decl":{"start":{"line":9,"column":16},"end":{"line":9,"column":28}},"loc":{"start":{"line":9,"column":36},"end":{"line":14,"column":1}}},"2":{"name":"parseIsoToDate","decl":{"start":{"line":16,"column":16},"end":{"line":16,"column":30}},"loc":{"start":{"line":16,"column":42},"end":{"line":18,"column":1}}}},"branchMap":{},"s":{"0":1,"1":1,"2":1,"3":1,"4":1,"5":2},"f":{"0":1,"1":1,"2":2},"b":{}}
}
