{"D:\\STUDY\\Lofy\\Lofy\\nativewind-env.d.ts": {"path":"D:\\STUDY\\Lofy\\Lofy\\nativewind-env.d.ts","statementMap":{},"fnMap":{},"branchMap":{},"s":{},"f":{},"b":{}}
,"D:\\STUDY\\Lofy\\Lofy\\app\\_layout.tsx": {"path":"D:\\STUDY\\Lofy\\Lofy\\app\\_layout.tsx","statementMap":{"0":{"start":{"line":6,"column":0},"end":{"line":23,"column":3}},"1":{"start":{"line":27,"column":2},"end":{"line":58,"column":4}}},"fnMap":{"0":{"name":"RootLayout","decl":{"start":{"line":26,"column":36},"end":{"line":26,"column":46}},"loc":{"start":{"line":26,"column":49},"end":{"line":59,"column":1}},"line":26}},"branchMap":{},"s":{"0":0,"1":0},"f":{"0":0},"b":{}}
,"D:\\STUDY\\Lofy\\Lofy\\app\\index.tsx": {"path":"D:\\STUDY\\Lofy\\Lofy\\app\\index.tsx","statementMap":{"0":{"start":{"line":11,"column":0},"end":{"line":19,"column":3}},"1":{"start":{"line":12,"column":35},"end":{"line":18,"column":3}},"2":{"start":{"line":22,"column":21},"end":{"line":22,"column":66}},"3":{"start":{"line":23,"column":2},"end":{"line":23,"column":40}},"4":{"start":{"line":23,"column":28},"end":{"line":23,"column":40}},"5":{"start":{"line":24,"column":16},"end":{"line":24,"column":66}},"6":{"start":{"line":25,"column":2},"end":{"line":25,"column":41}},"7":{"start":{"line":26,"column":2},"end":{"line":26,"column":15}},"8":{"start":{"line":31,"column":36},"end":{"line":31,"column":50}},"9":{"start":{"line":32,"column":38},"end":{"line":32,"column":53}},"10":{"start":{"line":34,"column":34},"end":{"line":36,"column":3}},"11":{"start":{"line":35,"column":4},"end":{"line":35,"column":47}},"12":{"start":{"line":38,"column":32},"end":{"line":52,"column":3}},"13":{"start":{"line":39,"column":17},"end":{"line":39,"column":52}},"14":{"start":{"line":40,"column":4},"end":{"line":49,"column":5}},"15":{"start":{"line":41,"column":27},"end":{"line":41,"column":44}},"16":{"start":{"line":42,"column":18},"end":{"line":42,"column":36}},"17":{"start":{"line":43,"column":6},"end":{"line":46,"column":7}},"18":{"start":{"line":44,"column":8},"end":{"line":44,"column":47}},"19":{"start":{"line":45,"column":8},"end":{"line":45,"column":20}},"20":{"start":{"line":48,"column":6},"end":{"line":48,"column":20}},"21":{"start":{"line":51,"column":4},"end":{"line":51,"column":16}},"22":{"start":{"line":54,"column":2},"end":{"line":65,"column":9}},"23":{"start":{"line":55,"column":23},"end":{"line":62,"column":5}},"24":{"start":{"line":56,"column":20},"end":{"line":56,"column":61}},"25":{"start":{"line":57,"column":6},"end":{"line":60,"column":7}},"26":{"start":{"line":58,"column":8},"end":{"line":58,"column":42}},"27":{"start":{"line":59,"column":8},"end":{"line":59,"column":28}},"28":{"start":{"line":61,"column":6},"end":{"line":61,"column":26}},"29":{"start":{"line":64,"column":4},"end":{"line":64,"column":17}},"30":{"start":{"line":68,"column":2},"end":{"line":74,"column":3}},"31":{"start":{"line":69,"column":4},"end":{"line":73,"column":6}},"32":{"start":{"line":77,"column":2},"end":{"line":114,"column":3}},"33":{"start":{"line":78,"column":63},"end":{"line":78,"column":86}},"34":{"start":{"line":80,"column":22},"end":{"line":93,"column":5}},"35":{"start":{"line":81,"column":6},"end":{"line":92,"column":7}},"36":{"start":{"line":82,"column":20},"end":{"line":82,"column":45}},"37":{"start":{"line":83,"column":25},"end":{"line":83,"column":50}},"38":{"start":{"line":84,"column":8},"end":{"line":84,"column":20}},"39":{"start":{"line":85,"column":26},"end":{"line":85,"column":86}},"40":{"start":{"line":85,"column":71},"end":{"line":85,"column":85}},"41":{"start":{"line":86,"column":8},"end":{"line":86,"column":38}},"42":{"start":{"line":87,"column":8},"end":{"line":87,"column":31}},"43":{"start":{"line":88,"column":8},"end":{"line":88,"column":25}},"44":{"start":{"line":89,"column":8},"end":{"line":89,"column":31}},"45":{"start":{"line":91,"column":8},"end":{"line":91,"column":51}},"46":{"start":{"line":95,"column":37},"end":{"line":109,"column":5}},"47":{"start":{"line":96,"column":6},"end":{"line":108,"column":7}},"48":{"start":{"line":97,"column":23},"end":{"line":97,"column":47}},"49":{"start":{"line":99,"column":20},"end":{"line":99,"column":88}},"50":{"start":{"line":100,"column":8},"end":{"line":105,"column":9}},"51":{"start":{"line":101,"column":10},"end":{"line":101,"column":50}},"52":{"start":{"line":104,"column":10},"end":{"line":104,"column":27}},"53":{"start":{"line":107,"column":8},"end":{"line":107,"column":34}},"54":{"start":{"line":111,"column":4},"end":{"line":111,"column":16}},"55":{"start":{"line":112,"column":4},"end":{"line":112,"column":31}},"56":{"start":{"line":113,"column":4},"end":{"line":113,"column":39}},"57":{"start":{"line":117,"column":2},"end":{"line":117,"column":41}}},"fnMap":{"0":{"name":"(anonymous_0)","decl":{"start":{"line":12,"column":22},"end":{"line":12,"column":23}},"loc":{"start":{"line":12,"column":35},"end":{"line":18,"column":3}},"line":12},"1":{"name":"getExpoPushToken","decl":{"start":{"line":21,"column":15},"end":{"line":21,"column":31}},"loc":{"start":{"line":21,"column":34},"end":{"line":27,"column":1}},"line":21},"2":{"name":"StartPage","decl":{"start":{"line":30,"column":24},"end":{"line":30,"column":33}},"loc":{"start":{"line":30,"column":36},"end":{"line":118,"column":1}},"line":30},"3":{"name":"(anonymous_3)","decl":{"start":{"line":34,"column":34},"end":{"line":34,"column":35}},"loc":{"start":{"line":34,"column":66},"end":{"line":36,"column":3}},"line":34},"4":{"name":"(anonymous_4)","decl":{"start":{"line":38,"column":32},"end":{"line":38,"column":33}},"loc":{"start":{"line":38,"column":52},"end":{"line":52,"column":3}},"line":38},"5":{"name":"(anonymous_5)","decl":{"start":{"line":54,"column":12},"end":{"line":54,"column":13}},"loc":{"start":{"line":54,"column":18},"end":{"line":65,"column":3}},"line":54},"6":{"name":"(anonymous_6)","decl":{"start":{"line":55,"column":23},"end":{"line":55,"column":24}},"loc":{"start":{"line":55,"column":35},"end":{"line":62,"column":5}},"line":55},"7":{"name":"(anonymous_7)","decl":{"start":{"line":80,"column":22},"end":{"line":80,"column":23}},"loc":{"start":{"line":80,"column":34},"end":{"line":93,"column":5}},"line":80},"8":{"name":"(anonymous_8)","decl":{"start":{"line":85,"column":56},"end":{"line":85,"column":57}},"loc":{"start":{"line":85,"column":71},"end":{"line":85,"column":85}},"line":85},"9":{"name":"(anonymous_9)","decl":{"start":{"line":95,"column":37},"end":{"line":95,"column":38}},"loc":{"start":{"line":95,"column":49},"end":{"line":109,"column":5}},"line":95}},"branchMap":{"0":{"loc":{"start":{"line":23,"column":2},"end":{"line":23,"column":40}},"type":"if","locations":[{"start":{"line":23,"column":2},"end":{"line":23,"column":40}},{"start":{},"end":{}}],"line":23},"1":{"loc":{"start":{"line":40,"column":4},"end":{"line":49,"column":5}},"type":"if","locations":[{"start":{"line":40,"column":4},"end":{"line":49,"column":5}},{"start":{},"end":{}}],"line":40},"2":{"loc":{"start":{"line":43,"column":6},"end":{"line":46,"column":7}},"type":"if","locations":[{"start":{"line":43,"column":6},"end":{"line":46,"column":7}},{"start":{},"end":{}}],"line":43},"3":{"loc":{"start":{"line":57,"column":6},"end":{"line":60,"column":7}},"type":"if","locations":[{"start":{"line":57,"column":6},"end":{"line":60,"column":7}},{"start":{},"end":{}}],"line":57},"4":{"loc":{"start":{"line":68,"column":2},"end":{"line":74,"column":3}},"type":"if","locations":[{"start":{"line":68,"column":2},"end":{"line":74,"column":3}},{"start":{},"end":{}}],"line":68},"5":{"loc":{"start":{"line":77,"column":2},"end":{"line":114,"column":3}},"type":"if","locations":[{"start":{"line":77,"column":2},"end":{"line":114,"column":3}},{"start":{},"end":{}}],"line":77},"6":{"loc":{"start":{"line":83,"column":25},"end":{"line":83,"column":50}},"type":"cond-expr","locations":[{"start":{"line":83,"column":36},"end":{"line":83,"column":44}},{"start":{"line":83,"column":47},"end":{"line":83,"column":50}}],"line":83},"7":{"loc":{"start":{"line":100,"column":8},"end":{"line":105,"column":9}},"type":"if","locations":[{"start":{"line":100,"column":8},"end":{"line":105,"column":9}},{"start":{"line":103,"column":13},"end":{"line":105,"column":9}}],"line":100}},"s":{"0":1,"1":0,"2":0,"3":0,"4":0,"5":0,"6":0,"7":0,"8":6,"9":6,"10":6,"11":0,"12":6,"13":3,"14":3,"15":0,"16":0,"17":0,"18":0,"19":0,"20":0,"21":3,"22":6,"23":3,"24":3,"25":3,"26":0,"27":0,"28":3,"29":3,"30":6,"31":3,"32":3,"33":0,"34":0,"35":0,"36":0,"37":0,"38":0,"39":0,"40":0,"41":0,"42":0,"43":0,"44":0,"45":0,"46":0,"47":0,"48":0,"49":0,"50":0,"51":0,"52":0,"53":0,"54":0,"55":0,"56":0,"57":3},"f":{"0":0,"1":0,"2":6,"3":0,"4":3,"5":3,"6":3,"7":0,"8":0,"9":0},"b":{"0":[0,0],"1":[0,3],"2":[0,0],"3":[0,3],"4":[3,3],"5":[0,3],"6":[0,0],"7":[0,0]},"_coverageSchema":"1a1c01bbd47fc00a2c39e90264f33305004495a9","hash":"69ffcd6d5eb33bde13c87af12a615024c98959d8"}
,"D:\\STUDY\\Lofy\\Lofy\\app\\(tabs)\\_layout.tsx": {"path":"D:\\STUDY\\Lofy\\Lofy\\app\\(tabs)\\_layout.tsx","statementMap":{"0":{"start":{"line":11,"column":2},"end":{"line":93,"column":4}},"1":{"start":{"line":27,"column":10},"end":{"line":34,"column":29}},"2":{"start":{"line":29,"column":27},"end":{"line":29,"column":55}},"3":{"start":{"line":60,"column":12},"end":{"line":60,"column":89}},"4":{"start":{"line":71,"column":12},"end":{"line":71,"column":97}},"5":{"start":{"line":82,"column":12},"end":{"line":82,"column":97}}},"fnMap":{"0":{"name":"TabLayout","decl":{"start":{"line":10,"column":24},"end":{"line":10,"column":33}},"loc":{"start":{"line":10,"column":36},"end":{"line":94,"column":1}},"line":10},"1":{"name":"(anonymous_1)","decl":{"start":{"line":24,"column":21},"end":{"line":24,"column":22}},"loc":{"start":{"line":27,"column":10},"end":{"line":34,"column":29}},"line":27},"2":{"name":"(anonymous_2)","decl":{"start":{"line":29,"column":21},"end":{"line":29,"column":22}},"loc":{"start":{"line":29,"column":27},"end":{"line":29,"column":55}},"line":29},"3":{"name":"(anonymous_3)","decl":{"start":{"line":59,"column":22},"end":{"line":59,"column":23}},"loc":{"start":{"line":60,"column":12},"end":{"line":60,"column":89}},"line":60},"4":{"name":"(anonymous_4)","decl":{"start":{"line":70,"column":22},"end":{"line":70,"column":23}},"loc":{"start":{"line":71,"column":12},"end":{"line":71,"column":97}},"line":71},"5":{"name":"(anonymous_5)","decl":{"start":{"line":81,"column":22},"end":{"line":81,"column":23}},"loc":{"start":{"line":82,"column":12},"end":{"line":82,"column":97}},"line":82}},"branchMap":{"0":{"loc":{"start":{"line":60,"column":28},"end":{"line":60,"column":61}},"type":"cond-expr","locations":[{"start":{"line":60,"column":38},"end":{"line":60,"column":44}},{"start":{"line":60,"column":47},"end":{"line":60,"column":61}}],"line":60},"1":{"loc":{"start":{"line":71,"column":28},"end":{"line":71,"column":69}},"type":"cond-expr","locations":[{"start":{"line":71,"column":38},"end":{"line":71,"column":48}},{"start":{"line":71,"column":51},"end":{"line":71,"column":69}}],"line":71},"2":{"loc":{"start":{"line":82,"column":28},"end":{"line":82,"column":69}},"type":"cond-expr","locations":[{"start":{"line":82,"column":38},"end":{"line":82,"column":48}},{"start":{"line":82,"column":51},"end":{"line":82,"column":69}}],"line":82}},"s":{"0":0,"1":0,"2":0,"3":0,"4":0,"5":0},"f":{"0":0,"1":0,"2":0,"3":0,"4":0,"5":0},"b":{"0":[0,0],"1":[0,0],"2":[0,0]}}
,"D:\\STUDY\\Lofy\\Lofy\\app\\(tabs)\\archived.tsx": {"path":"D:\\STUDY\\Lofy\\Lofy\\app\\(tabs)\\archived.tsx","statementMap":{"0":{"start":{"line":68,"column":14},"end":{"line":68,"column":53}},"1":{"start":{"line":69,"column":16},"end":{"line":69,"column":60}},"2":{"start":{"line":70,"column":15},"end":{"line":70,"column":33}},"3":{"start":{"line":72,"column":16},"end":{"line":72,"column":56}},"4":{"start":{"line":73,"column":18},"end":{"line":73,"column":60}},"5":{"start":{"line":75,"column":2},"end":{"line":75,"column":55}},"6":{"start":{"line":81,"column":27},"end":{"line":114,"column":1}},"7":{"start":{"line":90,"column":2},"end":{"line":113,"column":9}},"8":{"start":{"line":118,"column":20},"end":{"line":138,"column":1}},"9":{"start":{"line":127,"column":2},"end":{"line":137,"column":5}},"10":{"start":{"line":132,"column":8},"end":{"line":134,"column":27}},"11":{"start":{"line":141,"column":21},"end":{"line":181,"column":1}},"12":{"start":{"line":142,"column":27},"end":{"line":142,"column":84}},"13":{"start":{"line":142,"column":45},"end":{"line":142,"column":83}},"14":{"start":{"line":143,"column":29},"end":{"line":143,"column":68}},"15":{"start":{"line":143,"column":47},"end":{"line":143,"column":67}},"16":{"start":{"line":145,"column":22},"end":{"line":165,"column":3}},"17":{"start":{"line":146,"column":4},"end":{"line":146,"column":33}},"18":{"start":{"line":147,"column":38},"end":{"line":147,"column":88}},"19":{"start":{"line":148,"column":4},"end":{"line":164,"column":5}},"20":{"start":{"line":149,"column":6},"end":{"line":159,"column":7}},"21":{"start":{"line":150,"column":8},"end":{"line":150,"column":45}},"22":{"start":{"line":151,"column":8},"end":{"line":151,"column":69}},"23":{"start":{"line":154,"column":8},"end":{"line":154,"column":47}},"24":{"start":{"line":155,"column":24},"end":{"line":155,"column":47}},"25":{"start":{"line":156,"column":8},"end":{"line":158,"column":10}},"26":{"start":{"line":161,"column":6},"end":{"line":161,"column":58}},"27":{"start":{"line":163,"column":6},"end":{"line":163,"column":35}},"28":{"start":{"line":167,"column":2},"end":{"line":179,"column":4}},"29":{"start":{"line":184,"column":17},"end":{"line":240,"column":1}},"30":{"start":{"line":186,"column":25},"end":{"line":199,"column":3}},"31":{"start":{"line":187,"column":4},"end":{"line":198,"column":5}},"32":{"start":{"line":189,"column":8},"end":{"line":189,"column":107}},"33":{"start":{"line":191,"column":8},"end":{"line":191,"column":133}},"34":{"start":{"line":193,"column":8},"end":{"line":193,"column":121}},"35":{"start":{"line":195,"column":8},"end":{"line":195,"column":122}},"36":{"start":{"line":197,"column":8},"end":{"line":197,"column":65}},"37":{"start":{"line":201,"column":22},"end":{"line":201,"column":49}},"38":{"start":{"line":203,"column":22},"end":{"line":206,"column":3}},"39":{"start":{"line":205,"column":4},"end":{"line":205,"column":36}},"40":{"start":{"line":208,"column":2},"end":{"line":239,"column":4}},"41":{"start":{"line":242,"column":44},"end":{"line":248,"column":1}},"42":{"start":{"line":254,"column":24},"end":{"line":447,"column":1}},"43":{"start":{"line":268,"column":42},"end":{"line":268,"column":85}},"44":{"start":{"line":269,"column":16},"end":{"line":269,"column":58}},"45":{"start":{"line":271,"column":28},"end":{"line":271,"column":52}},"46":{"start":{"line":272,"column":28},"end":{"line":272,"column":42}},"47":{"start":{"line":274,"column":26},"end":{"line":274,"column":37}},"48":{"start":{"line":275,"column":36},"end":{"line":275,"column":50}},"49":{"start":{"line":276,"column":46},"end":{"line":276,"column":61}},"50":{"start":{"line":277,"column":42},"end":{"line":277,"column":57}},"51":{"start":{"line":278,"column":32},"end":{"line":278,"column":46}},"52":{"start":{"line":280,"column":22},"end":{"line":280,"column":51}},"53":{"start":{"line":280,"column":28},"end":{"line":280,"column":51}},"54":{"start":{"line":281,"column":22},"end":{"line":281,"column":68}},"55":{"start":{"line":282,"column":23},"end":{"line":282,"column":135}},"56":{"start":{"line":285,"column":4},"end":{"line":300,"column":5}},"57":{"start":{"line":286,"column":28},"end":{"line":286,"column":30}},"58":{"start":{"line":288,"column":6},"end":{"line":290,"column":7}},"59":{"start":{"line":289,"column":8},"end":{"line":289,"column":38}},"60":{"start":{"line":292,"column":29},"end":{"line":292,"column":52}},"61":{"start":{"line":294,"column":6},"end":{"line":294,"column":58}},"62":{"start":{"line":295,"column":19},"end":{"line":295,"column":142}},"63":{"start":{"line":296,"column":6},"end":{"line":296,"column":18}},"64":{"start":{"line":298,"column":6},"end":{"line":298,"column":49}},"65":{"start":{"line":299,"column":6},"end":{"line":299,"column":18}},"66":{"start":{"line":305,"column":4},"end":{"line":314,"column":5}},"67":{"start":{"line":307,"column":8},"end":{"line":307,"column":22}},"68":{"start":{"line":309,"column":8},"end":{"line":309,"column":31}},"69":{"start":{"line":311,"column":8},"end":{"line":311,"column":26}},"70":{"start":{"line":313,"column":8},"end":{"line":313,"column":25}},"71":{"start":{"line":317,"column":19},"end":{"line":371,"column":60}},"72":{"start":{"line":319,"column":4},"end":{"line":319,"column":57}},"73":{"start":{"line":319,"column":50},"end":{"line":319,"column":57}},"74":{"start":{"line":322,"column":4},"end":{"line":326,"column":5}},"75":{"start":{"line":323,"column":6},"end":{"line":323,"column":28}},"76":{"start":{"line":325,"column":6},"end":{"line":325,"column":30}},"77":{"start":{"line":328,"column":4},"end":{"line":370,"column":5}},"78":{"start":{"line":329,"column":25},"end":{"line":329,"column":43}},"79":{"start":{"line":330,"column":20},"end":{"line":330,"column":22}},"80":{"start":{"line":332,"column":19},"end":{"line":332,"column":69}},"81":{"start":{"line":334,"column":33},"end":{"line":345,"column":9}},"82":{"start":{"line":334,"column":56},"end":{"line":345,"column":7}},"83":{"start":{"line":346,"column":6},"end":{"line":363,"column":7}},"84":{"start":{"line":347,"column":8},"end":{"line":347,"column":38}},"85":{"start":{"line":348,"column":8},"end":{"line":348,"column":24}},"86":{"start":{"line":351,"column":8},"end":{"line":361,"column":9}},"87":{"start":{"line":353,"column":10},"end":{"line":353,"column":27}},"88":{"start":{"line":354,"column":10},"end":{"line":354,"column":21}},"89":{"start":{"line":355,"column":10},"end":{"line":355,"column":45}},"90":{"start":{"line":358,"column":10},"end":{"line":358,"column":51}},"91":{"start":{"line":358,"column":29},"end":{"line":358,"column":49}},"92":{"start":{"line":359,"column":10},"end":{"line":359,"column":38}},"93":{"start":{"line":359,"column":28},"end":{"line":359,"column":36}},"94":{"start":{"line":360,"column":10},"end":{"line":360,"column":45}},"95":{"start":{"line":365,"column":6},"end":{"line":365,"column":47}},"96":{"start":{"line":367,"column":6},"end":{"line":367,"column":26}},"97":{"start":{"line":368,"column":6},"end":{"line":368,"column":29}},"98":{"start":{"line":369,"column":6},"end":{"line":369,"column":31}},"99":{"start":{"line":374,"column":2},"end":{"line":376,"column":16}},"100":{"start":{"line":375,"column":4},"end":{"line":375,"column":20}},"101":{"start":{"line":379,"column":23},"end":{"line":386,"column":3}},"102":{"start":{"line":380,"column":4},"end":{"line":380,"column":64}},"103":{"start":{"line":380,"column":25},"end":{"line":380,"column":64}},"104":{"start":{"line":381,"column":4},"end":{"line":385,"column":6}},"105":{"start":{"line":389,"column":2},"end":{"line":446,"column":4}},"106":{"start":{"line":393,"column":50},"end":{"line":393,"column":108}},"107":{"start":{"line":394,"column":52},"end":{"line":394,"column":112}},"108":{"start":{"line":419,"column":36},"end":{"line":419,"column":51}},"109":{"start":{"line":420,"column":38},"end":{"line":420,"column":62}},"110":{"start":{"line":425,"column":32},"end":{"line":425,"column":47}},"111":{"start":{"line":429,"column":29},"end":{"line":429,"column":43}},"112":{"start":{"line":439,"column":25},"end":{"line":439,"column":53}},"113":{"start":{"line":451,"column":17},"end":{"line":451,"column":38}},"114":{"start":{"line":452,"column":28},"end":{"line":452,"column":39}},"115":{"start":{"line":455,"column":19},"end":{"line":462,"column":4}},"116":{"start":{"line":464,"column":22},"end":{"line":471,"column":4}},"117":{"start":{"line":465,"column":15},"end":{"line":465,"column":123}},"118":{"start":{"line":466,"column":14},"end":{"line":466,"column":76}},"119":{"start":{"line":467,"column":14},"end":{"line":467,"column":46}},"120":{"start":{"line":468,"column":14},"end":{"line":468,"column":46}},"121":{"start":{"line":469,"column":14},"end":{"line":469,"column":46}},"122":{"start":{"line":470,"column":13},"end":{"line":470,"column":68}},"123":{"start":{"line":474,"column":23},"end":{"line":509,"column":3}},"124":{"start":{"line":477,"column":23},"end":{"line":477,"column":68}},"125":{"start":{"line":477,"column":66},"end":{"line":477,"column":67}},"126":{"start":{"line":479,"column":4},"end":{"line":508,"column":6}},"127":{"start":{"line":489,"column":30},"end":{"line":489,"column":41}},"128":{"start":{"line":490,"column":28},"end":{"line":490,"column":47}},"129":{"start":{"line":492,"column":12},"end":{"line":504,"column":14}},"130":{"start":{"line":496,"column":31},"end":{"line":496,"column":42}},"131":{"start":{"line":511,"column":2},"end":{"line":522,"column":4}},"132":{"start":{"line":525,"column":15},"end":{"line":749,"column":2}}},"fnMap":{"0":{"name":"formatDate","decl":{"start":{"line":67,"column":9},"end":{"line":67,"column":19}},"loc":{"start":{"line":67,"column":40},"end":{"line":76,"column":1}},"line":67},"1":{"name":"(anonymous_1)","decl":{"start":{"line":81,"column":27},"end":{"line":81,"column":28}},"loc":{"start":{"line":90,"column":2},"end":{"line":113,"column":9}},"line":90},"2":{"name":"(anonymous_2)","decl":{"start":{"line":118,"column":20},"end":{"line":118,"column":21}},"loc":{"start":{"line":127,"column":2},"end":{"line":137,"column":5}},"line":127},"3":{"name":"(anonymous_3)","decl":{"start":{"line":131,"column":19},"end":{"line":131,"column":20}},"loc":{"start":{"line":132,"column":8},"end":{"line":134,"column":27}},"line":132},"4":{"name":"(anonymous_4)","decl":{"start":{"line":141,"column":21},"end":{"line":141,"column":22}},"loc":{"start":{"line":141,"column":61},"end":{"line":181,"column":1}},"line":141},"5":{"name":"(anonymous_5)","decl":{"start":{"line":142,"column":40},"end":{"line":142,"column":41}},"loc":{"start":{"line":142,"column":45},"end":{"line":142,"column":83}},"line":142},"6":{"name":"(anonymous_6)","decl":{"start":{"line":143,"column":42},"end":{"line":143,"column":43}},"loc":{"start":{"line":143,"column":47},"end":{"line":143,"column":67}},"line":143},"7":{"name":"(anonymous_7)","decl":{"start":{"line":145,"column":22},"end":{"line":145,"column":23}},"loc":{"start":{"line":145,"column":34},"end":{"line":165,"column":3}},"line":145},"8":{"name":"(anonymous_8)","decl":{"start":{"line":184,"column":17},"end":{"line":184,"column":18}},"loc":{"start":{"line":184,"column":51},"end":{"line":240,"column":1}},"line":184},"9":{"name":"(anonymous_9)","decl":{"start":{"line":186,"column":25},"end":{"line":186,"column":26}},"loc":{"start":{"line":186,"column":45},"end":{"line":199,"column":3}},"line":186},"10":{"name":"(anonymous_10)","decl":{"start":{"line":203,"column":22},"end":{"line":203,"column":23}},"loc":{"start":{"line":203,"column":28},"end":{"line":206,"column":3}},"line":203},"11":{"name":"(anonymous_11)","decl":{"start":{"line":254,"column":24},"end":{"line":254,"column":25}},"loc":{"start":{"line":266,"column":6},"end":{"line":447,"column":1}},"line":266},"12":{"name":"(anonymous_12)","decl":{"start":{"line":280,"column":22},"end":{"line":280,"column":23}},"loc":{"start":{"line":280,"column":28},"end":{"line":280,"column":51}},"line":280},"13":{"name":"fetchPosts","decl":{"start":{"line":284,"column":17},"end":{"line":284,"column":27}},"loc":{"start":{"line":284,"column":144},"end":{"line":301,"column":3}},"line":284},"14":{"name":"normalizeStatus","decl":{"start":{"line":304,"column":11},"end":{"line":304,"column":26}},"loc":{"start":{"line":304,"column":63},"end":{"line":315,"column":3}},"line":304},"15":{"name":"(anonymous_15)","decl":{"start":{"line":317,"column":31},"end":{"line":317,"column":32}},"loc":{"start":{"line":317,"column":58},"end":{"line":371,"column":3}},"line":317},"16":{"name":"(anonymous_16)","decl":{"start":{"line":334,"column":48},"end":{"line":334,"column":49}},"loc":{"start":{"line":334,"column":56},"end":{"line":345,"column":7}},"line":334},"17":{"name":"(anonymous_17)","decl":{"start":{"line":358,"column":19},"end":{"line":358,"column":20}},"loc":{"start":{"line":358,"column":29},"end":{"line":358,"column":49}},"line":358},"18":{"name":"(anonymous_18)","decl":{"start":{"line":359,"column":18},"end":{"line":359,"column":19}},"loc":{"start":{"line":359,"column":28},"end":{"line":359,"column":36}},"line":359},"19":{"name":"(anonymous_19)","decl":{"start":{"line":374,"column":12},"end":{"line":374,"column":13}},"loc":{"start":{"line":374,"column":18},"end":{"line":376,"column":3}},"line":374},"20":{"name":"(anonymous_20)","decl":{"start":{"line":379,"column":23},"end":{"line":379,"column":24}},"loc":{"start":{"line":379,"column":29},"end":{"line":386,"column":3}},"line":379},"21":{"name":"(anonymous_21)","decl":{"start":{"line":393,"column":44},"end":{"line":393,"column":45}},"loc":{"start":{"line":393,"column":50},"end":{"line":393,"column":108}},"line":393},"22":{"name":"(anonymous_22)","decl":{"start":{"line":394,"column":46},"end":{"line":394,"column":47}},"loc":{"start":{"line":394,"column":52},"end":{"line":394,"column":112}},"line":394},"23":{"name":"(anonymous_23)","decl":{"start":{"line":419,"column":26},"end":{"line":419,"column":27}},"loc":{"start":{"line":419,"column":36},"end":{"line":419,"column":51}},"line":419},"24":{"name":"(anonymous_24)","decl":{"start":{"line":420,"column":24},"end":{"line":420,"column":25}},"loc":{"start":{"line":420,"column":38},"end":{"line":420,"column":62}},"line":420},"25":{"name":"(anonymous_25)","decl":{"start":{"line":425,"column":26},"end":{"line":425,"column":27}},"loc":{"start":{"line":425,"column":32},"end":{"line":425,"column":47}},"line":425},"26":{"name":"(anonymous_26)","decl":{"start":{"line":429,"column":23},"end":{"line":429,"column":24}},"loc":{"start":{"line":429,"column":29},"end":{"line":429,"column":43}},"line":429},"27":{"name":"(anonymous_27)","decl":{"start":{"line":439,"column":19},"end":{"line":439,"column":20}},"loc":{"start":{"line":439,"column":25},"end":{"line":439,"column":53}},"line":439},"28":{"name":"ScrollableTabView","decl":{"start":{"line":450,"column":24},"end":{"line":450,"column":41}},"loc":{"start":{"line":450,"column":44},"end":{"line":523,"column":1}},"line":450},"29":{"name":"(anonymous_29)","decl":{"start":{"line":465,"column":9},"end":{"line":465,"column":10}},"loc":{"start":{"line":465,"column":15},"end":{"line":465,"column":123}},"line":465},"30":{"name":"(anonymous_30)","decl":{"start":{"line":466,"column":8},"end":{"line":466,"column":9}},"loc":{"start":{"line":466,"column":14},"end":{"line":466,"column":76}},"line":466},"31":{"name":"(anonymous_31)","decl":{"start":{"line":467,"column":8},"end":{"line":467,"column":9}},"loc":{"start":{"line":467,"column":14},"end":{"line":467,"column":46}},"line":467},"32":{"name":"(anonymous_32)","decl":{"start":{"line":468,"column":8},"end":{"line":468,"column":9}},"loc":{"start":{"line":468,"column":14},"end":{"line":468,"column":46}},"line":468},"33":{"name":"(anonymous_33)","decl":{"start":{"line":469,"column":8},"end":{"line":469,"column":9}},"loc":{"start":{"line":469,"column":14},"end":{"line":469,"column":46}},"line":469},"34":{"name":"(anonymous_34)","decl":{"start":{"line":470,"column":7},"end":{"line":470,"column":8}},"loc":{"start":{"line":470,"column":13},"end":{"line":470,"column":68}},"line":470},"35":{"name":"(anonymous_35)","decl":{"start":{"line":474,"column":23},"end":{"line":474,"column":24}},"loc":{"start":{"line":476,"column":7},"end":{"line":509,"column":3}},"line":476},"36":{"name":"(anonymous_36)","decl":{"start":{"line":477,"column":56},"end":{"line":477,"column":57}},"loc":{"start":{"line":477,"column":66},"end":{"line":477,"column":67}},"line":477},"37":{"name":"(anonymous_37)","decl":{"start":{"line":486,"column":44},"end":{"line":486,"column":45}},"loc":{"start":{"line":486,"column":58},"end":{"line":505,"column":11}},"line":486},"38":{"name":"(anonymous_38)","decl":{"start":{"line":496,"column":25},"end":{"line":496,"column":26}},"loc":{"start":{"line":496,"column":31},"end":{"line":496,"column":42}},"line":496}},"branchMap":{"0":{"loc":{"start":{"line":100,"column":5},"end":{"line":105,"column":5}},"type":"binary-expr","locations":[{"start":{"line":100,"column":5},"end":{"line":100,"column":22}},{"start":{"line":101,"column":6},"end":{"line":104,"column":25}}],"line":100},"1":{"loc":{"start":{"line":107,"column":5},"end":{"line":112,"column":5}},"type":"binary-expr","locations":[{"start":{"line":107,"column":5},"end":{"line":107,"column":23}},{"start":{"line":108,"column":6},"end":{"line":111,"column":25}}],"line":107},"2":{"loc":{"start":{"line":149,"column":6},"end":{"line":159,"column":7}},"type":"if","locations":[{"start":{"line":149,"column":6},"end":{"line":159,"column":7}},{"start":{"line":152,"column":13},"end":{"line":159,"column":7}}],"line":149},"3":{"loc":{"start":{"line":170,"column":14},"end":{"line":170,"column":56}},"type":"cond-expr","locations":[{"start":{"line":170,"column":33},"end":{"line":170,"column":39}},{"start":{"line":170,"column":42},"end":{"line":170,"column":56}}],"line":170},"4":{"loc":{"start":{"line":172,"column":15},"end":{"line":172,"column":52}},"type":"cond-expr","locations":[{"start":{"line":172,"column":34},"end":{"line":172,"column":43}},{"start":{"line":172,"column":46},"end":{"line":172,"column":52}}],"line":172},"5":{"loc":{"start":{"line":176,"column":9},"end":{"line":176,"column":62}},"type":"cond-expr","locations":[{"start":{"line":176,"column":28},"end":{"line":176,"column":39}},{"start":{"line":176,"column":42},"end":{"line":176,"column":62}}],"line":176},"6":{"loc":{"start":{"line":187,"column":4},"end":{"line":198,"column":5}},"type":"switch","locations":[{"start":{"line":188,"column":6},"end":{"line":189,"column":107}},{"start":{"line":190,"column":6},"end":{"line":191,"column":133}},{"start":{"line":192,"column":6},"end":{"line":193,"column":121}},{"start":{"line":194,"column":6},"end":{"line":195,"column":122}},{"start":{"line":196,"column":6},"end":{"line":197,"column":65}}],"line":187},"7":{"loc":{"start":{"line":212,"column":23},"end":{"line":212,"column":73}},"type":"binary-expr","locations":[{"start":{"line":212,"column":23},"end":{"line":212,"column":36}},{"start":{"line":212,"column":40},"end":{"line":212,"column":73}}],"line":212},"8":{"loc":{"start":{"line":255,"column":2},"end":{"line":255,"column":29}},"type":"default-arg","locations":[{"start":{"line":255,"column":16},"end":{"line":255,"column":29}}],"line":255},"9":{"loc":{"start":{"line":256,"column":2},"end":{"line":256,"column":23}},"type":"default-arg","locations":[{"start":{"line":256,"column":19},"end":{"line":256,"column":23}}],"line":256},"10":{"loc":{"start":{"line":257,"column":2},"end":{"line":257,"column":24}},"type":"default-arg","locations":[{"start":{"line":257,"column":20},"end":{"line":257,"column":24}}],"line":257},"11":{"loc":{"start":{"line":258,"column":2},"end":{"line":258,"column":19}},"type":"default-arg","locations":[{"start":{"line":258,"column":15},"end":{"line":258,"column":19}}],"line":258},"12":{"loc":{"start":{"line":284,"column":28},"end":{"line":284,"column":54}},"type":"default-arg","locations":[{"start":{"line":284,"column":50},"end":{"line":284,"column":54}}],"line":284},"13":{"loc":{"start":{"line":284,"column":56},"end":{"line":284,"column":80}},"type":"default-arg","locations":[{"start":{"line":284,"column":75},"end":{"line":284,"column":80}}],"line":284},"14":{"loc":{"start":{"line":284,"column":96},"end":{"line":284,"column":114}},"type":"default-arg","locations":[{"start":{"line":284,"column":112},"end":{"line":284,"column":114}}],"line":284},"15":{"loc":{"start":{"line":288,"column":6},"end":{"line":290,"column":7}},"type":"if","locations":[{"start":{"line":288,"column":6},"end":{"line":290,"column":7}},{"start":{},"end":{}}],"line":288},"16":{"loc":{"start":{"line":305,"column":4},"end":{"line":314,"column":5}},"type":"switch","locations":[{"start":{"line":306,"column":6},"end":{"line":307,"column":22}},{"start":{"line":308,"column":6},"end":{"line":309,"column":31}},{"start":{"line":310,"column":6},"end":{"line":311,"column":26}},{"start":{"line":312,"column":6},"end":{"line":313,"column":25}}],"line":305},"17":{"loc":{"start":{"line":317,"column":38},"end":{"line":317,"column":53}},"type":"default-arg","locations":[{"start":{"line":317,"column":48},"end":{"line":317,"column":53}}],"line":317},"18":{"loc":{"start":{"line":319,"column":4},"end":{"line":319,"column":57}},"type":"if","locations":[{"start":{"line":319,"column":4},"end":{"line":319,"column":57}},{"start":{},"end":{}}],"line":319},"19":{"loc":{"start":{"line":319,"column":8},"end":{"line":319,"column":48}},"type":"binary-expr","locations":[{"start":{"line":319,"column":8},"end":{"line":319,"column":16}},{"start":{"line":319,"column":21},"end":{"line":319,"column":35}},{"start":{"line":319,"column":39},"end":{"line":319,"column":47}}],"line":319},"20":{"loc":{"start":{"line":322,"column":4},"end":{"line":326,"column":5}},"type":"if","locations":[{"start":{"line":322,"column":4},"end":{"line":326,"column":5}},{"start":{"line":324,"column":11},"end":{"line":326,"column":5}}],"line":322},"21":{"loc":{"start":{"line":329,"column":25},"end":{"line":329,"column":43}},"type":"cond-expr","locations":[{"start":{"line":329,"column":35},"end":{"line":329,"column":36}},{"start":{"line":329,"column":39},"end":{"line":329,"column":43}}],"line":329},"22":{"loc":{"start":{"line":338,"column":18},"end":{"line":338,"column":42}},"type":"binary-expr","locations":[{"start":{"line":338,"column":18},"end":{"line":338,"column":36}},{"start":{"line":338,"column":40},"end":{"line":338,"column":42}}],"line":338},"23":{"loc":{"start":{"line":346,"column":6},"end":{"line":363,"column":7}},"type":"if","locations":[{"start":{"line":346,"column":6},"end":{"line":363,"column":7}},{"start":{"line":350,"column":11},"end":{"line":363,"column":7}}],"line":346},"24":{"loc":{"start":{"line":351,"column":8},"end":{"line":361,"column":9}},"type":"if","locations":[{"start":{"line":351,"column":8},"end":{"line":361,"column":9}},{"start":{"line":356,"column":15},"end":{"line":361,"column":9}}],"line":351},"25":{"loc":{"start":{"line":380,"column":4},"end":{"line":380,"column":64}},"type":"if","locations":[{"start":{"line":380,"column":4},"end":{"line":380,"column":64}},{"start":{},"end":{}}],"line":380},"26":{"loc":{"start":{"line":393,"column":27},"end":{"line":393,"column":120}},"type":"cond-expr","locations":[{"start":{"line":393,"column":44},"end":{"line":393,"column":108}},{"start":{"line":393,"column":111},"end":{"line":393,"column":120}}],"line":393},"27":{"loc":{"start":{"line":393,"column":66},"end":{"line":393,"column":107}},"type":"cond-expr","locations":[{"start":{"line":393,"column":92},"end":{"line":393,"column":98}},{"start":{"line":393,"column":101},"end":{"line":393,"column":107}}],"line":393},"28":{"loc":{"start":{"line":394,"column":28},"end":{"line":394,"column":124}},"type":"cond-expr","locations":[{"start":{"line":394,"column":46},"end":{"line":394,"column":112}},{"start":{"line":394,"column":115},"end":{"line":394,"column":124}}],"line":394},"29":{"loc":{"start":{"line":394,"column":68},"end":{"line":394,"column":111}},"type":"cond-expr","locations":[{"start":{"line":394,"column":95},"end":{"line":394,"column":101}},{"start":{"line":394,"column":104},"end":{"line":394,"column":111}}],"line":394},"30":{"loc":{"start":{"line":398,"column":7},"end":{"line":400,"column":7}},"type":"binary-expr","locations":[{"start":{"line":398,"column":7},"end":{"line":398,"column":30}},{"start":{"line":399,"column":8},"end":{"line":399,"column":88}}],"line":398},"31":{"loc":{"start":{"line":403,"column":7},"end":{"line":405,"column":7}},"type":"binary-expr","locations":[{"start":{"line":403,"column":7},"end":{"line":403,"column":31}},{"start":{"line":404,"column":8},"end":{"line":404,"column":90}}],"line":403},"32":{"loc":{"start":{"line":407,"column":7},"end":{"line":409,"column":7}},"type":"binary-expr","locations":[{"start":{"line":407,"column":7},"end":{"line":407,"column":17}},{"start":{"line":408,"column":8},"end":{"line":408,"column":41}}],"line":407},"33":{"loc":{"start":{"line":411,"column":9},"end":{"line":435,"column":9}},"type":"cond-expr","locations":[{"start":{"line":412,"column":10},"end":{"line":414,"column":17}},{"start":{"line":415,"column":12},"end":{"line":435,"column":9}}],"line":411},"34":{"loc":{"start":{"line":415,"column":12},"end":{"line":435,"column":9}},"type":"cond-expr","locations":[{"start":{"line":416,"column":10},"end":{"line":430,"column":12}},{"start":{"line":432,"column":10},"end":{"line":434,"column":17}}],"line":415},"35":{"loc":{"start":{"line":415,"column":12},"end":{"line":415,"column":37}},"type":"binary-expr","locations":[{"start":{"line":415,"column":12},"end":{"line":415,"column":17}},{"start":{"line":415,"column":21},"end":{"line":415,"column":37}}],"line":415},"36":{"loc":{"start":{"line":490,"column":28},"end":{"line":490,"column":47}},"type":"cond-expr","locations":[{"start":{"line":490,"column":40},"end":{"line":490,"column":41}},{"start":{"line":490,"column":44},"end":{"line":490,"column":47}}],"line":490},"37":{"loc":{"start":{"line":502,"column":17},"end":{"line":502,"column":63}},"type":"binary-expr","locations":[{"start":{"line":502,"column":17},"end":{"line":502,"column":26}},{"start":{"line":502,"column":30},"end":{"line":502,"column":63}}],"line":502}},"s":{"0":0,"1":0,"2":0,"3":0,"4":0,"5":0,"6":0,"7":0,"8":0,"9":0,"10":0,"11":0,"12":0,"13":0,"14":0,"15":0,"16":0,"17":0,"18":0,"19":0,"20":0,"21":0,"22":0,"23":0,"24":0,"25":0,"26":0,"27":0,"28":0,"29":0,"30":0,"31":0,"32":0,"33":0,"34":0,"35":0,"36":0,"37":0,"38":0,"39":0,"40":0,"41":0,"42":0,"43":0,"44":0,"45":0,"46":0,"47":0,"48":0,"49":0,"50":0,"51":0,"52":0,"53":0,"54":0,"55":0,"56":0,"57":0,"58":0,"59":0,"60":0,"61":0,"62":0,"63":0,"64":0,"65":0,"66":0,"67":0,"68":0,"69":0,"70":0,"71":0,"72":0,"73":0,"74":0,"75":0,"76":0,"77":0,"78":0,"79":0,"80":0,"81":0,"82":0,"83":0,"84":0,"85":0,"86":0,"87":0,"88":0,"89":0,"90":0,"91":0,"92":0,"93":0,"94":0,"95":0,"96":0,"97":0,"98":0,"99":0,"100":0,"101":0,"102":0,"103":0,"104":0,"105":0,"106":0,"107":0,"108":0,"109":0,"110":0,"111":0,"112":0,"113":0,"114":0,"115":0,"116":0,"117":0,"118":0,"119":0,"120":0,"121":0,"122":0,"123":0,"124":0,"125":0,"126":0,"127":0,"128":0,"129":0,"130":0,"131":0,"132":0},"f":{"0":0,"1":0,"2":0,"3":0,"4":0,"5":0,"6":0,"7":0,"8":0,"9":0,"10":0,"11":0,"12":0,"13":0,"14":0,"15":0,"16":0,"17":0,"18":0,"19":0,"20":0,"21":0,"22":0,"23":0,"24":0,"25":0,"26":0,"27":0,"28":0,"29":0,"30":0,"31":0,"32":0,"33":0,"34":0,"35":0,"36":0,"37":0,"38":0},"b":{"0":[0,0],"1":[0,0],"2":[0,0],"3":[0,0],"4":[0,0],"5":[0,0],"6":[0,0,0,0,0],"7":[0,0],"8":[0],"9":[0],"10":[0],"11":[0],"12":[0],"13":[0],"14":[0],"15":[0,0],"16":[0,0,0,0],"17":[0],"18":[0,0],"19":[0,0,0],"20":[0,0],"21":[0,0],"22":[0,0],"23":[0,0],"24":[0,0],"25":[0,0],"26":[0,0],"27":[0,0],"28":[0,0],"29":[0,0],"30":[0,0],"31":[0,0],"32":[0,0],"33":[0,0],"34":[0,0],"35":[0,0],"36":[0,0],"37":[0,0]}}
,"D:\\STUDY\\Lofy\\Lofy\\app\\(tabs)\\index.tsx": {"path":"D:\\STUDY\\Lofy\\Lofy\\app\\(tabs)\\index.tsx","statementMap":{"0":{"start":{"line":68,"column":14},"end":{"line":68,"column":53}},"1":{"start":{"line":69,"column":16},"end":{"line":69,"column":60}},"2":{"start":{"line":70,"column":15},"end":{"line":70,"column":33}},"3":{"start":{"line":72,"column":16},"end":{"line":72,"column":56}},"4":{"start":{"line":73,"column":18},"end":{"line":73,"column":60}},"5":{"start":{"line":75,"column":2},"end":{"line":75,"column":55}},"6":{"start":{"line":81,"column":27},"end":{"line":114,"column":1}},"7":{"start":{"line":90,"column":2},"end":{"line":113,"column":9}},"8":{"start":{"line":118,"column":20},"end":{"line":138,"column":1}},"9":{"start":{"line":127,"column":2},"end":{"line":137,"column":5}},"10":{"start":{"line":132,"column":8},"end":{"line":134,"column":27}},"11":{"start":{"line":141,"column":21},"end":{"line":181,"column":1}},"12":{"start":{"line":142,"column":27},"end":{"line":142,"column":84}},"13":{"start":{"line":142,"column":45},"end":{"line":142,"column":83}},"14":{"start":{"line":143,"column":29},"end":{"line":143,"column":68}},"15":{"start":{"line":143,"column":47},"end":{"line":143,"column":67}},"16":{"start":{"line":145,"column":22},"end":{"line":165,"column":3}},"17":{"start":{"line":146,"column":4},"end":{"line":146,"column":33}},"18":{"start":{"line":147,"column":38},"end":{"line":147,"column":88}},"19":{"start":{"line":148,"column":4},"end":{"line":164,"column":5}},"20":{"start":{"line":149,"column":6},"end":{"line":159,"column":7}},"21":{"start":{"line":150,"column":8},"end":{"line":150,"column":45}},"22":{"start":{"line":151,"column":8},"end":{"line":151,"column":69}},"23":{"start":{"line":154,"column":8},"end":{"line":154,"column":47}},"24":{"start":{"line":155,"column":24},"end":{"line":155,"column":47}},"25":{"start":{"line":156,"column":8},"end":{"line":158,"column":10}},"26":{"start":{"line":161,"column":6},"end":{"line":161,"column":58}},"27":{"start":{"line":163,"column":6},"end":{"line":163,"column":35}},"28":{"start":{"line":167,"column":2},"end":{"line":179,"column":4}},"29":{"start":{"line":184,"column":17},"end":{"line":240,"column":1}},"30":{"start":{"line":186,"column":25},"end":{"line":199,"column":3}},"31":{"start":{"line":187,"column":4},"end":{"line":198,"column":5}},"32":{"start":{"line":189,"column":8},"end":{"line":189,"column":107}},"33":{"start":{"line":191,"column":8},"end":{"line":191,"column":133}},"34":{"start":{"line":193,"column":8},"end":{"line":193,"column":121}},"35":{"start":{"line":195,"column":8},"end":{"line":195,"column":122}},"36":{"start":{"line":197,"column":8},"end":{"line":197,"column":65}},"37":{"start":{"line":201,"column":22},"end":{"line":201,"column":49}},"38":{"start":{"line":203,"column":22},"end":{"line":206,"column":3}},"39":{"start":{"line":205,"column":4},"end":{"line":205,"column":36}},"40":{"start":{"line":208,"column":2},"end":{"line":239,"column":4}},"41":{"start":{"line":242,"column":44},"end":{"line":248,"column":1}},"42":{"start":{"line":254,"column":24},"end":{"line":447,"column":1}},"43":{"start":{"line":268,"column":42},"end":{"line":268,"column":85}},"44":{"start":{"line":269,"column":16},"end":{"line":269,"column":58}},"45":{"start":{"line":271,"column":28},"end":{"line":271,"column":52}},"46":{"start":{"line":272,"column":28},"end":{"line":272,"column":42}},"47":{"start":{"line":274,"column":26},"end":{"line":274,"column":37}},"48":{"start":{"line":275,"column":36},"end":{"line":275,"column":50}},"49":{"start":{"line":276,"column":46},"end":{"line":276,"column":61}},"50":{"start":{"line":277,"column":42},"end":{"line":277,"column":57}},"51":{"start":{"line":278,"column":32},"end":{"line":278,"column":46}},"52":{"start":{"line":280,"column":22},"end":{"line":280,"column":51}},"53":{"start":{"line":280,"column":28},"end":{"line":280,"column":51}},"54":{"start":{"line":281,"column":22},"end":{"line":281,"column":68}},"55":{"start":{"line":282,"column":23},"end":{"line":282,"column":135}},"56":{"start":{"line":285,"column":4},"end":{"line":300,"column":5}},"57":{"start":{"line":286,"column":28},"end":{"line":286,"column":30}},"58":{"start":{"line":288,"column":6},"end":{"line":290,"column":7}},"59":{"start":{"line":289,"column":8},"end":{"line":289,"column":38}},"60":{"start":{"line":292,"column":29},"end":{"line":292,"column":52}},"61":{"start":{"line":294,"column":6},"end":{"line":294,"column":58}},"62":{"start":{"line":295,"column":19},"end":{"line":295,"column":142}},"63":{"start":{"line":296,"column":6},"end":{"line":296,"column":18}},"64":{"start":{"line":298,"column":6},"end":{"line":298,"column":49}},"65":{"start":{"line":299,"column":6},"end":{"line":299,"column":18}},"66":{"start":{"line":305,"column":4},"end":{"line":314,"column":5}},"67":{"start":{"line":307,"column":8},"end":{"line":307,"column":22}},"68":{"start":{"line":309,"column":8},"end":{"line":309,"column":31}},"69":{"start":{"line":311,"column":8},"end":{"line":311,"column":26}},"70":{"start":{"line":313,"column":8},"end":{"line":313,"column":25}},"71":{"start":{"line":317,"column":19},"end":{"line":371,"column":60}},"72":{"start":{"line":319,"column":4},"end":{"line":319,"column":57}},"73":{"start":{"line":319,"column":50},"end":{"line":319,"column":57}},"74":{"start":{"line":322,"column":4},"end":{"line":326,"column":5}},"75":{"start":{"line":323,"column":6},"end":{"line":323,"column":28}},"76":{"start":{"line":325,"column":6},"end":{"line":325,"column":30}},"77":{"start":{"line":328,"column":4},"end":{"line":370,"column":5}},"78":{"start":{"line":329,"column":25},"end":{"line":329,"column":43}},"79":{"start":{"line":330,"column":20},"end":{"line":330,"column":22}},"80":{"start":{"line":332,"column":19},"end":{"line":332,"column":70}},"81":{"start":{"line":334,"column":33},"end":{"line":345,"column":9}},"82":{"start":{"line":334,"column":56},"end":{"line":345,"column":7}},"83":{"start":{"line":346,"column":6},"end":{"line":363,"column":7}},"84":{"start":{"line":347,"column":8},"end":{"line":347,"column":38}},"85":{"start":{"line":348,"column":8},"end":{"line":348,"column":24}},"86":{"start":{"line":351,"column":8},"end":{"line":361,"column":9}},"87":{"start":{"line":353,"column":10},"end":{"line":353,"column":27}},"88":{"start":{"line":354,"column":10},"end":{"line":354,"column":21}},"89":{"start":{"line":355,"column":10},"end":{"line":355,"column":45}},"90":{"start":{"line":358,"column":10},"end":{"line":358,"column":51}},"91":{"start":{"line":358,"column":29},"end":{"line":358,"column":49}},"92":{"start":{"line":359,"column":10},"end":{"line":359,"column":38}},"93":{"start":{"line":359,"column":28},"end":{"line":359,"column":36}},"94":{"start":{"line":360,"column":10},"end":{"line":360,"column":45}},"95":{"start":{"line":365,"column":6},"end":{"line":365,"column":47}},"96":{"start":{"line":367,"column":6},"end":{"line":367,"column":26}},"97":{"start":{"line":368,"column":6},"end":{"line":368,"column":29}},"98":{"start":{"line":369,"column":6},"end":{"line":369,"column":31}},"99":{"start":{"line":374,"column":2},"end":{"line":376,"column":16}},"100":{"start":{"line":375,"column":4},"end":{"line":375,"column":20}},"101":{"start":{"line":379,"column":23},"end":{"line":386,"column":3}},"102":{"start":{"line":380,"column":4},"end":{"line":380,"column":64}},"103":{"start":{"line":380,"column":25},"end":{"line":380,"column":64}},"104":{"start":{"line":381,"column":4},"end":{"line":385,"column":6}},"105":{"start":{"line":389,"column":2},"end":{"line":446,"column":4}},"106":{"start":{"line":393,"column":50},"end":{"line":393,"column":108}},"107":{"start":{"line":394,"column":52},"end":{"line":394,"column":112}},"108":{"start":{"line":419,"column":36},"end":{"line":419,"column":51}},"109":{"start":{"line":420,"column":38},"end":{"line":420,"column":62}},"110":{"start":{"line":425,"column":32},"end":{"line":425,"column":47}},"111":{"start":{"line":429,"column":29},"end":{"line":429,"column":43}},"112":{"start":{"line":439,"column":25},"end":{"line":439,"column":53}},"113":{"start":{"line":451,"column":17},"end":{"line":451,"column":38}},"114":{"start":{"line":452,"column":28},"end":{"line":452,"column":39}},"115":{"start":{"line":455,"column":19},"end":{"line":462,"column":4}},"116":{"start":{"line":464,"column":22},"end":{"line":471,"column":4}},"117":{"start":{"line":465,"column":15},"end":{"line":465,"column":123}},"118":{"start":{"line":466,"column":14},"end":{"line":466,"column":76}},"119":{"start":{"line":467,"column":14},"end":{"line":467,"column":46}},"120":{"start":{"line":468,"column":14},"end":{"line":468,"column":46}},"121":{"start":{"line":469,"column":14},"end":{"line":469,"column":46}},"122":{"start":{"line":470,"column":13},"end":{"line":470,"column":68}},"123":{"start":{"line":474,"column":23},"end":{"line":509,"column":3}},"124":{"start":{"line":477,"column":23},"end":{"line":477,"column":68}},"125":{"start":{"line":477,"column":66},"end":{"line":477,"column":67}},"126":{"start":{"line":479,"column":4},"end":{"line":508,"column":6}},"127":{"start":{"line":489,"column":30},"end":{"line":489,"column":41}},"128":{"start":{"line":490,"column":28},"end":{"line":490,"column":47}},"129":{"start":{"line":492,"column":12},"end":{"line":504,"column":14}},"130":{"start":{"line":496,"column":31},"end":{"line":496,"column":42}},"131":{"start":{"line":511,"column":2},"end":{"line":522,"column":4}},"132":{"start":{"line":525,"column":15},"end":{"line":749,"column":2}}},"fnMap":{"0":{"name":"formatDate","decl":{"start":{"line":67,"column":9},"end":{"line":67,"column":19}},"loc":{"start":{"line":67,"column":40},"end":{"line":76,"column":1}},"line":67},"1":{"name":"(anonymous_1)","decl":{"start":{"line":81,"column":27},"end":{"line":81,"column":28}},"loc":{"start":{"line":90,"column":2},"end":{"line":113,"column":9}},"line":90},"2":{"name":"(anonymous_2)","decl":{"start":{"line":118,"column":20},"end":{"line":118,"column":21}},"loc":{"start":{"line":127,"column":2},"end":{"line":137,"column":5}},"line":127},"3":{"name":"(anonymous_3)","decl":{"start":{"line":131,"column":19},"end":{"line":131,"column":20}},"loc":{"start":{"line":132,"column":8},"end":{"line":134,"column":27}},"line":132},"4":{"name":"(anonymous_4)","decl":{"start":{"line":141,"column":21},"end":{"line":141,"column":22}},"loc":{"start":{"line":141,"column":61},"end":{"line":181,"column":1}},"line":141},"5":{"name":"(anonymous_5)","decl":{"start":{"line":142,"column":40},"end":{"line":142,"column":41}},"loc":{"start":{"line":142,"column":45},"end":{"line":142,"column":83}},"line":142},"6":{"name":"(anonymous_6)","decl":{"start":{"line":143,"column":42},"end":{"line":143,"column":43}},"loc":{"start":{"line":143,"column":47},"end":{"line":143,"column":67}},"line":143},"7":{"name":"(anonymous_7)","decl":{"start":{"line":145,"column":22},"end":{"line":145,"column":23}},"loc":{"start":{"line":145,"column":34},"end":{"line":165,"column":3}},"line":145},"8":{"name":"(anonymous_8)","decl":{"start":{"line":184,"column":17},"end":{"line":184,"column":18}},"loc":{"start":{"line":184,"column":51},"end":{"line":240,"column":1}},"line":184},"9":{"name":"(anonymous_9)","decl":{"start":{"line":186,"column":25},"end":{"line":186,"column":26}},"loc":{"start":{"line":186,"column":45},"end":{"line":199,"column":3}},"line":186},"10":{"name":"(anonymous_10)","decl":{"start":{"line":203,"column":22},"end":{"line":203,"column":23}},"loc":{"start":{"line":203,"column":28},"end":{"line":206,"column":3}},"line":203},"11":{"name":"(anonymous_11)","decl":{"start":{"line":254,"column":24},"end":{"line":254,"column":25}},"loc":{"start":{"line":266,"column":6},"end":{"line":447,"column":1}},"line":266},"12":{"name":"(anonymous_12)","decl":{"start":{"line":280,"column":22},"end":{"line":280,"column":23}},"loc":{"start":{"line":280,"column":28},"end":{"line":280,"column":51}},"line":280},"13":{"name":"fetchPosts","decl":{"start":{"line":284,"column":17},"end":{"line":284,"column":27}},"loc":{"start":{"line":284,"column":145},"end":{"line":301,"column":3}},"line":284},"14":{"name":"normalizeStatus","decl":{"start":{"line":304,"column":11},"end":{"line":304,"column":26}},"loc":{"start":{"line":304,"column":63},"end":{"line":315,"column":3}},"line":304},"15":{"name":"(anonymous_15)","decl":{"start":{"line":317,"column":31},"end":{"line":317,"column":32}},"loc":{"start":{"line":317,"column":58},"end":{"line":371,"column":3}},"line":317},"16":{"name":"(anonymous_16)","decl":{"start":{"line":334,"column":48},"end":{"line":334,"column":49}},"loc":{"start":{"line":334,"column":56},"end":{"line":345,"column":7}},"line":334},"17":{"name":"(anonymous_17)","decl":{"start":{"line":358,"column":19},"end":{"line":358,"column":20}},"loc":{"start":{"line":358,"column":29},"end":{"line":358,"column":49}},"line":358},"18":{"name":"(anonymous_18)","decl":{"start":{"line":359,"column":18},"end":{"line":359,"column":19}},"loc":{"start":{"line":359,"column":28},"end":{"line":359,"column":36}},"line":359},"19":{"name":"(anonymous_19)","decl":{"start":{"line":374,"column":12},"end":{"line":374,"column":13}},"loc":{"start":{"line":374,"column":18},"end":{"line":376,"column":3}},"line":374},"20":{"name":"(anonymous_20)","decl":{"start":{"line":379,"column":23},"end":{"line":379,"column":24}},"loc":{"start":{"line":379,"column":29},"end":{"line":386,"column":3}},"line":379},"21":{"name":"(anonymous_21)","decl":{"start":{"line":393,"column":44},"end":{"line":393,"column":45}},"loc":{"start":{"line":393,"column":50},"end":{"line":393,"column":108}},"line":393},"22":{"name":"(anonymous_22)","decl":{"start":{"line":394,"column":46},"end":{"line":394,"column":47}},"loc":{"start":{"line":394,"column":52},"end":{"line":394,"column":112}},"line":394},"23":{"name":"(anonymous_23)","decl":{"start":{"line":419,"column":26},"end":{"line":419,"column":27}},"loc":{"start":{"line":419,"column":36},"end":{"line":419,"column":51}},"line":419},"24":{"name":"(anonymous_24)","decl":{"start":{"line":420,"column":24},"end":{"line":420,"column":25}},"loc":{"start":{"line":420,"column":38},"end":{"line":420,"column":62}},"line":420},"25":{"name":"(anonymous_25)","decl":{"start":{"line":425,"column":26},"end":{"line":425,"column":27}},"loc":{"start":{"line":425,"column":32},"end":{"line":425,"column":47}},"line":425},"26":{"name":"(anonymous_26)","decl":{"start":{"line":429,"column":23},"end":{"line":429,"column":24}},"loc":{"start":{"line":429,"column":29},"end":{"line":429,"column":43}},"line":429},"27":{"name":"(anonymous_27)","decl":{"start":{"line":439,"column":19},"end":{"line":439,"column":20}},"loc":{"start":{"line":439,"column":25},"end":{"line":439,"column":53}},"line":439},"28":{"name":"ScrollableTabView","decl":{"start":{"line":450,"column":24},"end":{"line":450,"column":41}},"loc":{"start":{"line":450,"column":44},"end":{"line":523,"column":1}},"line":450},"29":{"name":"(anonymous_29)","decl":{"start":{"line":465,"column":9},"end":{"line":465,"column":10}},"loc":{"start":{"line":465,"column":15},"end":{"line":465,"column":123}},"line":465},"30":{"name":"(anonymous_30)","decl":{"start":{"line":466,"column":8},"end":{"line":466,"column":9}},"loc":{"start":{"line":466,"column":14},"end":{"line":466,"column":76}},"line":466},"31":{"name":"(anonymous_31)","decl":{"start":{"line":467,"column":8},"end":{"line":467,"column":9}},"loc":{"start":{"line":467,"column":14},"end":{"line":467,"column":46}},"line":467},"32":{"name":"(anonymous_32)","decl":{"start":{"line":468,"column":8},"end":{"line":468,"column":9}},"loc":{"start":{"line":468,"column":14},"end":{"line":468,"column":46}},"line":468},"33":{"name":"(anonymous_33)","decl":{"start":{"line":469,"column":8},"end":{"line":469,"column":9}},"loc":{"start":{"line":469,"column":14},"end":{"line":469,"column":46}},"line":469},"34":{"name":"(anonymous_34)","decl":{"start":{"line":470,"column":7},"end":{"line":470,"column":8}},"loc":{"start":{"line":470,"column":13},"end":{"line":470,"column":68}},"line":470},"35":{"name":"(anonymous_35)","decl":{"start":{"line":474,"column":23},"end":{"line":474,"column":24}},"loc":{"start":{"line":476,"column":7},"end":{"line":509,"column":3}},"line":476},"36":{"name":"(anonymous_36)","decl":{"start":{"line":477,"column":56},"end":{"line":477,"column":57}},"loc":{"start":{"line":477,"column":66},"end":{"line":477,"column":67}},"line":477},"37":{"name":"(anonymous_37)","decl":{"start":{"line":486,"column":44},"end":{"line":486,"column":45}},"loc":{"start":{"line":486,"column":58},"end":{"line":505,"column":11}},"line":486},"38":{"name":"(anonymous_38)","decl":{"start":{"line":496,"column":25},"end":{"line":496,"column":26}},"loc":{"start":{"line":496,"column":31},"end":{"line":496,"column":42}},"line":496}},"branchMap":{"0":{"loc":{"start":{"line":100,"column":5},"end":{"line":105,"column":5}},"type":"binary-expr","locations":[{"start":{"line":100,"column":5},"end":{"line":100,"column":22}},{"start":{"line":101,"column":6},"end":{"line":104,"column":25}}],"line":100},"1":{"loc":{"start":{"line":107,"column":5},"end":{"line":112,"column":5}},"type":"binary-expr","locations":[{"start":{"line":107,"column":5},"end":{"line":107,"column":23}},{"start":{"line":108,"column":6},"end":{"line":111,"column":25}}],"line":107},"2":{"loc":{"start":{"line":149,"column":6},"end":{"line":159,"column":7}},"type":"if","locations":[{"start":{"line":149,"column":6},"end":{"line":159,"column":7}},{"start":{"line":152,"column":13},"end":{"line":159,"column":7}}],"line":149},"3":{"loc":{"start":{"line":170,"column":14},"end":{"line":170,"column":56}},"type":"cond-expr","locations":[{"start":{"line":170,"column":33},"end":{"line":170,"column":39}},{"start":{"line":170,"column":42},"end":{"line":170,"column":56}}],"line":170},"4":{"loc":{"start":{"line":172,"column":15},"end":{"line":172,"column":52}},"type":"cond-expr","locations":[{"start":{"line":172,"column":34},"end":{"line":172,"column":43}},{"start":{"line":172,"column":46},"end":{"line":172,"column":52}}],"line":172},"5":{"loc":{"start":{"line":176,"column":9},"end":{"line":176,"column":62}},"type":"cond-expr","locations":[{"start":{"line":176,"column":28},"end":{"line":176,"column":39}},{"start":{"line":176,"column":42},"end":{"line":176,"column":62}}],"line":176},"6":{"loc":{"start":{"line":187,"column":4},"end":{"line":198,"column":5}},"type":"switch","locations":[{"start":{"line":188,"column":6},"end":{"line":189,"column":107}},{"start":{"line":190,"column":6},"end":{"line":191,"column":133}},{"start":{"line":192,"column":6},"end":{"line":193,"column":121}},{"start":{"line":194,"column":6},"end":{"line":195,"column":122}},{"start":{"line":196,"column":6},"end":{"line":197,"column":65}}],"line":187},"7":{"loc":{"start":{"line":212,"column":23},"end":{"line":212,"column":73}},"type":"binary-expr","locations":[{"start":{"line":212,"column":23},"end":{"line":212,"column":36}},{"start":{"line":212,"column":40},"end":{"line":212,"column":73}}],"line":212},"8":{"loc":{"start":{"line":255,"column":2},"end":{"line":255,"column":29}},"type":"default-arg","locations":[{"start":{"line":255,"column":16},"end":{"line":255,"column":29}}],"line":255},"9":{"loc":{"start":{"line":256,"column":2},"end":{"line":256,"column":23}},"type":"default-arg","locations":[{"start":{"line":256,"column":19},"end":{"line":256,"column":23}}],"line":256},"10":{"loc":{"start":{"line":257,"column":2},"end":{"line":257,"column":24}},"type":"default-arg","locations":[{"start":{"line":257,"column":20},"end":{"line":257,"column":24}}],"line":257},"11":{"loc":{"start":{"line":258,"column":2},"end":{"line":258,"column":19}},"type":"default-arg","locations":[{"start":{"line":258,"column":15},"end":{"line":258,"column":19}}],"line":258},"12":{"loc":{"start":{"line":284,"column":28},"end":{"line":284,"column":55}},"type":"default-arg","locations":[{"start":{"line":284,"column":50},"end":{"line":284,"column":55}}],"line":284},"13":{"loc":{"start":{"line":284,"column":57},"end":{"line":284,"column":81}},"type":"default-arg","locations":[{"start":{"line":284,"column":76},"end":{"line":284,"column":81}}],"line":284},"14":{"loc":{"start":{"line":284,"column":97},"end":{"line":284,"column":115}},"type":"default-arg","locations":[{"start":{"line":284,"column":113},"end":{"line":284,"column":115}}],"line":284},"15":{"loc":{"start":{"line":288,"column":6},"end":{"line":290,"column":7}},"type":"if","locations":[{"start":{"line":288,"column":6},"end":{"line":290,"column":7}},{"start":{},"end":{}}],"line":288},"16":{"loc":{"start":{"line":305,"column":4},"end":{"line":314,"column":5}},"type":"switch","locations":[{"start":{"line":306,"column":6},"end":{"line":307,"column":22}},{"start":{"line":308,"column":6},"end":{"line":309,"column":31}},{"start":{"line":310,"column":6},"end":{"line":311,"column":26}},{"start":{"line":312,"column":6},"end":{"line":313,"column":25}}],"line":305},"17":{"loc":{"start":{"line":317,"column":38},"end":{"line":317,"column":53}},"type":"default-arg","locations":[{"start":{"line":317,"column":48},"end":{"line":317,"column":53}}],"line":317},"18":{"loc":{"start":{"line":319,"column":4},"end":{"line":319,"column":57}},"type":"if","locations":[{"start":{"line":319,"column":4},"end":{"line":319,"column":57}},{"start":{},"end":{}}],"line":319},"19":{"loc":{"start":{"line":319,"column":8},"end":{"line":319,"column":48}},"type":"binary-expr","locations":[{"start":{"line":319,"column":8},"end":{"line":319,"column":16}},{"start":{"line":319,"column":21},"end":{"line":319,"column":35}},{"start":{"line":319,"column":39},"end":{"line":319,"column":47}}],"line":319},"20":{"loc":{"start":{"line":322,"column":4},"end":{"line":326,"column":5}},"type":"if","locations":[{"start":{"line":322,"column":4},"end":{"line":326,"column":5}},{"start":{"line":324,"column":11},"end":{"line":326,"column":5}}],"line":322},"21":{"loc":{"start":{"line":329,"column":25},"end":{"line":329,"column":43}},"type":"cond-expr","locations":[{"start":{"line":329,"column":35},"end":{"line":329,"column":36}},{"start":{"line":329,"column":39},"end":{"line":329,"column":43}}],"line":329},"22":{"loc":{"start":{"line":338,"column":18},"end":{"line":338,"column":42}},"type":"binary-expr","locations":[{"start":{"line":338,"column":18},"end":{"line":338,"column":36}},{"start":{"line":338,"column":40},"end":{"line":338,"column":42}}],"line":338},"23":{"loc":{"start":{"line":346,"column":6},"end":{"line":363,"column":7}},"type":"if","locations":[{"start":{"line":346,"column":6},"end":{"line":363,"column":7}},{"start":{"line":350,"column":11},"end":{"line":363,"column":7}}],"line":346},"24":{"loc":{"start":{"line":351,"column":8},"end":{"line":361,"column":9}},"type":"if","locations":[{"start":{"line":351,"column":8},"end":{"line":361,"column":9}},{"start":{"line":356,"column":15},"end":{"line":361,"column":9}}],"line":351},"25":{"loc":{"start":{"line":380,"column":4},"end":{"line":380,"column":64}},"type":"if","locations":[{"start":{"line":380,"column":4},"end":{"line":380,"column":64}},{"start":{},"end":{}}],"line":380},"26":{"loc":{"start":{"line":393,"column":27},"end":{"line":393,"column":120}},"type":"cond-expr","locations":[{"start":{"line":393,"column":44},"end":{"line":393,"column":108}},{"start":{"line":393,"column":111},"end":{"line":393,"column":120}}],"line":393},"27":{"loc":{"start":{"line":393,"column":66},"end":{"line":393,"column":107}},"type":"cond-expr","locations":[{"start":{"line":393,"column":92},"end":{"line":393,"column":98}},{"start":{"line":393,"column":101},"end":{"line":393,"column":107}}],"line":393},"28":{"loc":{"start":{"line":394,"column":28},"end":{"line":394,"column":124}},"type":"cond-expr","locations":[{"start":{"line":394,"column":46},"end":{"line":394,"column":112}},{"start":{"line":394,"column":115},"end":{"line":394,"column":124}}],"line":394},"29":{"loc":{"start":{"line":394,"column":68},"end":{"line":394,"column":111}},"type":"cond-expr","locations":[{"start":{"line":394,"column":95},"end":{"line":394,"column":101}},{"start":{"line":394,"column":104},"end":{"line":394,"column":111}}],"line":394},"30":{"loc":{"start":{"line":398,"column":7},"end":{"line":400,"column":7}},"type":"binary-expr","locations":[{"start":{"line":398,"column":7},"end":{"line":398,"column":30}},{"start":{"line":399,"column":8},"end":{"line":399,"column":88}}],"line":398},"31":{"loc":{"start":{"line":403,"column":7},"end":{"line":405,"column":7}},"type":"binary-expr","locations":[{"start":{"line":403,"column":7},"end":{"line":403,"column":31}},{"start":{"line":404,"column":8},"end":{"line":404,"column":90}}],"line":403},"32":{"loc":{"start":{"line":407,"column":7},"end":{"line":409,"column":7}},"type":"binary-expr","locations":[{"start":{"line":407,"column":7},"end":{"line":407,"column":17}},{"start":{"line":408,"column":8},"end":{"line":408,"column":41}}],"line":407},"33":{"loc":{"start":{"line":411,"column":9},"end":{"line":435,"column":9}},"type":"cond-expr","locations":[{"start":{"line":412,"column":10},"end":{"line":414,"column":17}},{"start":{"line":415,"column":12},"end":{"line":435,"column":9}}],"line":411},"34":{"loc":{"start":{"line":415,"column":12},"end":{"line":435,"column":9}},"type":"cond-expr","locations":[{"start":{"line":416,"column":10},"end":{"line":430,"column":12}},{"start":{"line":432,"column":10},"end":{"line":434,"column":17}}],"line":415},"35":{"loc":{"start":{"line":415,"column":12},"end":{"line":415,"column":37}},"type":"binary-expr","locations":[{"start":{"line":415,"column":12},"end":{"line":415,"column":17}},{"start":{"line":415,"column":21},"end":{"line":415,"column":37}}],"line":415},"36":{"loc":{"start":{"line":490,"column":28},"end":{"line":490,"column":47}},"type":"cond-expr","locations":[{"start":{"line":490,"column":40},"end":{"line":490,"column":41}},{"start":{"line":490,"column":44},"end":{"line":490,"column":47}}],"line":490},"37":{"loc":{"start":{"line":502,"column":17},"end":{"line":502,"column":63}},"type":"binary-expr","locations":[{"start":{"line":502,"column":17},"end":{"line":502,"column":26}},{"start":{"line":502,"column":30},"end":{"line":502,"column":63}}],"line":502}},"s":{"0":0,"1":0,"2":0,"3":0,"4":0,"5":0,"6":0,"7":0,"8":0,"9":0,"10":0,"11":0,"12":0,"13":0,"14":0,"15":0,"16":0,"17":0,"18":0,"19":0,"20":0,"21":0,"22":0,"23":0,"24":0,"25":0,"26":0,"27":0,"28":0,"29":0,"30":0,"31":0,"32":0,"33":0,"34":0,"35":0,"36":0,"37":0,"38":0,"39":0,"40":0,"41":0,"42":0,"43":0,"44":0,"45":0,"46":0,"47":0,"48":0,"49":0,"50":0,"51":0,"52":0,"53":0,"54":0,"55":0,"56":0,"57":0,"58":0,"59":0,"60":0,"61":0,"62":0,"63":0,"64":0,"65":0,"66":0,"67":0,"68":0,"69":0,"70":0,"71":0,"72":0,"73":0,"74":0,"75":0,"76":0,"77":0,"78":0,"79":0,"80":0,"81":0,"82":0,"83":0,"84":0,"85":0,"86":0,"87":0,"88":0,"89":0,"90":0,"91":0,"92":0,"93":0,"94":0,"95":0,"96":0,"97":0,"98":0,"99":0,"100":0,"101":0,"102":0,"103":0,"104":0,"105":0,"106":0,"107":0,"108":0,"109":0,"110":0,"111":0,"112":0,"113":0,"114":0,"115":0,"116":0,"117":0,"118":0,"119":0,"120":0,"121":0,"122":0,"123":0,"124":0,"125":0,"126":0,"127":0,"128":0,"129":0,"130":0,"131":0,"132":0},"f":{"0":0,"1":0,"2":0,"3":0,"4":0,"5":0,"6":0,"7":0,"8":0,"9":0,"10":0,"11":0,"12":0,"13":0,"14":0,"15":0,"16":0,"17":0,"18":0,"19":0,"20":0,"21":0,"22":0,"23":0,"24":0,"25":0,"26":0,"27":0,"28":0,"29":0,"30":0,"31":0,"32":0,"33":0,"34":0,"35":0,"36":0,"37":0,"38":0},"b":{"0":[0,0],"1":[0,0],"2":[0,0],"3":[0,0],"4":[0,0],"5":[0,0],"6":[0,0,0,0,0],"7":[0,0],"8":[0],"9":[0],"10":[0],"11":[0],"12":[0],"13":[0],"14":[0],"15":[0,0],"16":[0,0,0,0],"17":[0],"18":[0,0],"19":[0,0,0],"20":[0,0],"21":[0,0],"22":[0,0],"23":[0,0],"24":[0,0],"25":[0,0],"26":[0,0],"27":[0,0],"28":[0,0],"29":[0,0],"30":[0,0],"31":[0,0],"32":[0,0],"33":[0,0],"34":[0,0],"35":[0,0],"36":[0,0],"37":[0,0]}}
,"D:\\STUDY\\Lofy\\Lofy\\app\\(tabs)\\settings.tsx": {"path":"D:\\STUDY\\Lofy\\Lofy\\app\\(tabs)\\settings.tsx","statementMap":{"0":{"start":{"line":24,"column":26},"end":{"line":24,"column":53}},"1":{"start":{"line":25,"column":32},"end":{"line":25,"column":56}},"2":{"start":{"line":26,"column":28},"end":{"line":26,"column":57}},"3":{"start":{"line":27,"column":16},"end":{"line":27,"column":42}},"4":{"start":{"line":27,"column":34},"end":{"line":27,"column":41}},"5":{"start":{"line":28,"column":20},"end":{"line":52,"column":3}},"6":{"start":{"line":29,"column":4},"end":{"line":51,"column":5}},"7":{"start":{"line":30,"column":6},"end":{"line":30,"column":23}},"8":{"start":{"line":31,"column":6},"end":{"line":31,"column":21}},"9":{"start":{"line":37,"column":24},"end":{"line":37,"column":76}},"10":{"start":{"line":45,"column":6},"end":{"line":45,"column":19}},"11":{"start":{"line":47,"column":6},"end":{"line":47,"column":43}},"12":{"start":{"line":48,"column":6},"end":{"line":48,"column":58}},"13":{"start":{"line":50,"column":6},"end":{"line":50,"column":24}},"14":{"start":{"line":54,"column":2},"end":{"line":56,"column":9}},"15":{"start":{"line":55,"column":4},"end":{"line":55,"column":16}},"16":{"start":{"line":58,"column":2},"end":{"line":114,"column":3}},"17":{"start":{"line":62,"column":10},"end":{"line":62,"column":71}},"18":{"start":{"line":92,"column":10},"end":{"line":92,"column":59}},"19":{"start":{"line":104,"column":81},"end":{"line":104,"column":107}},"20":{"start":{"line":117,"column":15},"end":{"line":160,"column":2}}},"fnMap":{"0":{"name":"Settings","decl":{"start":{"line":23,"column":24},"end":{"line":23,"column":32}},"loc":{"start":{"line":23,"column":35},"end":{"line":115,"column":1}},"line":23},"1":{"name":"(anonymous_1)","decl":{"start":{"line":27,"column":29},"end":{"line":27,"column":30}},"loc":{"start":{"line":27,"column":34},"end":{"line":27,"column":41}},"line":27},"2":{"name":"(anonymous_2)","decl":{"start":{"line":28,"column":20},"end":{"line":28,"column":21}},"loc":{"start":{"line":28,"column":32},"end":{"line":52,"column":3}},"line":28},"3":{"name":"(anonymous_3)","decl":{"start":{"line":54,"column":12},"end":{"line":54,"column":13}},"loc":{"start":{"line":54,"column":18},"end":{"line":56,"column":3}},"line":54},"4":{"name":"(anonymous_4)","decl":{"start":{"line":61,"column":57},"end":{"line":61,"column":58}},"loc":{"start":{"line":61,"column":63},"end":{"line":63,"column":9}},"line":61},"5":{"name":"(anonymous_5)","decl":{"start":{"line":91,"column":73},"end":{"line":91,"column":74}},"loc":{"start":{"line":91,"column":79},"end":{"line":93,"column":9}},"line":91},"6":{"name":"(anonymous_6)","decl":{"start":{"line":104,"column":75},"end":{"line":104,"column":76}},"loc":{"start":{"line":104,"column":81},"end":{"line":104,"column":107}},"line":104}},"branchMap":{"0":{"loc":{"start":{"line":48,"column":15},"end":{"line":48,"column":56}},"type":"binary-expr","locations":[{"start":{"line":48,"column":15},"end":{"line":48,"column":26}},{"start":{"line":48,"column":30},"end":{"line":48,"column":56}}],"line":48},"1":{"loc":{"start":{"line":69,"column":11},"end":{"line":69,"column":56}},"type":"binary-expr","locations":[{"start":{"line":69,"column":11},"end":{"line":69,"column":18}},{"start":{"line":69,"column":22},"end":{"line":69,"column":56}}],"line":69},"2":{"loc":{"start":{"line":70,"column":11},"end":{"line":74,"column":11}},"type":"binary-expr","locations":[{"start":{"line":70,"column":11},"end":{"line":70,"column":19}},{"start":{"line":70,"column":23},"end":{"line":70,"column":28}},{"start":{"line":71,"column":12},"end":{"line":73,"column":19}}],"line":70},"3":{"loc":{"start":{"line":75,"column":11},"end":{"line":83,"column":11}},"type":"binary-expr","locations":[{"start":{"line":75,"column":11},"end":{"line":75,"column":19}},{"start":{"line":75,"column":23},"end":{"line":75,"column":29}},{"start":{"line":75,"column":33},"end":{"line":75,"column":37}},{"start":{"line":76,"column":12},"end":{"line":82,"column":15}}],"line":75},"4":{"loc":{"start":{"line":79,"column":15},"end":{"line":81,"column":15}},"type":"binary-expr","locations":[{"start":{"line":79,"column":15},"end":{"line":79,"column":32}},{"start":{"line":80,"column":16},"end":{"line":80,"column":72}}],"line":79},"5":{"loc":{"start":{"line":84,"column":11},"end":{"line":86,"column":13}},"type":"binary-expr","locations":[{"start":{"line":84,"column":11},"end":{"line":84,"column":19}},{"start":{"line":84,"column":23},"end":{"line":84,"column":29}},{"start":{"line":84,"column":33},"end":{"line":84,"column":38}},{"start":{"line":85,"column":14},"end":{"line":85,"column":63}}],"line":84}},"s":{"0":0,"1":0,"2":0,"3":0,"4":0,"5":0,"6":0,"7":0,"8":0,"9":0,"10":0,"11":0,"12":0,"13":0,"14":0,"15":0,"16":0,"17":0,"18":0,"19":0,"20":0},"f":{"0":0,"1":0,"2":0,"3":0,"4":0,"5":0,"6":0},"b":{"0":[0,0],"1":[0,0],"2":[0,0,0],"3":[0,0,0,0],"4":[0,0],"5":[0,0,0,0]}}
,"D:\\STUDY\\Lofy\\Lofy\\app\\auth\\_layout.tsx": {"path":"D:\\STUDY\\Lofy\\Lofy\\app\\auth\\_layout.tsx","statementMap":{"0":{"start":{"line":4,"column":2},"end":{"line":8,"column":4}}},"fnMap":{"0":{"name":"AuthLayout","decl":{"start":{"line":3,"column":24},"end":{"line":3,"column":34}},"loc":{"start":{"line":3,"column":37},"end":{"line":9,"column":1}},"line":3}},"branchMap":{},"s":{"0":0},"f":{"0":0},"b":{}}
,"D:\\STUDY\\Lofy\\Lofy\\app\\auth\\login.tsx": {"path":"D:\\STUDY\\Lofy\\Lofy\\app\\auth\\login.tsx","statementMap":{"0":{"start":{"line":24,"column":24},"end":{"line":24,"column":39}},"1":{"start":{"line":25,"column":23},"end":{"line":25,"column":25}},"2":{"start":{"line":29,"column":26},"end":{"line":29,"column":78}},"3":{"start":{"line":30,"column":28},"end":{"line":30,"column":40}},"4":{"start":{"line":31,"column":24},"end":{"line":31,"column":36}},"5":{"start":{"line":32,"column":36},"end":{"line":32,"column":51}},"6":{"start":{"line":33,"column":42},"end":{"line":33,"column":54}},"7":{"start":{"line":36,"column":28},"end":{"line":36,"column":39}},"8":{"start":{"line":40,"column":2},"end":{"line":48,"column":14}},"9":{"start":{"line":42,"column":4},"end":{"line":46,"column":5}},"10":{"start":{"line":43,"column":6},"end":{"line":45,"column":15}},"11":{"start":{"line":44,"column":8},"end":{"line":44,"column":37}},"12":{"start":{"line":44,"column":27},"end":{"line":44,"column":35}},"13":{"start":{"line":47,"column":4},"end":{"line":47,"column":41}},"14":{"start":{"line":47,"column":17},"end":{"line":47,"column":40}},"15":{"start":{"line":53,"column":23},"end":{"line":91,"column":3}},"16":{"start":{"line":54,"column":4},"end":{"line":54,"column":24}},"17":{"start":{"line":55,"column":4},"end":{"line":55,"column":23}},"18":{"start":{"line":58,"column":4},"end":{"line":61,"column":5}},"19":{"start":{"line":59,"column":6},"end":{"line":59,"column":46}},"20":{"start":{"line":60,"column":6},"end":{"line":60,"column":13}},"21":{"start":{"line":62,"column":4},"end":{"line":65,"column":5}},"22":{"start":{"line":63,"column":6},"end":{"line":63,"column":63}},"23":{"start":{"line":64,"column":6},"end":{"line":64,"column":13}},"24":{"start":{"line":67,"column":4},"end":{"line":67,"column":23}},"25":{"start":{"line":69,"column":4},"end":{"line":90,"column":5}},"26":{"start":{"line":73,"column":19},"end":{"line":73,"column":67}},"27":{"start":{"line":75,"column":6},"end":{"line":75,"column":48}},"28":{"start":{"line":78,"column":6},"end":{"line":80,"column":13}},"29":{"start":{"line":81,"column":6},"end":{"line":81,"column":26}},"30":{"start":{"line":82,"column":6},"end":{"line":82,"column":27}},"31":{"start":{"line":83,"column":6},"end":{"line":83,"column":31}},"32":{"start":{"line":84,"column":6},"end":{"line":84,"column":73}},"33":{"start":{"line":87,"column":6},"end":{"line":87,"column":26}},"34":{"start":{"line":88,"column":6},"end":{"line":88,"column":52}},"35":{"start":{"line":89,"column":6},"end":{"line":89,"column":73}},"36":{"start":{"line":94,"column":26},"end":{"line":97,"column":3}},"37":{"start":{"line":95,"column":4},"end":{"line":95,"column":26}},"38":{"start":{"line":95,"column":19},"end":{"line":95,"column":26}},"39":{"start":{"line":96,"column":4},"end":{"line":96,"column":25}},"40":{"start":{"line":100,"column":22},"end":{"line":135,"column":3}},"41":{"start":{"line":101,"column":4},"end":{"line":104,"column":5}},"42":{"start":{"line":102,"column":6},"end":{"line":102,"column":54}},"43":{"start":{"line":103,"column":6},"end":{"line":103,"column":13}},"44":{"start":{"line":106,"column":4},"end":{"line":106,"column":23}},"45":{"start":{"line":108,"column":4},"end":{"line":134,"column":5}},"46":{"start":{"line":109,"column":19},"end":{"line":109,"column":67}},"47":{"start":{"line":112,"column":23},"end":{"line":115,"column":12}},"48":{"start":{"line":117,"column":31},"end":{"line":117,"column":39}},"49":{"start":{"line":119,"column":6},"end":{"line":128,"column":7}},"50":{"start":{"line":121,"column":8},"end":{"line":121,"column":67}},"51":{"start":{"line":122,"column":8},"end":{"line":122,"column":60}},"52":{"start":{"line":124,"column":8},"end":{"line":124,"column":28}},"53":{"start":{"line":125,"column":8},"end":{"line":125,"column":34}},"54":{"start":{"line":127,"column":8},"end":{"line":127,"column":61}},"55":{"start":{"line":131,"column":6},"end":{"line":131,"column":26}},"56":{"start":{"line":132,"column":6},"end":{"line":132,"column":43}},"57":{"start":{"line":133,"column":6},"end":{"line":133,"column":82}},"58":{"start":{"line":139,"column":2},"end":{"line":253,"column":4}},"59":{"start":{"line":241,"column":18},"end":{"line":241,"column":41}},"60":{"start":{"line":242,"column":18},"end":{"line":242,"column":29}},"61":{"start":{"line":243,"column":18},"end":{"line":243,"column":38}},"62":{"start":{"line":256,"column":15},"end":{"line":394,"column":2}}},"fnMap":{"0":{"name":"LoginScreen","decl":{"start":{"line":27,"column":24},"end":{"line":27,"column":35}},"loc":{"start":{"line":27,"column":38},"end":{"line":254,"column":1}},"line":27},"1":{"name":"(anonymous_1)","decl":{"start":{"line":40,"column":12},"end":{"line":40,"column":13}},"loc":{"start":{"line":40,"column":18},"end":{"line":48,"column":3}},"line":40},"2":{"name":"(anonymous_2)","decl":{"start":{"line":43,"column":29},"end":{"line":43,"column":30}},"loc":{"start":{"line":43,"column":35},"end":{"line":45,"column":7}},"line":43},"3":{"name":"(anonymous_3)","decl":{"start":{"line":44,"column":17},"end":{"line":44,"column":18}},"loc":{"start":{"line":44,"column":27},"end":{"line":44,"column":35}},"line":44},"4":{"name":"(anonymous_4)","decl":{"start":{"line":47,"column":11},"end":{"line":47,"column":12}},"loc":{"start":{"line":47,"column":17},"end":{"line":47,"column":40}},"line":47},"5":{"name":"(anonymous_5)","decl":{"start":{"line":53,"column":23},"end":{"line":53,"column":24}},"loc":{"start":{"line":53,"column":35},"end":{"line":91,"column":3}},"line":53},"6":{"name":"(anonymous_6)","decl":{"start":{"line":94,"column":26},"end":{"line":94,"column":27}},"loc":{"start":{"line":94,"column":38},"end":{"line":97,"column":3}},"line":94},"7":{"name":"(anonymous_7)","decl":{"start":{"line":100,"column":22},"end":{"line":100,"column":23}},"loc":{"start":{"line":100,"column":34},"end":{"line":135,"column":3}},"line":100},"8":{"name":"(anonymous_8)","decl":{"start":{"line":240,"column":25},"end":{"line":240,"column":26}},"loc":{"start":{"line":240,"column":31},"end":{"line":244,"column":17}},"line":240}},"branchMap":{"0":{"loc":{"start":{"line":42,"column":4},"end":{"line":46,"column":5}},"type":"if","locations":[{"start":{"line":42,"column":4},"end":{"line":46,"column":5}},{"start":{},"end":{}}],"line":42},"1":{"loc":{"start":{"line":58,"column":4},"end":{"line":61,"column":5}},"type":"if","locations":[{"start":{"line":58,"column":4},"end":{"line":61,"column":5}},{"start":{},"end":{}}],"line":58},"2":{"loc":{"start":{"line":62,"column":4},"end":{"line":65,"column":5}},"type":"if","locations":[{"start":{"line":62,"column":4},"end":{"line":65,"column":5}},{"start":{},"end":{}}],"line":62},"3":{"loc":{"start":{"line":89,"column":22},"end":{"line":89,"column":71}},"type":"binary-expr","locations":[{"start":{"line":89,"column":22},"end":{"line":89,"column":35}},{"start":{"line":89,"column":39},"end":{"line":89,"column":71}}],"line":89},"4":{"loc":{"start":{"line":95,"column":4},"end":{"line":95,"column":26}},"type":"if","locations":[{"start":{"line":95,"column":4},"end":{"line":95,"column":26}},{"start":{},"end":{}}],"line":95},"5":{"loc":{"start":{"line":101,"column":4},"end":{"line":104,"column":5}},"type":"if","locations":[{"start":{"line":101,"column":4},"end":{"line":104,"column":5}},{"start":{},"end":{}}],"line":101},"6":{"loc":{"start":{"line":119,"column":6},"end":{"line":128,"column":7}},"type":"if","locations":[{"start":{"line":119,"column":6},"end":{"line":128,"column":7}},{"start":{"line":126,"column":13},"end":{"line":128,"column":7}}],"line":119},"7":{"loc":{"start":{"line":133,"column":22},"end":{"line":133,"column":80}},"type":"binary-expr","locations":[{"start":{"line":133,"column":22},"end":{"line":133,"column":35}},{"start":{"line":133,"column":39},"end":{"line":133,"column":80}}],"line":133},"8":{"loc":{"st
[...]
column":25},"end":{"line":401,"column":29}},{"start":{"line":401,"column":32},"end":{"line":401,"column":37}}],"line":401},"22":{"loc":{"start":{"line":419,"column":2},"end":{"line":419,"column":17}},"type":"default-arg","locations":[{"start":{"line":419,"column":12},"end":{"line":419,"column":17}}],"line":419},"23":{"loc":{"start":{"line":422,"column":15},"end":{"line":422,"column":40}},"type":"cond-expr","locations":[{"start":{"line":422,"column":25},"end":{"line":422,"column":29}},{"start":{"line":422,"column":32},"end":{"line":422,"column":40}}],"line":422},"24":{"loc":{"start":{"line":499,"column":2},"end":{"line":499,"column":17}},"type":"default-arg","locations":[{"start":{"line":499,"column":12},"end":{"line":499,"column":17}}],"line":499},"25":{"loc":{"start":{"line":500,"column":2},"end":{"line":500,"column":18}},"type":"default-arg","locations":[{"start":{"line":500,"column":13},"end":{"line":500,"column":18}}],"line":500},"26":{"loc":{"start":{"line":501,"column":2},"end":{"line":501,"column":21}},"type":"default-arg","locations":[{"start":{"line":501,"column":12},"end":{"line":501,"column":21}}],"line":501},"27":{"loc":{"start":{"line":502,"column":2},"end":{"line":502,"column":18}},"type":"default-arg","locations":[{"start":{"line":502,"column":9},"end":{"line":502,"column":18}}],"line":502},"28":{"loc":{"start":{"line":511,"column":15},"end":{"line":511,"column":40}},"type":"cond-expr","locations":[{"start":{"line":511,"column":25},"end":{"line":511,"column":29}},{"start":{"line":511,"column":32},"end":{"line":511,"column":40}}],"line":511},"29":{"loc":{"start":{"line":525,"column":2},"end":{"line":527,"column":3}},"type":"if","locations":[{"start":{"line":525,"column":2},"end":{"line":527,"column":3}},{"start":{},"end":{}}],"line":525},"30":{"loc":{"start":{"line":529,"column":2},"end":{"line":533,"column":3}},"type":"if","locations":[{"start":{"line":529,"column":2},"end":{"line":533,"column":3}},{"start":{},"end":{}}],"line":529},"31":{"loc":{"start":{"line":541,"column":16},"end":{"line":541,"column":49}},"type":"binary-expr","locations":[{"start":{"line":541,"column":16},"end":{"line":541,"column":37}},{"start":{"line":541,"column":41},"end":{"line":541,"column":49}}],"line":541},"32":{"loc":{"start":{"line":550,"column":2},"end":{"line":550,"column":17}},"type":"default-arg","locations":[{"start":{"line":550,"column":12},"end":{"line":550,"column":17}}],"line":550},"33":{"loc":{"start":{"line":551,"column":2},"end":{"line":551,"column":21}},"type":"default-arg","locations":[{"start":{"line":551,"column":16},"end":{"line":551,"column":21}}],"line":551},"34":{"loc":{"start":{"line":557,"column":15},"end":{"line":557,"column":40}},"type":"cond-expr","locations":[{"start":{"line":557,"column":25},"end":{"line":557,"column":29}},{"start":{"line":557,"column":32},"end":{"line":557,"column":40}}],"line":557},"35":{"loc":{"start":{"line":571,"column":8},"end":{"line":572,"column":196}},"type":"binary-expr","locations":[{"start":{"line":571,"column":8},"end":{"line":571,"column":19}},{"start":{"line":572,"column":10},"end":{"line":572,"column":196}}],"line":571},"36":{"loc":{"start":{"line":604,"column":2},"end":{"line":604,"column":18}},"type":"default-arg","locations":[{"start":{"line":604,"column":13},"end":{"line":604,"column":18}}],"line":604},"37":{"loc":{"start":{"line":621,"column":7},"end":{"line":626,"column":7}},"type":"binary-expr","locations":[{"start":{"line":621,"column":7},"end":{"line":621,"column":15}},{"start":{"line":622,"column":8},"end":{"line":625,"column":10}}],"line":621},"38":{"loc":{"start":{"line":670,"column":2},"end":{"line":670,"column":17}},"type":"default-arg","locations":[{"start":{"line":670,"column":12},"end":{"line":670,"column":17}}],"line":670},"39":{"loc":{"start":{"line":671,"column":2},"end":{"line":671,"column":13}},"type":"default-arg","locations":[{"start":{"line":671,"column":9},"end":{"line":671,"column":13}}],"line":671},"40":{"loc":{"start":{"line":672,"column":2},"end":{"line":672,"column":18}},"type":"default-arg","locations":[{"start":{"line":672,"column":13},"end":{"line":672,"column":18}}],"line":672},"41":{"loc":{"start":{"line":680,"column":15},"end":{"line":680,"column":35}},"type":"cond-expr","locations":[{"start":{"line":680,"column":25},"end":{"line":680,"column":29}},{"start":{"line":680,"column":32},"end":{"line":680,"column":35}}],"line":680},"42":{"loc":{"start":{"line":691,"column":8},"end":{"line":691,"column":34}},"type":"binary-expr","locations":[{"start":{"line":691,"column":8},"end":{"line":691,"column":21}},{"start":{"line":691,"column":25},"end":{"line":691,"column":34}}],"line":691},"43":{"loc":{"start":{"line":692,"column":8},"end":{"line":692,"column":34}},"type":"binary-expr","locations":[{"start":{"line":692,"column":8},"end":{"line":692,"column":21}},{"start":{"line":692,"column":25},"end":{"line":692,"column":34}}],"line":692}},"s":{"0":0,"1":0,"2":0,"3":0,"4":0,"5":0,"6":0,"7":0,"8":0,"9":0,"10":0,"11":0,"12":0,"13":0,"14":0,"15":0,"16":0,"17":0,"18":0,"19":0,"20":0,"21":0,"22":0,"23":0,"24":0,"25":0,"26":0,"27":0,"28":0,"29":0,"30":0,"31":0,"32":0,"33":0,"34":0,"35":0,"36":0,"37":0,"38":0,"39":0,"40":0,"41":0,"42":0,"43":0,"44":0,"45":0,"46":0,"47":0,"48":0,"49":0,"50":0,"51":0,"52":0,"53":0,"54":0,"55":0,"56":0,"57":0,"58":0,"59":0,"60":0,"61":0,"62":0,"63":0,"64":0,"65":0,"66":0,"67":0,"68":0,"69":0,"70":0,"71":0,"72":0,"73":0,"74":0,"75":0,"76":0,"77":0,"78":0,"79":0,"80":0,"81":0},"f":{"0":0,"1":0,"2":0,"3":0,"4":0,"5":0,"6":0,"7":0,"8":0,"9":0,"10":0,"11":0,"12":0,"13":0,"14":0,"15":0,"16":0,"17":0,"18":0,"19":0,"20":0,"21":0,"22":0,"23":0,"24":0,"25":0,"26":0,"27":0,"28":0,"29":0,"30":0,"31":0,"32":0,"33":0},"b":{"0":[0,0],"1":[0],"2":[0,0],"3":[0,0],"4":[0,0],"5":[0,0],"6":[0,0],"7":[0,0,0],"8":[0,0],"9":[0],"10":[0],"11":[0],"12":[0,0],"13":[0,0],"14":[0,0],"15":[0,0],"16":[0,0],"17":[0,0],"18":[0,0],"19":[0,0],"20":[0],"21":[0,0],"22":[0],"23":[0,0],"24":[0],"25":[0],"26":[0],"27":[0],"28":[0,0],"29":[0,0],"30":[0,0],"31":[0,0],"32":[0],"33":[0],"34":[0,0],"35":[0,0],"36":[0],"37":[0,0],"38":[0],"39":[0],"40":[0],"41":[0,0],"42":[0,0],"43":[0,0]}}
,"D:\\STUDY\\Lofy\\Lofy\\components\\ui\\skeleton.tsx": {"path":"D:\\STUDY\\Lofy\\Lofy\\components\\ui\\skeleton.tsx","statementMap":{"0":{"start":{"line":4,"column":2},"end":{"line":10,"column":4}}},"fnMap":{"0":{"name":"Skeleton","decl":{"start":{"line":3,"column":9},"end":{"line":3,"column":17}},"loc":{"start":{"line":3,"column":72},"end":{"line":11,"column":1}},"line":3}},"branchMap":{},"s":{"0":0},"f":{"0":0},"b":{}}
,"D:\\STUDY\\Lofy\\Lofy\\components\\ui\\slider.tsx": {"path":"D:\\STUDY\\Lofy\\Lofy\\components\\ui\\slider.tsx","statementMap":{"0":{"start":{"line":16,"column":18},"end":{"line":24,"column":3}},"1":{"start":{"line":18,"column":6},"end":{"line":22,"column":22}},"2":{"start":{"line":26,"column":2},"end":{"line":60,"column":4}},"3":{"start":{"line":53,"column":8},"end":{"line":57,"column":10}}},"fnMap":{"0":{"name":"Slider","decl":{"start":{"line":8,"column":9},"end":{"line":8,"column":15}},"loc":{"start":{"line":15,"column":54},"end":{"line":61,"column":1}},"line":15},"1":{"name":"(anonymous_1)","decl":{"start":{"line":17,"column":4},"end":{"line":17,"column":5}},"loc":{"start":{"line":18,"column":6},"end":{"line":22,"column":22}},"line":18},"2":{"name":"(anonymous_2)","decl":{"start":{"line":52,"column":46},"end":{"line":52,"column":47}},"loc":{"start":{"line":53,"column":8},"end":{"line":57,"column":10}},"line":53}},"branchMap":{"0":{"loc":{"start":{"line":12,"column":2},"end":{"line":12,"column":9}},"type":"default-arg","locations":[{"start":{"line":12,"column":8},"end":{"line":12,"column":9}}],"line":12},"1":{"loc":{"start":{"line":13,"column":2},"end":{"line":13,"column":11}},"type":"default-arg","locations":[{"start":{"line":13,"column":8},"end":{"line":13,"column":11}}],"line":13},"2":{"loc":{"start":{"line":18,"column":6},"end":{"line":22,"column":22}},"type":"cond-expr","locations":[{"start":{"line":19,"column":10},"end":{"line":19,"column":15}},{"start":{"line":20,"column":10},"end":{"line":22,"column":22}}],"line":18},"3":{"loc":{"start":{"line":20,"column":10},"end":{"line":22,"column":22}},"type":"cond-expr","locations":[{"start":{"line":21,"column":12},"end":{"line":21,"column":24}},{"start":{"line":22,"column":12},"end":{"line":22,"column":22}}],"line":20}},"s":{"0":0,"1":0,"2":0,"3":0},"f":{"0":0,"1":0,"2":0},"b":{"0":[0],"1":[0],"2":[0,0],"3":[0,0]}}
,"D:\\STUDY\\Lofy\\Lofy\\components\\ui\\sonner.tsx": {"path":"D:\\STUDY\\Lofy\\Lofy\\components\\ui\\sonner.tsx","statementMap":{"0":{"start":{"line":6,"column":16},"end":{"line":23,"column":1}},"1":{"start":{"line":7,"column":31},"end":{"line":7,"column":41}},"2":{"start":{"line":9,"column":2},"end":{"line":22,"column":4}}},"fnMap":{"0":{"name":"(anonymous_0)","decl":{"start":{"line":6,"column":16},"end":{"line":6,"column":17}},"loc":{"start":{"line":6,"column":48},"end":{"line":23,"column":1}},"line":6}},"branchMap":{"0":{"loc":{"start":{"line":7,"column":10},"end":{"line":7,"column":26}},"type":"default-arg","locations":[{"start":{"line":7,"column":18},"end":{"line":7,"column":26}}],"line":7}},"s":{"0":0,"1":0,"2":0},"f":{"0":0},"b":{"0":[0]}}
,"D:\\STUDY\\Lofy\\Lofy\\components\\ui\\switch.tsx": {"path":"D:\\STUDY\\Lofy\\Lofy\\components\\ui\\switch.tsx","statementMap":{"0":{"start":{"line":12,"column":2},"end":{"line":28,"column":4}}},"fnMap":{"0":{"name":"Switch","decl":{"start":{"line":8,"column":9},"end":{"line":8,"column":15}},"loc":{"start":{"line":11,"column":54},"end":{"line":29,"column":1}},"line":11}},"branchMap":{},"s":{"0":0},"f":{"0":0},"b":{}}
,"D:\\STUDY\\Lofy\\Lofy\\components\\ui\\table.tsx": {"path":"D:\\STUDY\\Lofy\\Lofy\\components\\ui\\table.tsx","statementMap":{"0":{"start":{"line":8,"column":2},"end":{"line":19,"column":4}},"1":{"start":{"line":23,"column":2},"end":{"line":29,"column":4}},"2":{"start":{"line":33,"column":2},"end":{"line":39,"column":4}},"3":{"start":{"line":43,"column":2},"end":{"line":52,"column":4}},"4":{"start":{"line":56,"column":2},"end":{"line":65,"column":4}},"5":{"start":{"line":69,"column":2},"end":{"line":78,"column":4}},"6":{"start":{"line":82,"column":2},"end":{"line":91,"column":4}},"7":{"start":{"line":98,"column":2},"end":{"line":104,"column":4}}},"fnMap":{"0":{"name":"Table","decl":{"start":{"line":7,"column":9},"end":{"line":7,"column":14}},"loc":{"start":{"line":7,"column":71},"end":{"line":20,"column":1}},"line":7},"1":{"name":"TableHeader","decl":{"start":{"line":22,"column":9},"end":{"line":22,"column":20}},"loc":{"start":{"line":22,"column":77},"end":{"line":30,"column":1}},"line":22},"2":{"name":"TableBody","decl":{"start":{"line":32,"column":9},"end":{"line":32,"column":18}},"loc":{"start":{"line":32,"column":75},"end":{"line":40,"column":1}},"line":32},"3":{"name":"TableFooter","decl":{"start":{"line":42,"column":9},"end":{"line":42,"column":20}},"loc":{"start":{"line":42,"column":77},"end":{"line":53,"column":1}},"line":42},"4":{"name":"TableRow","decl":{"start":{"line":55,"column":9},"end":{"line":55,"column":17}},"loc":{"start":{"line":55,"column":71},"end":{"line":66,"column":1}},"line":55},"5":{"name":"TableHead","decl":{"start":{"line":68,"column":9},"end":{"line":68,"column":18}},"loc":{"start":{"line":68,"column":72},"end":{"line":79,"column":1}},"line":68},"6":{"name":"TableCell","decl":{"start":{"line":81,"column":9},"end":{"line":81,"column":18}},"loc":{"start":{"line":81,"column":72},"end":{"line":92,"column":1}},"line":81},"7":{"name":"TableCaption","decl":{"start":{"line":94,"column":9},"end":{"line":94,"column":21}},"loc":{"start":{"line":97,"column":36},"end":{"line":105,"column":1}},"line":97}},"branchMap":{},"s":{"0":0,"1":0,"2":0,"3":0,"4":0,"5":0,"6":0,"7":0},"f":{"0":0,"1":0,"2":0,"3":0,"4":0,"5":0,"6":0,"7":0},"b":{}}
,"D:\\STUDY\\Lofy\\Lofy\\components\\ui\\tabs.tsx": {"path":"D:\\STUDY\\Lofy\\Lofy\\components\\ui\\tabs.tsx","statementMap":{"0":{"start":{"line":12,"column":2},"end":{"line":18,"column":4}},"1":{"start":{"line":25,"column":2},"end":{"line":34,"column":4}},"2":{"start":{"line":41,"column":2},"end":{"line":50,"column":4}},"3":{"start":{"line":57,"column":2},"end":{"line":63,"column":4}}},"fnMap":{"0":{"name":"Tabs","decl":{"start":{"line":8,"column":9},"end":{"line":8,"column":13}},"loc":{"start":{"line":11,"column":52},"end":{"line":19,"column":1}},"line":11},"1":{"name":"TabsList","decl":{"start":{"line":21,"column":9},"end":{"line":21,"column":17}},"loc":{"start":{"line":24,"column":52},"end":{"line":35,"column":1}},"line":24},"2":{"name":"TabsTrigger","decl":{"start":{"line":37,"column":9},"end":{"line":37,"column":20}},"loc":{"start":{"line":40,"column":55},"end":{"line":51,"column":1}},"line":40},"3":{"name":"TabsContent","decl":{"start":{"line":53,"column":9},"end":{"line":53,"column":20}},"loc":{"start":{"line":56,"column":55},"end":{"line":64,"column":1}},"line":56}},"branchMap":{},"s":{"0":0,"1":0,"2":0,"3":0},"f":{"0":0,"1":0,"2":0,"3":0},"b":{}}
,"D:\\STUDY\\Lofy\\Lofy\\components\\ui\\textarea.tsx": {"path":"D:\\STUDY\\Lofy\\Lofy\\components\\ui\\textarea.tsx","statementMap":{"0":{"start":{"line":6,"column":2},"end":{"line":15,"column":4}}},"fnMap":{"0":{"name":"Textarea","decl":{"start":{"line":5,"column":9},"end":{"line":5,"column":17}},"loc":{"start":{"line":5,"column":77},"end":{"line":16,"column":1}},"line":5}},"branchMap":{},"s":{"0":0},"f":{"0":0},"b":{}}
,"D:\\STUDY\\Lofy\\Lofy\\components\\ui\\toggle-group.tsx": {"path":"D:\\STUDY\\Lofy\\Lofy\\components\\ui\\toggle-group.tsx","statementMap":{"0":{"start":{"line":10,"column":27},"end":{"line":15,"column":2}},"1":{"start":{"line":25,"column":2},"end":{"line":40,"column":4}},"2":{"start":{"line":51,"column":18},"end":{"line":51,"column":54}},"3":{"start":{"line":53,"column":2},"end":{"line":70,"column":4}}},"fnMap":{"0":{"name":"ToggleGroup","decl":{"start":{"line":17,"column":9},"end":{"line":17,"column":20}},"loc":{"start":{"line":24,"column":39},"end":{"line":41,"column":1}},"line":24},"1":{"name":"ToggleGroupItem","decl":{"start":{"line":43,"column":9},"end":{"line":43,"column":24}},"loc":{"start":{"line":50,"column":39},"end":{"line":71,"column":1}},"line":50}},"branchMap":{"0":{"loc":{"start":{"line":56,"column":20},"end":{"line":56,"column":46}},"type":"binary-expr","locations":[{"start":{"line":56,"column":20},"end":{"line":56,"column":35}},{"start":{"line":56,"column":39},"end":{"line":56,"column":46}}],"line":56},"1":{"loc":{"start":{"line":57,"column":17},"end":{"line":57,"column":37}},"type":"binary-expr","locations":[{"start":{"line":57,"column":17},"end":{"line":57,"column":29}},{"start":{"line":57,"column":33},"end":{"line":57,"column":37}}],"line":57},"2":{"loc":{"start":{"line":60,"column":19},"end":{"line":60,"column":45}},"type":"binary-expr","locations":[{"start":{"line":60,"column":19},"end":{"line":60,"column":34}},{"start":{"line":60,"column":38},"end":{"line":60,"column":45}}],"line":60},"3":{"loc":{"start":{"line":61,"column":16},"end":{"line":61,"column":36}},"type":"binary-expr","locations":[{"start":{"line":61,"column":16},"end":{"line":61,"column":28}},{"start":{"line":61,"column":32},"end":{"line":61,"column":36}}],"line":61}},"s":{"0":0,"1":0,"2":0,"3":0},"f":{"0":0,"1":0},"b":{"0":[0,0],"1":[0,0],"2":[0,0],"3":[0,0]}}
,"D:\\STUDY\\Lofy\\Lofy\\components\\ui\\toggle.tsx": {"path":"D:\\STUDY\\Lofy\\Lofy\\components\\ui\\toggle.tsx","statementMap":{"0":{"start":{"line":9,"column":23},"end":{"line":29,"column":1}},"1":{"start":{"line":38,"column":2},"end":{"line":44,"column":4}}},"fnMap":{"0":{"name":"Toggle","decl":{"start":{"line":31,"column":9},"end":{"line":31,"column":15}},"loc":{"start":{"line":37,"column":39},"end":{"line":45,"column":1}},"line":37}},"branchMap":{},"s":{"0":0,"1":0},"f":{"0":0},"b":{}}
,"D:\\STUDY\\Lofy\\Lofy\\components\\ui\\tooltip.tsx": {"path":"D:\\STUDY\\Lofy\\Lofy\\components\\ui\\tooltip.tsx","statementMap":{"0":{"start":{"line":12,"column":2},"end":{"line":18,"column":4}},"1":{"start":{"line":24,"column":2},"end":{"line":28,"column":4}},"2":{"start":{"line":34,"column":2},"end":{"line":34,"column":77}},"3":{"start":{"line":43,"column":2},"end":{"line":58,"column":4}}},"fnMap":{"0":{"name":"TooltipProvider","decl":{"start":{"line":8,"column":9},"end":{"line":8,"column":24}},"loc":{"start":{"line":11,"column":59},"end":{"line":19,"column":1}},"line":11},"1":{"name":"Tooltip","decl":{"start":{"line":21,"column":9},"end":{"line":21,"column":16}},"loc":{"start":{"line":23,"column":55},"end":{"line":29,"column":1}},"line":23},"2":{"name":"TooltipTrigger","decl":{"start":{"line":31,"column":9},"end":{"line":31,"column":23}},"loc":{"start":{"line":33,"column":58},"end":{"line":35,"column":1}},"line":33},"3":{"name":"TooltipContent","decl":{"start":{"line":37,"column":9},"end":{"line":37,"column":23}},"loc":{"start":{"line":42,"column":58},"end":{"line":59,"column":1}},"line":42}},"branchMap":{"0":{"loc":{"start":{"line":9,"column":2},"end":{"line":9,"column":19}},"type":"default-arg","locations":[{"start":{"line":9,"column":18},"end":{"line":9,"column":19}}],"line":9},"1":{"loc":{"start":{"line":39,"column":2},"end":{"line":39,"column":16}},"type":"default-arg","locations":[{"start":{"line":39,"column":15},"end":{"line":39,"column":16}}],"line":39}},"s":{"0":0,"1":0,"2":0,"3":0},"f":{"0":0,"1":0,"2":0,"3":0},"b":{"0":[0],"1":[0]}}
,"D:\\STUDY\\Lofy\\Lofy\\components\\ui\\use-mobile.ts": {"path":"D:\\STUDY\\Lofy\\Lofy\\components\\ui\\use-mobile.ts","statementMap":{"0":{"start":{"line":3,"column":26},"end":{"line":3,"column":29}},"1":{"start":{"line":6,"column":34},"end":{"line":8,"column":3}},"2":{"start":{"line":10,"column":2},"end":{"line":18,"column":9}},"3":{"start":{"line":11,"column":16},"end":{"line":11,"column":76}},"4":{"start":{"line":12,"column":21},"end":{"line":14,"column":5}},"5":{"start":{"line":13,"column":6},"end":{"line":13,"column":57}},"6":{"start":{"line":15,"column":4},"end":{"line":15,"column":45}},"7":{"start":{"line":16,"column":4},"end":{"line":16,"column":55}},"8":{"start":{"line":17,"column":4},"end":{"line":17,"column":61}},"9":{"start":{"line":17,"column":17},"end":{"line":17,"column":60}},"10":{"start":{"line":20,"column":2},"end":{"line":20,"column":20}}},"fnMap":{"0":{"name":"useIsMobile","decl":{"start":{"line":5,"column":16},"end":{"line":5,"column":27}},"loc":{"start":{"line":5,"column":30},"end":{"line":21,"column":1}},"line":5},"1":{"name":"(anonymous_1)","decl":{"start":{"line":10,"column":18},"end":{"line":10,"column":19}},"loc":{"start":{"line":10,"column":24},"end":{"line":18,"column":3}},"line":10},"2":{"name":"(anonymous_2)","decl":{"start":{"line":12,"column":21},"end":{"line":12,"column":22}},"loc":{"start":{"line":12,"column":27},"end":{"line":14,"column":5}},"line":12},"3":{"name":"(anonymous_3)","decl":{"start":{"line":17,"column":11},"end":{"line":17,"column":12}},"loc":{"start":{"line":17,"column":17},"end":{"line":17,"column":60}},"line":17}},"branchMap":{},"s":{"0":0,"1":0,"2":0,"3":0,"4":0,"5":0,"6":0,"7":0,"8":0,"9":0,"10":0},"f":{"0":0,"1":0,"2":0,"3":0},"b":{}}
,"D:\\STUDY\\Lofy\\Lofy\\components\\ui\\utils.ts": {"path":"D:\\STUDY\\Lofy\\Lofy\\components\\ui\\utils.ts","statementMap":{"0":{"start":{"line":5,"column":2},"end":{"line":5,"column":31}}},"fnMap":{"0":{"name":"cn","decl":{"start":{"line":4,"column":16},"end":{"line":4,"column":18}},"loc":{"start":{"line":4,"column":44},"end":{"line":6,"column":1}},"line":4}},"branchMap":{},"s":{"0":0},"f":{"0":0},"b":{}}
,"D:\\STUDY\\Lofy\\Lofy\\styles\\theme.ts": {"path":"D:\\STUDY\\Lofy\\Lofy\\styles\\theme.ts","statementMap":{"0":{"start":{"line":2,"column":27},"end":{"line":25,"column":1}},"1":{"start":{"line":27,"column":27},"end":{"line":32,"column":1}},"2":{"start":{"line":34,"column":26},"end":{"line":39,"column":1}},"3":{"start":{"line":41,"column":27},"end":{"line":55,"column":1}}},"fnMap":{},"branchMap":{},"s":{"0":0,"1":0,"2":0,"3":0},"f":{},"b":{}}
}
